Using pre-set license
Built from '2021.3/evg/staging/82bb020e-b03b1330/draft-0' branch; Version is '2021.3.16f1 (4016570cf34f) revision 4200023'; Using compiler version '192829333'; Build Type 'Release'
OS: 'Windows 10  (10.0.19045) 64bit Education' Language: 'ko' Physical Memory: 32685 MB
BatchMode: 1, IsHumanControllingUs: 0, StartBugReporterOnCrash: 0, Is64bit: 1, IsPro: 1

COMMAND LINE ARGUMENTS:
C:\Program Files\Unity\2021.3.16f1\Editor\Unity.exe
-adb2
-batchMode
-noUpm
-name
AssetImportWorker15
-projectPath
C:/Users/Administrator/Swordsman-And-Shooters/Swordsman And Shooters
-logFile
Logs/AssetImportWorker15.log
-srvPort
6355
Successfully changed project path to: C:/Users/Administrator/Swordsman-And-Shooters/Swordsman And Shooters
C:/Users/Administrator/Swordsman-And-Shooters/Swordsman And Shooters
[UnityMemory] Configuration Parameters - Can be set up in boot.config
    "memorysetup-bucket-allocator-granularity=16"
    "memorysetup-bucket-allocator-bucket-count=8"
    "memorysetup-bucket-allocator-block-size=33554432"
    "memorysetup-bucket-allocator-block-count=8"
    "memorysetup-main-allocator-block-size=16777216"
    "memorysetup-thread-allocator-block-size=16777216"
    "memorysetup-gfx-main-allocator-block-size=16777216"
    "memorysetup-gfx-thread-allocator-block-size=16777216"
    "memorysetup-cache-allocator-block-size=4194304"
    "memorysetup-typetree-allocator-block-size=2097152"
    "memorysetup-profiler-bucket-allocator-granularity=16"
    "memorysetup-profiler-bucket-allocator-bucket-count=8"
    "memorysetup-profiler-bucket-allocator-block-size=33554432"
    "memorysetup-profiler-bucket-allocator-block-count=8"
    "memorysetup-profiler-allocator-block-size=16777216"
    "memorysetup-profiler-editor-allocator-block-size=1048576"
    "memorysetup-temp-allocator-size-main=16777216"
    "memorysetup-job-temp-allocator-block-size=2097152"
    "memorysetup-job-temp-allocator-block-size-background=1048576"
    "memorysetup-job-temp-allocator-reduction-small-platforms=262144"
    "memorysetup-temp-allocator-size-background-worker=32768"
    "memorysetup-temp-allocator-size-job-worker=262144"
    "memorysetup-temp-allocator-size-preload-manager=33554432"
    "memorysetup-temp-allocator-size-nav-mesh-worker=65536"
    "memorysetup-temp-allocator-size-audio-worker=65536"
    "memorysetup-temp-allocator-size-cloud-worker=32768"
    "memorysetup-temp-allocator-size-gi-baking-worker=262144"
    "memorysetup-temp-allocator-size-gfx=262144"
Player connection [31732] Host "[IP] 223.194.45.60 [Port] 0 [Flags] 2 [Guid] 995964425 [EditorId] 995964425 [Version] 1048832 [Id] WindowsEditor(7,DESKTOP-GI9T3HQ) [Debug] 1 [PackageName] WindowsEditor [ProjectName] Editor" joined multi-casting on [225.0.0.222:54997]...

Player connection [31732] Host "[IP] 223.194.45.60 [Port] 0 [Flags] 2 [Guid] 995964425 [EditorId] 995964425 [Version] 1048832 [Id] WindowsEditor(7,DESKTOP-GI9T3HQ) [Debug] 1 [PackageName] WindowsEditor [ProjectName] Editor" joined alternative multi-casting on [225.0.0.222:34997]...

mdb reader table full -> cleaning up stale readers. Current readers:
    pid     thread     txnid
     25112 4ed8 -
     25112 662c -
     25112 613c -
     25112 69b4 -
     25112 58c0 -
     25112 5958 -
     25112 7bb8 -
     25112 6e20 -
     25112 9f0 -
     25112 3f10 -
     25112 4f90 -
     25112 4a54 -
     25112 20c0 -
     25112 5030 -
     25112 7f94 -
     25112 24f4 -
     25112 8fcc -
     25112 4ef4 -
     25112 7008 -
     25112 1ecc -
     25112 3040 -
     25112 2e8c -
     25112 779c -
     25112 39b8 -
     25112 4e88 -
     25112 1e94 -
     25112 c88 -
     25112 7ef4 -
     25112 41d4 -
     25112 98f0 -
     25112 2da0 -
     25112 823c -
     25112 4c48 -
     25112 67dc -
     25112 1d20 -
     25112 4484 -
     25112 6e38 -
     25112 6b74 -
     25112 72fc -
     25112 608 -
     25112 98d8 -
     25112 7840 -
     25112 5888 -
     25112 2b88 -
     25112 98a8 -
     25112 5e88 -
     25112 7d08 -
     25112 6fd4 -
     25112 8134 -
     25112 9220 -
     25112 4430 -
     25112 5a2c -
     25112 7d00 -
     25112 6eb8 -
     25112 55cc -
     25112 55dc -
     25112 880c -
     25112 7c90 -
     25112 2598 -
     25112 5e38 -
     25112 3fd8 -
     25112 5d9c -
     25112 2554 -
     25112 367c -
     25112 21e0 -
     25112 78a0 -
     25112 70b4 -
     25112 8098 -
     25112 13a4 -
     25112 9868 -
     25112 83b8 -
     25112 7b9c -
     25112 83a4 -
     25112 2408 -
     25112 c54 -
     25112 7cc4 -
     25112 4b40 -
     25112 5c78 -
     25112 76c8 -
     25112 34c8 -
     25112 4ea0 -
     25112 2fc4 -
     25112 98f4 -
     25112 566c -
     25112 7868 -
     25112 2694 -
     25112 8528 -
     25112 d18 -
     25112 c30 -
     25112 410c -
     25112 61d8 -
     25112 87f4 -
     25112 4a4c -
     25112 1830 -
     25112 46a4 -
     25112 70c8 -
     25112 45b8 -
     25112 79fc -
     25112 1b30 -
     25112 dcc -
     25112 2aac -
     25112 4fd4 -
     25112 2f1c -
     25112 7310 -
     25112 73ec -
     25112 2f34 -
     25112 313c -
     25112 5ae0 -
     25112 6f78 -
     25112 4ce4 -
     25112 6a24 -
     25112 4df0 -
     25112 7c14 -
     25112 4af4 -
     25112 5ba0 -
     25112 67cc -
     25112 39d0 -
     25112 7cdc -
     25112 55b8 -
     25112 550c -
     25112 2878 -
     25112 1880 -
     25112 8fb4 -
     25112 2c30 -
     25112 28e8 -
     25112 3b48 -
Cleaned out 0 stale readers
mdb reader table full -> cleaning up stale readers. Current readers:
    pid     thread     txnid
     25112 4ed8 -
     25112 662c -
     25112 613c -
     25112 69b4 -
     25112 58c0 -
     25112 5958 -
     25112 7bb8 -
     25112 6e20 -
     25112 9f0 -
     25112 3f10 -
     25112 4f90 -
     25112 4a54 -
     25112 20c0 -
     25112 5030 -
     25112 7f94 -
     25112 24f4 -
     25112 8fcc -
     25112 4ef4 -
     25112 7008 -
     25112 1ecc -
     25112 3040 -
     25112 2e8c -
     25112 779c -
     25112 39b8 -
     25112 4e88 -
     25112 1e94 -
     25112 c88 -
     25112 7ef4 -
     25112 41d4 -
     25112 98f0 -
     25112 2da0 -
     25112 823c -
     25112 4c48 -
     25112 67dc -
     25112 1d20 -
     25112 4484 -
     25112 6e38 -
     25112 6b74 -
     25112 72fc -
     25112 608 -
     25112 98d8 -
     25112 7840 -
     25112 5888 -
     25112 2b88 -
     25112 98a8 -
     25112 5e88 -
     25112 7d08 -
     25112 6fd4 -
     25112 8134 -
     25112 9220 -
     25112 4430 -
     25112 5a2c -
     25112 7d00 -
     25112 6eb8 -
     25112 55cc -
     25112 55dc -
     25112 880c -
     25112 7c90 -
     25112 2598 -
     25112 5e38 -
     25112 3fd8 -
     25112 5d9c -
     25112 2554 -
     25112 367c -
     25112 21e0 -
     25112 78a0 -
     25112 70b4 -
     25112 8098 -
     25112 13a4 -
     25112 9868 -
     25112 83b8 -
     25112 7b9c -
     25112 83a4 -
     25112 2408 -
     25112 c54 -
     25112 7cc4 -
     25112 4b40 -
     25112 5c78 -
     25112 76c8 -
     25112 34c8 -
     25112 4ea0 -
     25112 2fc4 -
     25112 98f4 -
     25112 566c -
     25112 7868 -
     25112 2694 -
     25112 8528 -
     25112 d18 -
     25112 c30 -
     25112 410c -
     25112 61d8 -
     25112 87f4 -
     25112 4a4c -
     25112 1830 -
     25112 46a4 -
     25112 70c8 -
     25112 45b8 -
     25112 79fc -
     25112 1b30 -
     25112 dcc -
     25112 2aac -
     25112 4fd4 -
     25112 2f1c -
     25112 7310 -
     25112 73ec -
     25112 2f34 -
     25112 313c -
     25112 5ae0 -
     25112 6f78 -
     25112 4ce4 -
     25112 6a24 -
     25112 4df0 -
     25112 7c14 -
     25112 4af4 -
     25112 5ba0 -
     25112 67cc -
     25112 39d0 -
     25112 7cdc -
     25112 55b8 -
     25112 550c -
     25112 2878 -
     25112 1880 -
     25112 8fb4 -
     25112 2c30 -
     25112 28e8 -
     25112 3b48 -
Cleaned out 0 stale readers
mdb reader table full -> cleaning up stale readers. Current readers:
    pid     thread     txnid
     25112 4ed8 -
     25112 662c -
     25112 613c -
     25112 69b4 -
     25112 58c0 -
     25112 5958 -
     25112 7bb8 -
     25112 6e20 -
     25112 9f0 -
     25112 3f10 -
     25112 4f90 -
     25112 4a54 -
     25112 20c0 -
     25112 5030 -
     25112 7f94 -
     25112 24f4 -
     25112 8fcc -
     25112 4ef4 -
     25112 7008 -
     25112 1ecc -
     25112 3040 -
     25112 2e8c -
     25112 779c -
     25112 39b8 -
     25112 4e88 -
     25112 1e94 -
     25112 c88 -
     25112 7ef4 -
     25112 41d4 -
     25112 98f0 -
     25112 2da0 -
     25112 823c -
     25112 4c48 -
     25112 67dc -
     25112 1d20 -
     25112 4484 -
     25112 6e38 -
     25112 6b74 -
     25112 72fc -
     25112 608 -
     25112 98d8 -
     25112 7840 -
     25112 5888 -
     25112 2b88 -
     25112 98a8 -
     25112 5e88 -
     25112 7d08 -
     25112 6fd4 -
     25112 8134 -
     25112 9220 -
     25112 4430 -
     25112 5a2c -
     25112 7d00 -
     25112 6eb8 -
     25112 55cc -
     25112 55dc -
     25112 880c -
     25112 7c90 -
     25112 2598 -
     25112 5e38 -
     25112 3fd8 -
     25112 5d9c -
     25112 2554 -
     25112 367c -
     25112 21e0 -
     25112 78a0 -
     25112 70b4 -
     25112 8098 -
     25112 13a4 -
     25112 9868 -
     25112 83b8 -
     25112 7b9c -
     25112 83a4 -
     25112 2408 -
     25112 c54 -
     25112 7cc4 -
     25112 4b40 -
     25112 5c78 -
     25112 76c8 -
     25112 34c8 -
     25112 4ea0 -
     25112 2fc4 -
     25112 98f4 -
     25112 566c -
     25112 7868 -
     25112 2694 -
     25112 8528 -
     25112 d18 -
     25112 c30 -
     25112 410c -
     25112 61d8 -
     25112 87f4 -
     25112 4a4c -
     25112 1830 -
     25112 46a4 -
     25112 70c8 -
     25112 45b8 -
     25112 79fc -
     25112 1b30 -
     25112 dcc -
     25112 2aac -
     25112 4fd4 -
     25112 2f1c -
     25112 7310 -
     25112 73ec -
     25112 2f34 -
     25112 313c -
     25112 5ae0 -
     25112 6f78 -
     25112 4ce4 -
     25112 6a24 -
     25112 4df0 -
     25112 7c14 -
     25112 4af4 -
     25112 5ba0 -
     25112 67cc -
     25112 39d0 -
     25112 7cdc -
     25112 55b8 -
     25112 550c -
     25112 2878 -
     25112 1880 -
     25112 8fb4 -
     25112 2c30 -
     25112 28e8 -
     25112 3b48 -
Cleaned out 0 stale readers
mdb reader table full -> cleaning up stale readers. Current readers:
    pid     thread     txnid
     25112 4ed8 -
     25112 662c -
     25112 613c -
     25112 69b4 -
     25112 58c0 -
     25112 5958 -
     25112 7bb8 -
     25112 6e20 -
     25112 9f0 -
     25112 3f10 -
     25112 4f90 -
     25112 4a54 -
     25112 20c0 -
     25112 5030 -
     25112 7f94 -
     25112 24f4 -
     25112 8fcc -
     25112 4ef4 -
     25112 7008 -
     25112 1ecc -
     25112 3040 -
     25112 2e8c -
     25112 779c -
     25112 39b8 -
     25112 4e88 -
     25112 1e94 -
     25112 c88 -
     25112 7ef4 -
     25112 41d4 -
     25112 98f0 -
     25112 2da0 -
     25112 823c -
     25112 4c48 -
     25112 67dc -
     25112 1d20 -
     25112 4484 -
     25112 6e38 -
     25112 6b74 -
     25112 72fc -
     25112 608 -
     25112 98d8 -
     25112 7840 -
     25112 5888 -
     25112 2b88 -
     25112 98a8 -
     25112 5e88 -
     25112 7d08 -
     25112 6fd4 -
     25112 8134 -
     25112 9220 -
     25112 4430 -
     25112 5a2c -
     25112 7d00 -
     25112 6eb8 -
     25112 55cc -
     25112 55dc -
     25112 880c -
     25112 7c90 -
     25112 2598 -
     25112 5e38 -
     25112 3fd8 -
     25112 5d9c -
     25112 2554 -
     25112 367c -
     25112 21e0 -
     25112 78a0 -
     25112 70b4 -
     25112 8098 -
     25112 13a4 -
     25112 9868 -
     25112 83b8 -
     25112 7b9c -
     25112 83a4 -
     25112 2408 -
     25112 c54 -
     25112 7cc4 -
     25112 4b40 -
     25112 5c78 -
     25112 76c8 -
     25112 34c8 -
     25112 4ea0 -
     25112 2fc4 -
     25112 98f4 -
     25112 566c -
     25112 7868 -
     25112 2694 -
     25112 8528 -
     25112 d18 -
     25112 c30 -
     25112 410c -
     25112 61d8 -
     25112 87f4 -
     25112 4a4c -
     25112 1830 -
     25112 46a4 -
     25112 70c8 -
     25112 45b8 -
     25112 79fc -
     25112 1b30 -
     25112 dcc -
     25112 2aac -
     25112 4fd4 -
     25112 2f1c -
     25112 7310 -
     25112 73ec -
     25112 2f34 -
     25112 313c -
     25112 5ae0 -
     25112 6f78 -
     25112 4ce4 -
     25112 6a24 -
     25112 4df0 -
     25112 7c14 -
     25112 4af4 -
     25112 5ba0 -
     25112 67cc -
     25112 39d0 -
     25112 7cdc -
     25112 55b8 -
     25112 550c -
     25112 2878 -
     25112 1880 -
     25112 8fb4 -
     25112 2c30 -
     25112 28e8 -
     25112 3b48 -
Cleaned out 0 stale readers
mdb reader table full -> cleaning up stale readers. Current readers:
    pid     thread     txnid
     25112 4ed8 -
     25112 662c -
     25112 613c -
     25112 69b4 -
     25112 58c0 -
     25112 5958 -
     25112 7bb8 -
     25112 6e20 -
     25112 9f0 -
     25112 3f10 -
     25112 4f90 -
     25112 4a54 -
     25112 20c0 -
     25112 5030 -
     25112 7f94 -
     25112 24f4 -
     25112 8fcc -
     25112 4ef4 -
     25112 7008 -
     25112 1ecc -
     25112 3040 -
     25112 2e8c -
     25112 779c -
     25112 39b8 -
     25112 4e88 -
     25112 1e94 -
     25112 c88 -
     25112 7ef4 -
     25112 41d4 -
     25112 98f0 -
     25112 2da0 -
     25112 823c -
     25112 4c48 -
     25112 67dc -
     25112 1d20 -
     25112 4484 -
     25112 6e38 -
     25112 6b74 -
     25112 72fc -
     25112 608 -
     25112 98d8 -
     25112 7840 -
     25112 5888 -
     25112 2b88 -
     25112 98a8 -
     25112 5e88 -
     25112 7d08 -
     25112 6fd4 -
     25112 8134 -
     25112 9220 -
     25112 4430 -
     25112 5a2c -
     25112 7d00 -
     25112 6eb8 -
     25112 55cc -
     25112 55dc -
     25112 880c -
     25112 7c90 -
     25112 2598 -
     25112 5e38 -
     25112 3fd8 -
     25112 5d9c -
     25112 2554 -
     25112 367c -
     25112 21e0 -
     25112 78a0 -
     25112 70b4 -
     25112 8098 -
     25112 13a4 -
     25112 9868 -
     25112 83b8 -
     25112 7b9c -
     25112 83a4 -
     25112 2408 -
     25112 c54 -
     25112 7cc4 -
     25112 4b40 -
     25112 5c78 -
     25112 76c8 -
     25112 34c8 -
     25112 4ea0 -
     25112 2fc4 -
     25112 98f4 -
     25112 566c -
     25112 7868 -
     25112 2694 -
     25112 8528 -
     25112 d18 -
     25112 c30 -
     25112 410c -
     25112 61d8 -
     25112 87f4 -
     25112 4a4c -
     25112 1830 -
     25112 46a4 -
     25112 70c8 -
     25112 45b8 -
     25112 79fc -
     25112 1b30 -
     25112 dcc -
     25112 2aac -
     25112 4fd4 -
     25112 2f1c -
     25112 7310 -
     25112 73ec -
     25112 2f34 -
     25112 313c -
     25112 5ae0 -
     25112 6f78 -
     25112 4ce4 -
     25112 6a24 -
     25112 4df0 -
     25112 7c14 -
     25112 4af4 -
     25112 5ba0 -
     25112 67cc -
     25112 39d0 -
     25112 7cdc -
     25112 55b8 -
     25112 550c -
     25112 2878 -
     25112 1880 -
     25112 8fb4 -
     25112 2c30 -
     25112 28e8 -
     25112 3b48 -
Cleaned out 0 stale readers
mdb reader table full -> cleaning up stale readers. Current readers:
    pid     thread     txnid
     25112 4ed8 -
     25112 662c -
     25112 613c -
     25112 69b4 -
     25112 58c0 -
     25112 5958 -
     25112 7bb8 -
     25112 6e20 -
     25112 9f0 -
     25112 3f10 -
     25112 4f90 -
     25112 4a54 -
     25112 20c0 -
     25112 5030 -
     25112 7f94 -
     25112 24f4 -
     25112 8fcc -
     25112 4ef4 -
     25112 7008 -
     25112 1ecc -
     25112 3040 -
     25112 2e8c -
     25112 779c -
     25112 39b8 -
     25112 4e88 -
     25112 1e94 -
     25112 c88 -
     25112 7ef4 -
     25112 41d4 -
     25112 98f0 -
     25112 2da0 -
     25112 823c -
     25112 4c48 -
     25112 67dc -
     25112 1d20 -
     25112 4484 -
     25112 6e38 -
     25112 6b74 -
     25112 72fc -
     25112 608 -
     25112 98d8 -
     25112 7840 -
     25112 5888 -
     25112 2b88 -
     25112 98a8 -
     25112 5e88 -
     25112 7d08 -
     25112 6fd4 -
     25112 8134 -
     25112 9220 -
     25112 4430 -
     25112 5a2c -
     25112 7d00 -
     25112 6eb8 -
     25112 55cc -
     25112 55dc -
     25112 880c -
     25112 7c90 -
     25112 2598 -
     25112 5e38 -
     25112 3fd8 -
     25112 5d9c -
     25112 2554 -
     25112 367c -
     25112 21e0 -
     25112 78a0 -
     25112 70b4 -
     25112 8098 -
     25112 13a4 -
     25112 9868 -
     25112 83b8 -
     25112 7b9c -
     25112 83a4 -
     25112 2408 -
     25112 c54 -
     25112 7cc4 -
     25112 4b40 -
     25112 5c78 -
     25112 76c8 -
     25112 34c8 -
     25112 4ea0 -
     25112 2fc4 -
     25112 98f4 -
     25112 566c -
     25112 7868 -
     25112 2694 -
     25112 8528 -
     25112 d18 -
     25112 c30 -
     25112 410c -
     25112 61d8 -
     25112 87f4 -
     25112 4a4c -
     25112 1830 -
     25112 46a4 -
     25112 70c8 -
     25112 45b8 -
     25112 79fc -
     25112 1b30 -
     25112 dcc -
     25112 2aac -
     25112 4fd4 -
     25112 2f1c -
     25112 7310 -
     25112 73ec -
     25112 2f34 -
     25112 313c -
     25112 5ae0 -
     25112 6f78 -
     25112 4ce4 -
     25112 6a24 -
     25112 4df0 -
     25112 7c14 -
     25112 4af4 -
     25112 5ba0 -
     25112 67cc -
     25112 39d0 -
     25112 7cdc -
     25112 55b8 -
     25112 550c -
     25112 2878 -
     25112 1880 -
     25112 8fb4 -
     25112 2c30 -
     25112 28e8 -
     25112 3b48 -
Cleaned out 0 stale readers
Cannot open transaction. Error -30790 (aborting errors true)
Asset database transaction committed twice!
Assertion failed on expression: 'errors == MDB_SUCCESS || errors == MDB_NOTFOUND'
mdb reader table full -> cleaning up stale readers. Current readers:
    pid     thread     txnid
     25112 4ed8 -
     25112 662c -
     25112 613c -
     25112 69b4 -
     25112 58c0 -
     25112 5958 -
     25112 7bb8 -
     25112 6e20 -
     25112 9f0 -
     25112 3f10 -
     25112 4f90 -
     25112 4a54 -
     25112 20c0 -
     25112 5030 -
     25112 7f94 -
     25112 24f4 -
     25112 8fcc -
     25112 4ef4 -
     25112 7008 -
     25112 1ecc -
     25112 3040 -
     25112 2e8c -
     25112 779c -
     25112 39b8 -
     25112 4e88 -
     25112 1e94 -
     25112 c88 -
     25112 7ef4 -
     25112 41d4 -
     25112 98f0 -
     25112 2da0 -
     25112 823c -
     25112 4c48 -
     25112 67dc -
     25112 1d20 -
     25112 4484 -
     25112 6e38 -
     25112 6b74 -
     25112 72fc -
     25112 608 -
     25112 98d8 -
     25112 7840 -
     25112 5888 -
     25112 2b88 -
     25112 98a8 -
     25112 5e88 -
     25112 7d08 -
     25112 6fd4 -
     25112 8134 -
     25112 9220 -
     25112 4430 -
     25112 5a2c -
     25112 7d00 -
     25112 6eb8 -
     25112 55cc -
     25112 55dc -
     25112 880c -
     25112 7c90 -
     25112 2598 -
     25112 5e38 -
     25112 3fd8 -
     25112 5d9c -
     25112 2554 -
     25112 367c -
     25112 21e0 -
     25112 78a0 -
     25112 70b4 -
     25112 8098 -
     25112 13a4 -
     25112 9868 -
     25112 83b8 -
     25112 7b9c -
     25112 83a4 -
     25112 2408 -
     25112 c54 -
     25112 7cc4 -
     25112 4b40 -
     25112 5c78 -
     25112 76c8 -
     25112 34c8 -
     25112 4ea0 -
     25112 2fc4 -
     25112 98f4 -
     25112 566c -
     25112 7868 -
     25112 2694 -
     25112 8528 -
     25112 d18 -
     25112 c30 -
     25112 410c -
     25112 61d8 -
     25112 87f4 -
     25112 4a4c -
     25112 1830 -
     25112 46a4 -
     25112 70c8 -
     25112 45b8 -
     25112 79fc -
     25112 1b30 -
     25112 dcc -
     25112 2aac -
     25112 4fd4 -
     25112 2f1c -
     25112 7310 -
     25112 73ec -
     25112 2f34 -
     25112 313c -
     25112 5ae0 -
     25112 6f78 -
     25112 4ce4 -
     25112 6a24 -
     25112 4df0 -
     25112 7c14 -
     25112 4af4 -
     25112 5ba0 -
     25112 67cc -
     25112 39d0 -
     25112 7cdc -
     25112 55b8 -
     25112 550c -
     25112 2878 -
     25112 1880 -
     25112 8fb4 -
     25112 2c30 -
     25112 28e8 -
     25112 3b48 -
Cleaned out 0 stale readers
mdb reader table full -> cleaning up stale readers. Current readers:
    pid     thread     txnid
     25112 4ed8 -
     25112 662c -
     25112 613c -
     25112 69b4 -
     25112 58c0 -
     25112 5958 -
     25112 7bb8 -
     25112 6e20 -
     25112 9f0 -
     25112 3f10 -
     25112 4f90 -
     25112 4a54 -
     25112 20c0 -
     25112 5030 -
     25112 7f94 -
     25112 24f4 -
     25112 8fcc -
     25112 4ef4 -
     25112 7008 -
     25112 1ecc -
     25112 3040 -
     25112 2e8c -
     25112 779c -
     25112 39b8 -
     25112 4e88 -
     25112 1e94 -
     25112 c88 -
     25112 7ef4 -
     25112 41d4 -
     25112 98f0 -
     25112 2da0 -
     25112 823c -
     25112 4c48 -
     25112 67dc -
     25112 1d20 -
     25112 4484 -
     25112 6e38 -
     25112 6b74 -
     25112 72fc -
     25112 608 -
     25112 98d8 -
     25112 7840 -
     25112 5888 -
     25112 2b88 -
     25112 98a8 -
     25112 5e88 -
     25112 7d08 -
     25112 6fd4 -
     25112 8134 -
     25112 9220 -
     25112 4430 -
     25112 5a2c -
     25112 7d00 -
     25112 6eb8 -
     25112 55cc -
     25112 55dc -
     25112 880c -
     25112 7c90 -
     25112 2598 -
     25112 5e38 -
     25112 3fd8 -
     25112 5d9c -
     25112 2554 -
     25112 367c -
     25112 21e0 -
     25112 78a0 -
     25112 70b4 -
     25112 8098 -
     25112 13a4 -
     25112 9868 -
     25112 83b8 -
     25112 7b9c -
     25112 83a4 -
     25112 2408 -
     25112 c54 -
     25112 7cc4 -
     25112 4b40 -
     25112 5c78 -
     25112 76c8 -
     25112 34c8 -
     25112 4ea0 -
     25112 2fc4 -
     25112 98f4 -
     25112 566c -
     25112 7868 -
     25112 2694 -
     25112 8528 -
     25112 d18 -
     25112 c30 -
     25112 410c -
     25112 61d8 -
     25112 87f4 -
     25112 4a4c -
     25112 1830 -
     25112 46a4 -
     25112 70c8 -
     25112 45b8 -
     25112 79fc -
     25112 1b30 -
     25112 dcc -
     25112 2aac -
     25112 4fd4 -
     25112 2f1c -
     25112 7310 -
     25112 73ec -
     25112 2f34 -
     25112 313c -
     25112 5ae0 -
     25112 6f78 -
     25112 4ce4 -
     25112 6a24 -
     25112 4df0 -
     25112 7c14 -
     25112 4af4 -
     25112 5ba0 -
     25112 67cc -
     25112 39d0 -
     25112 7cdc -
     25112 55b8 -
     25112 550c -
     25112 2878 -
     25112 1880 -
     25112 8fb4 -
     25112 2c30 -
     25112 28e8 -
     25112 3b48 -
Cleaned out 0 stale readers
mdb reader table full -> cleaning up stale readers. Current readers:
    pid     thread     txnid
     25112 4ed8 -
     25112 662c -
     25112 613c -
     25112 69b4 -
     25112 58c0 -
     25112 5958 -
     25112 7bb8 -
     25112 6e20 -
     25112 9f0 -
     25112 3f10 -
     25112 4f90 -
     25112 4a54 -
     25112 20c0 -
     25112 5030 -
     25112 7f94 -
     25112 24f4 -
     25112 8fcc -
     25112 4ef4 -
     25112 7008 -
     25112 1ecc -
     25112 3040 -
     25112 2e8c -
     25112 779c -
     25112 39b8 -
     25112 4e88 -
     25112 1e94 -
     25112 c88 -
     25112 7ef4 -
     25112 41d4 -
     25112 98f0 -
     25112 2da0 -
     25112 823c -
     25112 4c48 -
     25112 67dc -
     25112 1d20 -
     25112 4484 -
     25112 6e38 -
     25112 6b74 -
     25112 72fc -
     25112 608 -
     25112 98d8 -
     25112 7840 -
     25112 5888 -
     25112 2b88 -
     25112 98a8 -
     25112 5e88 -
     25112 7d08 -
     25112 6fd4 -
     25112 8134 -
     25112 9220 -
     25112 4430 -
     25112 5a2c -
     25112 7d00 -
     25112 6eb8 -
     25112 55cc -
     25112 55dc -
     25112 880c -
     25112 7c90 -
     25112 2598 -
     25112 5e38 -
     25112 3fd8 -
     25112 5d9c -
     25112 2554 -
     25112 367c -
     25112 21e0 -
     25112 78a0 -
     25112 70b4 -
     25112 8098 -
     25112 13a4 -
     25112 9868 -
     25112 83b8 -
     25112 7b9c -
     25112 83a4 -
     25112 2408 -
     25112 c54 -
     25112 7cc4 -
     25112 4b40 -
     25112 5c78 -
     25112 76c8 -
     25112 34c8 -
     25112 4ea0 -
     25112 2fc4 -
     25112 98f4 -
     25112 566c -
     25112 7868 -
     25112 2694 -
     25112 8528 -
     25112 d18 -
     25112 c30 -
     25112 410c -
     25112 61d8 -
     25112 87f4 -
     25112 4a4c -
     25112 1830 -
     25112 46a4 -
     25112 70c8 -
     25112 45b8 -
     25112 79fc -
     25112 1b30 -
     25112 dcc -
     25112 2aac -
     25112 4fd4 -
     25112 2f1c -
     25112 7310 -
     25112 73ec -
     25112 2f34 -
     25112 313c -
     25112 5ae0 -
     25112 6f78 -
     25112 4ce4 -
     25112 6a24 -
     25112 4df0 -
     25112 7c14 -
     25112 4af4 -
     25112 5ba0 -
     25112 67cc -
     25112 39d0 -
     25112 7cdc -
     25112 55b8 -
     25112 550c -
     25112 2878 -
     25112 1880 -
     25112 8fb4 -
     25112 2c30 -
     25112 28e8 -
     25112 3b48 -
Cleaned out 0 stale readers
mdb reader table full -> cleaning up stale readers. Current readers:
    pid     thread     txnid
     25112 4ed8 -
     25112 662c -
     25112 613c -
     25112 69b4 -
     25112 58c0 -
     25112 5958 -
     25112 7bb8 -
     25112 6e20 -
     25112 9f0 -
     25112 3f10 -
     25112 4f90 -
     25112 4a54 -
     25112 20c0 -
     25112 5030 -
     25112 7f94 -
     25112 24f4 -
     25112 8fcc -
     25112 4ef4 -
     25112 7008 -
     25112 1ecc -
     25112 3040 -
     25112 2e8c -
     25112 779c -
     25112 39b8 -
     25112 4e88 -
     25112 1e94 -
     25112 c88 -
     25112 7ef4 -
     25112 41d4 -
     25112 98f0 -
     25112 2da0 -
     25112 823c -
     25112 4c48 -
     25112 67dc -
     25112 1d20 -
     25112 4484 -
     25112 6e38 -
     25112 6b74 -
     25112 72fc -
     25112 608 -
     25112 98d8 -
     25112 7840 -
     25112 5888 -
     25112 2b88 -
     25112 98a8 -
     25112 5e88 -
     25112 7d08 -
     25112 6fd4 -
     25112 8134 -
     25112 9220 -
     25112 4430 -
     25112 5a2c -
     25112 7d00 -
     25112 6eb8 -
     25112 55cc -
     25112 55dc -
     25112 880c -
     25112 7c90 -
     25112 2598 -
     25112 5e38 -
     25112 3fd8 -
     25112 5d9c -
     25112 2554 -
     25112 367c -
     25112 21e0 -
     25112 78a0 -
     25112 70b4 -
     25112 8098 -
     25112 13a4 -
     25112 9868 -
     25112 83b8 -
     25112 7b9c -
     25112 83a4 -
     25112 2408 -
     25112 c54 -
     25112 7cc4 -
     25112 4b40 -
     25112 5c78 -
     25112 76c8 -
     25112 34c8 -
     25112 4ea0 -
     25112 2fc4 -
     25112 98f4 -
     25112 566c -
     25112 7868 -
     25112 2694 -
     25112 8528 -
     25112 d18 -
     25112 c30 -
     25112 410c -
     25112 61d8 -
     25112 87f4 -
     25112 4a4c -
     25112 1830 -
     25112 46a4 -
     25112 70c8 -
     25112 45b8 -
     25112 79fc -
     25112 1b30 -
     25112 dcc -
     25112 2aac -
     25112 4fd4 -
     25112 2f1c -
     25112 7310 -
     25112 73ec -
     25112 2f34 -
     25112 313c -
     25112 5ae0 -
     25112 6f78 -
     25112 4ce4 -
     25112 6a24 -
     25112 4df0 -
     25112 7c14 -
     25112 4af4 -
     25112 5ba0 -
     25112 67cc -
     25112 39d0 -
     25112 7cdc -
     25112 55b8 -
     25112 550c -
     25112 2878 -
     25112 1880 -
     25112 8fb4 -
     25112 2c30 -
     25112 28e8 -
     25112 3b48 -
Cleaned out 0 stale readers
mdb reader table full -> cleaning up stale readers. Current readers:
    pid     thread     txnid
     25112 4ed8 -
     25112 662c -
     25112 613c -
     25112 69b4 -
     25112 58c0 -
     25112 5958 -
     25112 7bb8 -
     25112 6e20 -
     25112 9f0 -
     25112 3f10 -
     25112 4f90 -
     25112 4a54 -
     25112 20c0 -
     25112 5030 -
     25112 7f94 -
     25112 24f4 -
     25112 8fcc -
     25112 4ef4 -
     25112 7008 -
     25112 1ecc -
     25112 3040 -
     25112 2e8c -
     25112 779c -
     25112 39b8 -
     25112 4e88 -
     25112 1e94 -
     25112 c88 -
     25112 7ef4 -
     25112 41d4 -
     25112 98f0 -
     25112 2da0 -
     25112 823c -
     25112 4c48 -
     25112 67dc -
     25112 1d20 -
     25112 4484 -
     25112 6e38 -
     25112 6b74 -
     25112 72fc -
     25112 608 -
     25112 98d8 -
     25112 7840 -
     25112 5888 -
     25112 2b88 -
     25112 98a8 -
     25112 5e88 -
     25112 7d08 -
     25112 6fd4 -
     25112 8134 -
     25112 9220 -
     25112 4430 -
     25112 5a2c -
     25112 7d00 -
     25112 6eb8 -
     25112 55cc -
     25112 55dc -
     25112 880c -
     25112 7c90 -
     25112 2598 -
     25112 5e38 -
     25112 3fd8 -
     25112 5d9c -
     25112 2554 -
     25112 367c -
     25112 21e0 -
     25112 78a0 -
     25112 70b4 -
     25112 8098 -
     25112 13a4 -
     25112 9868 -
     25112 83b8 -
     25112 7b9c -
     25112 83a4 -
     25112 2408 -
     25112 c54 -
     25112 7cc4 -
     25112 4b40 -
     25112 5c78 -
     25112 76c8 -
     25112 34c8 -
     25112 4ea0 -
     25112 2fc4 -
     25112 98f4 -
     25112 566c -
     25112 7868 -
     25112 2694 -
     25112 8528 -
     25112 d18 -
     25112 c30 -
     25112 410c -
     25112 61d8 -
     25112 87f4 -
     25112 4a4c -
     25112 1830 -
     25112 46a4 -
     25112 70c8 -
     25112 45b8 -
     25112 79fc -
     25112 1b30 -
     25112 dcc -
     25112 2aac -
     25112 4fd4 -
     25112 2f1c -
     25112 7310 -
     25112 73ec -
     25112 2f34 -
     25112 313c -
     25112 5ae0 -
     25112 6f78 -
     25112 4ce4 -
     25112 6a24 -
     25112 4df0 -
     25112 7c14 -
     25112 4af4 -
     25112 5ba0 -
     25112 67cc -
     25112 39d0 -
     25112 7cdc -
     25112 55b8 -
     25112 550c -
     25112 2878 -
     25112 1880 -
     25112 8fb4 -
     25112 2c30 -
     25112 28e8 -
     25112 3b48 -
Cleaned out 0 stale readers
mdb reader table full -> cleaning up stale readers. Current readers:
    pid     thread     txnid
     25112 4ed8 -
     25112 662c -
     25112 613c -
     25112 69b4 -
     25112 58c0 -
     25112 5958 -
     25112 7bb8 -
     25112 6e20 -
     25112 9f0 -
     25112 3f10 -
     25112 4f90 -
     25112 4a54 -
     25112 20c0 -
     25112 5030 -
     25112 7f94 -
     25112 24f4 -
     25112 8fcc -
     25112 4ef4 -
     25112 7008 -
     25112 1ecc -
     25112 3040 -
     25112 2e8c -
     25112 779c -
     25112 39b8 -
     25112 4e88 -
     25112 1e94 -
     25112 c88 -
     25112 7ef4 -
     25112 41d4 -
     25112 98f0 -
     25112 2da0 -
     25112 823c -
     25112 4c48 -
     25112 67dc -
     25112 1d20 -
     25112 4484 -
     25112 6e38 -
     25112 6b74 -
     25112 72fc -
     25112 608 -
     25112 98d8 -
     25112 7840 -
     25112 5888 -
     25112 2b88 -
     25112 98a8 -
     25112 5e88 -
     25112 7d08 -
     25112 6fd4 -
     25112 8134 -
     25112 9220 -
     25112 4430 -
     25112 5a2c -
     25112 7d00 -
     25112 6eb8 -
     25112 55cc -
     25112 55dc -
     25112 880c -
     25112 7c90 -
     25112 2598 -
     25112 5e38 -
     25112 3fd8 -
     25112 5d9c -
     25112 2554 -
     25112 367c -
     25112 21e0 -
     25112 78a0 -
     25112 70b4 -
     25112 8098 -
     25112 13a4 -
     25112 9868 -
     25112 83b8 -
     25112 7b9c -
     25112 83a4 -
     25112 2408 -
     25112 c54 -
     25112 7cc4 -
     25112 4b40 -
     25112 5c78 -
     25112 76c8 -
     25112 34c8 -
     25112 4ea0 -
     25112 2fc4 -
     25112 98f4 -
     25112 566c -
     25112 7868 -
     25112 2694 -
     25112 8528 -
     25112 d18 -
     25112 c30 -
     25112 410c -
     25112 61d8 -
     25112 87f4 -
     25112 4a4c -
     25112 1830 -
     25112 46a4 -
     25112 70c8 -
     25112 45b8 -
     25112 79fc -
     25112 1b30 -
     25112 dcc -
     25112 2aac -
     25112 4fd4 -
     25112 2f1c -
     25112 7310 -
     25112 73ec -
     25112 2f34 -
     25112 313c -
     25112 5ae0 -
     25112 6f78 -
     25112 4ce4 -
     25112 6a24 -
     25112 4df0 -
     25112 7c14 -
     25112 4af4 -
     25112 5ba0 -
     25112 67cc -
     25112 39d0 -
     25112 7cdc -
     25112 55b8 -
     25112 550c -
     25112 2878 -
     25112 1880 -
     25112 8fb4 -
     25112 2c30 -
     25112 28e8 -
     25112 3b48 -
Cleaned out 0 stale readers
Cannot open transaction. Error -30790 (aborting errors true)
Asset database transaction committed twice!
Assertion failed on expression: 'errors == MDB_SUCCESS || errors == MDB_NOTFOUND'
mdb reader table full -> cleaning up stale readers. Current readers:
    pid     thread     txnid
     25112 4ed8 -
     25112 662c -
     25112 613c -
     25112 69b4 -
     25112 58c0 -
     25112 5958 -
     25112 7bb8 -
     25112 6e20 -
     25112 9f0 -
     25112 3f10 -
     25112 4f90 -
     25112 4a54 -
     25112 20c0 -
     25112 5030 -
     25112 7f94 -
     25112 24f4 -
     25112 8fcc -
     25112 4ef4 -
     25112 7008 -
     25112 1ecc -
     25112 3040 -
     25112 2e8c -
     25112 779c -
     25112 39b8 -
     25112 4e88 -
     25112 1e94 -
     25112 c88 -
     25112 7ef4 -
     25112 41d4 -
     25112 98f0 -
     25112 2da0 -
     25112 823c -
     25112 4c48 -
     25112 67dc -
     25112 1d20 -
     25112 4484 -
     25112 6e38 -
     25112 6b74 -
     25112 72fc -
     25112 608 -
     25112 98d8 -
     25112 7840 -
     25112 5888 -
     25112 2b88 -
     25112 98a8 -
     25112 5e88 -
     25112 7d08 -
     25112 6fd4 -
     25112 8134 -
     25112 9220 -
     25112 4430 -
     25112 5a2c -
     25112 7d00 -
     25112 6eb8 -
     25112 55cc -
     25112 55dc -
     25112 880c -
     25112 7c90 -
     25112 2598 -
     25112 5e38 -
     25112 3fd8 -
     25112 5d9c -
     25112 2554 -
     25112 367c -
     25112 21e0 -
     25112 78a0 -
     25112 70b4 -
     25112 8098 -
     25112 13a4 -
     25112 9868 -
     25112 83b8 -
     25112 7b9c -
     25112 83a4 -
     25112 2408 -
     25112 c54 -
     25112 7cc4 -
     25112 4b40 -
     25112 5c78 -
     25112 76c8 -
     25112 34c8 -
     25112 4ea0 -
     25112 2fc4 -
     25112 98f4 -
     25112 566c -
     25112 7868 -
     25112 2694 -
     25112 8528 -
     25112 d18 -
     25112 c30 -
     25112 410c -
     25112 61d8 -
     25112 87f4 -
     25112 4a4c -
     25112 1830 -
     25112 46a4 -
     25112 70c8 -
     25112 45b8 -
     25112 79fc -
     25112 1b30 -
     25112 dcc -
     25112 2aac -
     25112 4fd4 -
     25112 2f1c -
     25112 7310 -
     25112 73ec -
     25112 2f34 -
     25112 313c -
     25112 5ae0 -
     25112 6f78 -
     25112 4ce4 -
     25112 6a24 -
     25112 4df0 -
     25112 7c14 -
     25112 4af4 -
     25112 5ba0 -
     25112 67cc -
     25112 39d0 -
     25112 7cdc -
     25112 55b8 -
     25112 550c -
     25112 2878 -
     25112 1880 -
     25112 8fb4 -
     25112 2c30 -
     25112 28e8 -
     25112 3b48 -
Cleaned out 0 stale readers
mdb reader table full -> cleaning up stale readers. Current readers:
    pid     thread     txnid
     25112 4ed8 -
     25112 662c -
     25112 613c -
     25112 69b4 -
     25112 58c0 -
     25112 5958 -
     25112 7bb8 -
     25112 6e20 -
     25112 9f0 -
     25112 3f10 -
     25112 4f90 -
     25112 4a54 -
     25112 20c0 -
     25112 5030 -
     25112 7f94 -
     25112 24f4 -
     25112 8fcc -
     25112 4ef4 -
     25112 7008 -
     25112 1ecc -
     25112 3040 -
     25112 2e8c -
     25112 779c -
     25112 39b8 -
     25112 4e88 -
     25112 1e94 -
     25112 c88 -
     25112 7ef4 -
     25112 41d4 -
     25112 98f0 -
     25112 2da0 -
     25112 823c -
     25112 4c48 -
     25112 67dc -
     25112 1d20 -
     25112 4484 -
     25112 6e38 -
     25112 6b74 -
     25112 72fc -
     25112 608 -
     25112 98d8 -
     25112 7840 -
     25112 5888 -
     25112 2b88 -
     25112 98a8 -
     25112 5e88 -
     25112 7d08 -
     25112 6fd4 -
     25112 8134 -
     25112 9220 -
     25112 4430 -
     25112 5a2c -
     25112 7d00 -
     25112 6eb8 -
     25112 55cc -
     25112 55dc -
     25112 880c -
     25112 7c90 -
     25112 2598 -
     25112 5e38 -
     25112 3fd8 -
     25112 5d9c -
     25112 2554 -
     25112 367c -
     25112 21e0 -
     25112 78a0 -
     25112 70b4 -
     25112 8098 -
     25112 13a4 -
     25112 9868 -
     25112 83b8 -
     25112 7b9c -
     25112 83a4 -
     25112 2408 -
     25112 c54 -
     25112 7cc4 -
     25112 4b40 -
     25112 5c78 -
     25112 76c8 -
     25112 34c8 -
     25112 4ea0 -
     25112 2fc4 -
     25112 98f4 -
     25112 566c -
     25112 7868 -
     25112 2694 -
     25112 8528 -
     25112 d18 -
     25112 c30 -
     25112 410c -
     25112 61d8 -
     25112 87f4 -
     25112 4a4c -
     25112 1830 -
     25112 46a4 -
     25112 70c8 -
     25112 45b8 -
     25112 79fc -
     25112 1b30 -
     25112 dcc -
     25112 2aac -
     25112 4fd4 -
     25112 2f1c -
     25112 7310 -
     25112 73ec -
     25112 2f34 -
     25112 313c -
     25112 5ae0 -
     25112 6f78 -
     25112 4ce4 -
     25112 6a24 -
     25112 4df0 -
     25112 7c14 -
     25112 4af4 -
     25112 5ba0 -
     25112 67cc -
     25112 39d0 -
     25112 7cdc -
     25112 55b8 -
     25112 550c -
     25112 2878 -
     25112 1880 -
     25112 8fb4 -
     25112 2c30 -
     25112 28e8 -
     25112 3b48 -
Cleaned out 0 stale readers
mdb reader table full -> cleaning up stale readers. Current readers:
    pid     thread     txnid
     25112 4ed8 -
     25112 662c -
     25112 613c -
     25112 69b4 -
     25112 58c0 -
     25112 5958 -
     25112 7bb8 -
     25112 6e20 -
     25112 9f0 -
     25112 3f10 -
     25112 4f90 -
     25112 4a54 -
     25112 20c0 -
     25112 5030 -
     25112 7f94 -
     25112 24f4 -
     25112 8fcc -
     25112 4ef4 -
     25112 7008 -
     25112 1ecc -
     25112 3040 -
     25112 2e8c -
     25112 779c -
     25112 39b8 -
     25112 4e88 -
     25112 1e94 -
     25112 c88 -
     25112 7ef4 -
     25112 41d4 -
     25112 98f0 -
     25112 2da0 -
     25112 823c -
     25112 4c48 -
     25112 67dc -
     25112 1d20 -
     25112 4484 -
     25112 6e38 -
     25112 6b74 -
     25112 72fc -
     25112 608 -
     25112 98d8 -
     25112 7840 -
     25112 5888 -
     25112 2b88 -
     25112 98a8 -
     25112 5e88 -
     25112 7d08 -
     25112 6fd4 -
     25112 8134 -
     25112 9220 -
     25112 4430 -
     25112 5a2c -
     25112 7d00 -
     25112 6eb8 -
     25112 55cc -
     25112 55dc -
     25112 880c -
     25112 7c90 -
     25112 2598 -
     25112 5e38 -
     25112 3fd8 -
     25112 5d9c -
     25112 2554 -
     25112 367c -
     25112 21e0 -
     25112 78a0 -
     25112 70b4 -
     25112 8098 -
     25112 13a4 -
     25112 9868 -
     25112 83b8 -
     25112 7b9c -
     25112 83a4 -
     25112 2408 -
     25112 c54 -
     25112 7cc4 -
     25112 4b40 -
     25112 5c78 -
     25112 76c8 -
     25112 34c8 -
     25112 4ea0 -
     25112 2fc4 -
     25112 98f4 -
     25112 566c -
     25112 7868 -
     25112 2694 -
     25112 8528 -
     25112 d18 -
     25112 c30 -
     25112 410c -
     25112 61d8 -
     25112 87f4 -
     25112 4a4c -
     25112 1830 -
     25112 46a4 -
     25112 70c8 -
     25112 45b8 -
     25112 79fc -
     25112 1b30 -
     25112 dcc -
     25112 2aac -
     25112 4fd4 -
     25112 2f1c -
     25112 7310 -
     25112 73ec -
     25112 2f34 -
     25112 313c -
     25112 5ae0 -
     25112 6f78 -
     25112 4ce4 -
     25112 6a24 -
     25112 4df0 -
     25112 7c14 -
     25112 4af4 -
     25112 5ba0 -
     25112 67cc -
     25112 39d0 -
     25112 7cdc -
     25112 55b8 -
     25112 550c -
     25112 2878 -
     25112 1880 -
     25112 8fb4 -
     25112 2c30 -
     25112 28e8 -
     25112 3b48 -
Cleaned out 0 stale readers
mdb reader table full -> cleaning up stale readers. Current readers:
    pid     thread     txnid
     25112 4ed8 -
     25112 662c -
     25112 613c -
     25112 69b4 -
     25112 58c0 -
     25112 5958 -
     25112 7bb8 -
     25112 6e20 -
     25112 9f0 -
     25112 3f10 -
     25112 4f90 -
     25112 4a54 -
     25112 20c0 -
     25112 5030 -
     25112 7f94 -
     25112 24f4 -
     25112 8fcc -
     25112 4ef4 -
     25112 7008 -
     25112 1ecc -
     25112 3040 -
     25112 2e8c -
     25112 779c -
     25112 39b8 -
     25112 4e88 -
     25112 1e94 -
     25112 c88 -
     25112 7ef4 -
     25112 41d4 -
     25112 98f0 -
     25112 2da0 -
     25112 823c -
     25112 4c48 -
     25112 67dc -
     25112 1d20 -
     25112 4484 -
     25112 6e38 -
     25112 6b74 -
     25112 72fc -
     25112 608 -
     25112 98d8 -
     25112 7840 -
     25112 5888 -
     25112 2b88 -
     25112 98a8 -
     25112 5e88 -
     25112 7d08 -
     25112 6fd4 -
     25112 8134 -
     25112 9220 -
     25112 4430 -
     25112 5a2c -
     25112 7d00 -
     25112 6eb8 -
     25112 55cc -
     25112 55dc -
     25112 880c -
     25112 7c90 -
     25112 2598 -
     25112 5e38 -
     25112 3fd8 -
     25112 5d9c -
     25112 2554 -
     25112 367c -
     25112 21e0 -
     25112 78a0 -
     25112 70b4 -
     25112 8098 -
     25112 13a4 -
     25112 9868 -
     25112 83b8 -
     25112 7b9c -
     25112 83a4 -
     25112 2408 -
     25112 c54 -
     25112 7cc4 -
     25112 4b40 -
     25112 5c78 -
     25112 76c8 -
     25112 34c8 -
     25112 4ea0 -
     25112 2fc4 -
     25112 98f4 -
     25112 566c -
     25112 7868 -
     25112 2694 -
     25112 8528 -
     25112 d18 -
     25112 c30 -
     25112 410c -
     25112 61d8 -
     25112 87f4 -
     25112 4a4c -
     25112 1830 -
     25112 46a4 -
     25112 70c8 -
     25112 45b8 -
     25112 79fc -
     25112 1b30 -
     25112 dcc -
     25112 2aac -
     25112 4fd4 -
     25112 2f1c -
     25112 7310 -
     25112 73ec -
     25112 2f34 -
     25112 313c -
     25112 5ae0 -
     25112 6f78 -
     25112 4ce4 -
     25112 6a24 -
     25112 4df0 -
     25112 7c14 -
     25112 4af4 -
     25112 5ba0 -
     25112 67cc -
     25112 39d0 -
     25112 7cdc -
     25112 55b8 -
     25112 550c -
     25112 2878 -
     25112 1880 -
     25112 8fb4 -
     25112 2c30 -
     25112 28e8 -
     25112 3b48 -
Cleaned out 0 stale readers
mdb reader table full -> cleaning up stale readers. Current readers:
    pid     thread     txnid
     25112 4ed8 -
     25112 662c -
     25112 613c -
     25112 69b4 -
     25112 58c0 -
     25112 5958 -
     25112 7bb8 -
     25112 6e20 -
     25112 9f0 -
     25112 3f10 -
     25112 4f90 -
     25112 4a54 -
     25112 20c0 -
     25112 5030 -
     25112 7f94 -
     25112 24f4 -
     25112 8fcc -
     25112 4ef4 -
     25112 7008 -
     25112 1ecc -
     25112 3040 -
     25112 2e8c -
     25112 779c -
     25112 39b8 -
     25112 4e88 -
     25112 1e94 -
     25112 c88 -
     25112 7ef4 -
     25112 41d4 -
     25112 98f0 -
     25112 2da0 -
     25112 823c -
     25112 4c48 -
     25112 67dc -
     25112 1d20 -
     25112 4484 -
     25112 6e38 -
     25112 6b74 -
     25112 72fc -
     25112 608 -
     25112 98d8 -
     25112 7840 -
     25112 5888 -
     25112 2b88 -
     25112 98a8 -
     25112 5e88 -
     25112 7d08 -
     25112 6fd4 -
     25112 8134 -
     25112 9220 -
     25112 4430 -
     25112 5a2c -
     25112 7d00 -
     25112 6eb8 -
     25112 55cc -
     25112 55dc -
     25112 880c -
     25112 7c90 -
     25112 2598 -
     25112 5e38 -
     25112 3fd8 -
     25112 5d9c -
     25112 2554 -
     25112 367c -
     25112 21e0 -
     25112 78a0 -
     25112 70b4 -
     25112 8098 -
     25112 13a4 -
     25112 9868 -
     25112 83b8 -
     25112 7b9c -
     25112 83a4 -
     25112 2408 -
     25112 c54 -
     25112 7cc4 -
     25112 4b40 -
     25112 5c78 -
     25112 76c8 -
     25112 34c8 -
     25112 4ea0 -
     25112 2fc4 -
     25112 98f4 -
     25112 566c -
     25112 7868 -
     25112 2694 -
     25112 8528 -
     25112 d18 -
     25112 c30 -
     25112 410c -
     25112 61d8 -
     25112 87f4 -
     25112 4a4c -
     25112 1830 -
     25112 46a4 -
     25112 70c8 -
     25112 45b8 -
     25112 79fc -
     25112 1b30 -
     25112 dcc -
     25112 2aac -
     25112 4fd4 -
     25112 2f1c -
     25112 7310 -
     25112 73ec -
     25112 2f34 -
     25112 313c -
     25112 5ae0 -
     25112 6f78 -
     25112 4ce4 -
     25112 6a24 -
     25112 4df0 -
     25112 7c14 -
     25112 4af4 -
     25112 5ba0 -
     25112 67cc -
     25112 39d0 -
     25112 7cdc -
     25112 55b8 -
     25112 550c -
     25112 2878 -
     25112 1880 -
     25112 8fb4 -
     25112 2c30 -
     25112 28e8 -
     25112 3b48 -
Cleaned out 0 stale readers
mdb reader table full -> cleaning up stale readers. Current readers:
    pid     thread     txnid
     25112 4ed8 -
     25112 662c -
     25112 613c -
     25112 69b4 -
     25112 58c0 -
     25112 5958 -
     25112 7bb8 -
     25112 6e20 -
     25112 9f0 -
     25112 3f10 -
     25112 4f90 -
     25112 4a54 -
     25112 20c0 -
     25112 5030 -
     25112 7f94 -
     25112 24f4 -
     25112 8fcc -
     25112 4ef4 -
     25112 7008 -
     25112 1ecc -
     25112 3040 -
     25112 2e8c -
     25112 779c -
     25112 39b8 -
     25112 4e88 -
     25112 1e94 -
     25112 c88 -
     25112 7ef4 -
     25112 41d4 -
     25112 98f0 -
     25112 2da0 -
     25112 823c -
     25112 4c48 -
     25112 67dc -
     25112 1d20 -
     25112 4484 -
     25112 6e38 -
     25112 6b74 -
     25112 72fc -
     25112 608 -
     25112 98d8 -
     25112 7840 -
     25112 5888 -
     25112 2b88 -
     25112 98a8 -
     25112 5e88 -
     25112 7d08 -
     25112 6fd4 -
     25112 8134 -
     25112 9220 -
     25112 4430 -
     25112 5a2c -
     25112 7d00 -
     25112 6eb8 -
     25112 55cc -
     25112 55dc -
     25112 880c -
     25112 7c90 -
     25112 2598 -
     25112 5e38 -
     25112 3fd8 -
     25112 5d9c -
     25112 2554 -
     25112 367c -
     25112 21e0 -
     25112 78a0 -
     25112 70b4 -
     25112 8098 -
     25112 13a4 -
     25112 9868 -
     25112 83b8 -
     25112 7b9c -
     25112 83a4 -
     25112 2408 -
     25112 c54 -
     25112 7cc4 -
     25112 4b40 -
     25112 5c78 -
     25112 76c8 -
     25112 34c8 -
     25112 4ea0 -
     25112 2fc4 -
     25112 98f4 -
     25112 566c -
     25112 7868 -
     25112 2694 -
     25112 8528 -
     25112 d18 -
     25112 c30 -
     25112 410c -
     25112 61d8 -
     25112 87f4 -
     25112 4a4c -
     25112 1830 -
     25112 46a4 -
     25112 70c8 -
     25112 45b8 -
     25112 79fc -
     25112 1b30 -
     25112 dcc -
     25112 2aac -
     25112 4fd4 -
     25112 2f1c -
     25112 7310 -
     25112 73ec -
     25112 2f34 -
     25112 313c -
     25112 5ae0 -
     25112 6f78 -
     25112 4ce4 -
     25112 6a24 -
     25112 4df0 -
     25112 7c14 -
     25112 4af4 -
     25112 5ba0 -
     25112 67cc -
     25112 39d0 -
     25112 7cdc -
     25112 55b8 -
     25112 550c -
     25112 2878 -
     25112 1880 -
     25112 8fb4 -
     25112 2c30 -
     25112 28e8 -
     25112 3b48 -
Cleaned out 0 stale readers
Cannot open transaction. Error -30790 (aborting errors true)
Asset database transaction committed twice!
Assertion failed on expression: 'errors == MDB_SUCCESS || errors == MDB_NOTFOUND'
mdb reader table full -> cleaning up stale readers. Current readers:
    pid     thread     txnid
     25112 4ed8 -
     25112 662c -
     25112 613c -
     25112 69b4 -
     25112 58c0 -
     25112 5958 -
     25112 7bb8 -
     25112 6e20 -
     25112 9f0 -
     25112 3f10 -
     25112 4f90 -
     25112 4a54 -
     25112 20c0 -
     25112 5030 -
     25112 7f94 -
     25112 24f4 -
     25112 8fcc -
     25112 4ef4 -
     25112 7008 -
     25112 1ecc -
     25112 3040 -
     25112 2e8c -
     25112 779c -
     25112 39b8 -
     25112 4e88 -
     25112 1e94 -
     25112 c88 -
     25112 7ef4 -
     25112 41d4 -
     25112 98f0 -
     25112 2da0 -
     25112 823c -
     25112 4c48 -
     25112 67dc -
     25112 1d20 -
     25112 4484 -
     25112 6e38 -
     25112 6b74 -
     25112 72fc -
     25112 608 -
     25112 98d8 -
     25112 7840 -
     25112 5888 -
     25112 2b88 -
     25112 98a8 -
     25112 5e88 -
     25112 7d08 -
     25112 6fd4 -
     25112 8134 -
     25112 9220 -
     25112 4430 -
     25112 5a2c -
     25112 7d00 -
     25112 6eb8 -
     25112 55cc -
     25112 55dc -
     25112 880c -
     25112 7c90 -
     25112 2598 -
     25112 5e38 -
     25112 3fd8 -
     25112 5d9c -
     25112 2554 -
     25112 367c -
     25112 21e0 -
     25112 78a0 -
     25112 70b4 -
     25112 8098 -
     25112 13a4 -
     25112 9868 -
     25112 83b8 -
     25112 7b9c -
     25112 83a4 -
     25112 2408 -
     25112 c54 -
     25112 7cc4 -
     25112 4b40 -
     25112 5c78 -
     25112 76c8 -
     25112 34c8 -
     25112 4ea0 -
     25112 2fc4 -
     25112 98f4 -
     25112 566c -
     25112 7868 -
     25112 2694 -
     25112 8528 -
     25112 d18 -
     25112 c30 -
     25112 410c -
     25112 61d8 -
     25112 87f4 -
     25112 4a4c -
     25112 1830 -
     25112 46a4 -
     25112 70c8 -
     25112 45b8 -
     25112 79fc -
     25112 1b30 -
     25112 dcc -
     25112 2aac -
     25112 4fd4 -
     25112 2f1c -
     25112 7310 -
     25112 73ec -
     25112 2f34 -
     25112 313c -
     25112 5ae0 -
     25112 6f78 -
     25112 4ce4 -
     25112 6a24 -
     25112 4df0 -
     25112 7c14 -
     25112 4af4 -
     25112 5ba0 -
     25112 67cc -
     25112 39d0 -
     25112 7cdc -
     25112 55b8 -
     25112 550c -
     25112 2878 -
     25112 1880 -
     25112 8fb4 -
     25112 2c30 -
     25112 28e8 -
     25112 3b48 -
Cleaned out 0 stale readers
mdb reader table full -> cleaning up stale readers. Current readers:
    pid     thread     txnid
     25112 4ed8 -
     25112 662c -
     25112 613c -
     25112 69b4 -
     25112 58c0 -
     25112 5958 -
     25112 7bb8 -
     25112 6e20 -
     25112 9f0 -
     25112 3f10 -
     25112 4f90 -
     25112 4a54 -
     25112 20c0 -
     25112 5030 -
     25112 7f94 -
     25112 24f4 -
     25112 8fcc -
     25112 4ef4 -
     25112 7008 -
     25112 1ecc -
     25112 3040 -
     25112 2e8c -
     25112 779c -
     25112 39b8 -
     25112 4e88 -
     25112 1e94 -
     25112 c88 -
     25112 7ef4 -
     25112 41d4 -
     25112 98f0 -
     25112 2da0 -
     25112 823c -
     25112 4c48 -
     25112 67dc -
     25112 1d20 -
     25112 4484 -
     25112 6e38 -
     25112 6b74 -
     25112 72fc -
     25112 608 -
     25112 98d8 -
     25112 7840 -
     25112 5888 -
     25112 2b88 -
     25112 98a8 -
     25112 5e88 -
     25112 7d08 -
     25112 6fd4 -
     25112 8134 -
     25112 9220 -
     25112 4430 -
     25112 5a2c -
     25112 7d00 -
     25112 6eb8 -
     25112 55cc -
     25112 55dc -
     25112 880c -
     25112 7c90 -
     25112 2598 -
     25112 5e38 -
     25112 3fd8 -
     25112 5d9c -
     25112 2554 -
     25112 367c -
     25112 21e0 -
     25112 78a0 -
     25112 70b4 -
     25112 8098 -
     25112 13a4 -
     25112 9868 -
     25112 83b8 -
     25112 7b9c -
     25112 83a4 -
     25112 2408 -
     25112 c54 -
     25112 7cc4 -
     25112 4b40 -
     25112 5c78 -
     25112 76c8 -
     25112 34c8 -
     25112 4ea0 -
     25112 2fc4 -
     25112 98f4 -
     25112 566c -
     25112 7868 -
     25112 2694 -
     25112 8528 -
     25112 d18 -
     25112 c30 -
     25112 410c -
     25112 61d8 -
     25112 87f4 -
     25112 4a4c -
     25112 1830 -
     25112 46a4 -
     25112 70c8 -
     25112 45b8 -
     25112 79fc -
     25112 1b30 -
     25112 dcc -
     25112 2aac -
     25112 4fd4 -
     25112 2f1c -
     25112 7310 -
     25112 73ec -
     25112 2f34 -
     25112 313c -
     25112 5ae0 -
     25112 6f78 -
     25112 4ce4 -
     25112 6a24 -
     25112 4df0 -
     25112 7c14 -
     25112 4af4 -
     25112 5ba0 -
     25112 67cc -
     25112 39d0 -
     25112 7cdc -
     25112 55b8 -
     25112 550c -
     25112 2878 -
     25112 1880 -
     25112 8fb4 -
     25112 2c30 -
     25112 28e8 -
     25112 3b48 -
Cleaned out 0 stale readers
mdb reader table full -> cleaning up stale readers. Current readers:
    pid     thread     txnid
     25112 4ed8 -
     25112 662c -
     25112 613c -
     25112 69b4 -
     25112 58c0 -
     25112 5958 -
     25112 7bb8 -
     25112 6e20 -
     25112 9f0 -
     25112 3f10 -
     25112 4f90 -
     25112 4a54 -
     25112 20c0 -
     25112 5030 -
     25112 7f94 -
     25112 24f4 -
     25112 8fcc -
     25112 4ef4 -
     25112 7008 -
     25112 1ecc -
     25112 3040 -
     25112 2e8c -
     25112 779c -
     25112 39b8 -
     25112 4e88 -
     25112 1e94 -
     25112 c88 -
     25112 7ef4 -
     25112 41d4 -
     25112 98f0 -
     25112 2da0 -
     25112 823c -
     25112 4c48 -
     25112 67dc -
     25112 1d20 -
     25112 4484 -
     25112 6e38 -
     25112 6b74 -
     25112 72fc -
     25112 608 -
     25112 98d8 -
     25112 7840 -
     25112 5888 -
     25112 2b88 -
     25112 98a8 -
     25112 5e88 -
     25112 7d08 -
     25112 6fd4 -
     25112 8134 -
     25112 9220 -
     25112 4430 -
     25112 5a2c -
     25112 7d00 -
     25112 6eb8 -
     25112 55cc -
     25112 55dc -
     25112 880c -
     25112 7c90 -
     25112 2598 -
     25112 5e38 -
     25112 3fd8 -
     25112 5d9c -
     25112 2554 -
     25112 367c -
     25112 21e0 -
     25112 78a0 -
     25112 70b4 -
     25112 8098 -
     25112 13a4 -
     25112 9868 -
     25112 83b8 -
     25112 7b9c -
     25112 83a4 -
     25112 2408 -
     25112 c54 -
     25112 7cc4 -
     25112 4b40 -
     25112 5c78 -
     25112 76c8 -
     25112 34c8 -
     25112 4ea0 -
     25112 2fc4 -
     25112 98f4 -
     25112 566c -
     25112 7868 -
     25112 2694 -
     25112 8528 -
     25112 d18 -
     25112 c30 -
     25112 410c -
     25112 61d8 -
     25112 87f4 -
     25112 4a4c -
     25112 1830 -
     25112 46a4 -
     25112 70c8 -
     25112 45b8 -
     25112 79fc -
     25112 1b30 -
     25112 dcc -
     25112 2aac -
     25112 4fd4 -
     25112 2f1c -
     25112 7310 -
     25112 73ec -
     25112 2f34 -
     25112 313c -
     25112 5ae0 -
     25112 6f78 -
     25112 4ce4 -
     25112 6a24 -
     25112 4df0 -
     25112 7c14 -
     25112 4af4 -
     25112 5ba0 -
     25112 67cc -
     25112 39d0 -
     25112 7cdc -
     25112 55b8 -
     25112 550c -
     25112 2878 -
     25112 1880 -
     25112 8fb4 -
     25112 2c30 -
     25112 28e8 -
     25112 3b48 -
Cleaned out 0 stale readers
mdb reader table full -> cleaning up stale readers. Current readers:
    pid     thread     txnid
     25112 4ed8 -
     25112 662c -
     25112 613c -
     25112 69b4 -
     25112 58c0 -
     25112 5958 -
     25112 7bb8 -
     25112 6e20 -
     25112 9f0 -
     25112 3f10 -
     25112 4f90 -
     25112 4a54 -
     25112 20c0 -
     25112 5030 -
     25112 7f94 -
     25112 24f4 -
     25112 8fcc -
     25112 4ef4 -
     25112 7008 -
     25112 1ecc -
     25112 3040 -
     25112 2e8c -
     25112 779c -
     25112 39b8 -
     25112 4e88 -
     25112 1e94 -
     25112 c88 -
     25112 7ef4 -
     25112 41d4 -
     25112 98f0 -
     25112 2da0 -
     25112 823c -
     25112 4c48 -
     25112 67dc -
     25112 1d20 -
     25112 4484 -
     25112 6e38 -
     25112 6b74 -
     25112 72fc -
     25112 608 -
     25112 98d8 -
     25112 7840 -
     25112 5888 -
     25112 2b88 -
     25112 98a8 -
     25112 5e88 -
     25112 7d08 -
     25112 6fd4 -
     25112 8134 -
     25112 9220 -
     25112 4430 -
     25112 5a2c -
     25112 7d00 -
     25112 6eb8 -
     25112 55cc -
     25112 55dc -
     25112 880c -
     25112 7c90 -
     25112 2598 -
     25112 5e38 -
     25112 3fd8 -
     25112 5d9c -
     25112 2554 -
     25112 367c -
     25112 21e0 -
     25112 78a0 -
     25112 70b4 -
     25112 8098 -
     25112 13a4 -
     25112 9868 -
     25112 83b8 -
     25112 7b9c -
     25112 83a4 -
     25112 2408 -
     25112 c54 -
     25112 7cc4 -
     25112 4b40 -
     25112 5c78 -
     25112 76c8 -
     25112 34c8 -
     25112 4ea0 -
     25112 2fc4 -
     25112 98f4 -
     25112 566c -
     25112 7868 -
     25112 2694 -
     25112 8528 -
     25112 d18 -
     25112 c30 -
     25112 410c -
     25112 61d8 -
     25112 87f4 -
     25112 4a4c -
     25112 1830 -
     25112 46a4 -
     25112 70c8 -
     25112 45b8 -
     25112 79fc -
     25112 1b30 -
     25112 dcc -
     25112 2aac -
     25112 4fd4 -
     25112 2f1c -
     25112 7310 -
     25112 73ec -
     25112 2f34 -
     25112 313c -
     25112 5ae0 -
     25112 6f78 -
     25112 4ce4 -
     25112 6a24 -
     25112 4df0 -
     25112 7c14 -
     25112 4af4 -
     25112 5ba0 -
     25112 67cc -
     25112 39d0 -
     25112 7cdc -
     25112 55b8 -
     25112 550c -
     25112 2878 -
     25112 1880 -
     25112 8fb4 -
     25112 2c30 -
     25112 28e8 -
     25112 3b48 -
Cleaned out 0 stale readers
mdb reader table full -> cleaning up stale readers. Current readers:
    pid     thread     txnid
     25112 4ed8 -
     25112 662c -
     25112 613c -
     25112 69b4 -
     25112 58c0 -
     25112 5958 -
     25112 7bb8 -
     25112 6e20 -
     25112 9f0 -
     25112 3f10 -
     25112 4f90 -
     25112 4a54 -
     25112 20c0 -
     25112 5030 -
     25112 7f94 -
     25112 24f4 -
     25112 8fcc -
     25112 4ef4 -
     25112 7008 -
     25112 1ecc -
     25112 3040 -
     25112 2e8c -
     25112 779c -
     25112 39b8 -
     25112 4e88 -
     25112 1e94 -
     25112 c88 -
     25112 7ef4 -
     25112 41d4 -
     25112 98f0 -
     25112 2da0 -
     25112 823c -
     25112 4c48 -
     25112 67dc -
     25112 1d20 -
     25112 4484 -
     25112 6e38 -
     25112 6b74 -
     25112 72fc -
     25112 608 -
     25112 98d8 -
     25112 7840 -
     25112 5888 -
     25112 2b88 -
     25112 98a8 -
     25112 5e88 -
     25112 7d08 -
     25112 6fd4 -
     25112 8134 -
     25112 9220 -
     25112 4430 -
     25112 5a2c -
     25112 7d00 -
     25112 6eb8 -
     25112 55cc -
     25112 55dc -
     25112 880c -
     25112 7c90 -
     25112 2598 -
     25112 5e38 -
     25112 3fd8 -
     25112 5d9c -
     25112 2554 -
     25112 367c -
     25112 21e0 -
     25112 78a0 -
     25112 70b4 -
     25112 8098 -
     25112 13a4 -
     25112 9868 -
     25112 83b8 -
     25112 7b9c -
     25112 83a4 -
     25112 2408 -
     25112 c54 -
     25112 7cc4 -
     25112 4b40 -
     25112 5c78 -
     25112 76c8 -
     25112 34c8 -
     25112 4ea0 -
     25112 2fc4 -
     25112 98f4 -
     25112 566c -
     25112 7868 -
     25112 2694 -
     25112 8528 -
     25112 d18 -
     25112 c30 -
     25112 410c -
     25112 61d8 -
     25112 87f4 -
     25112 4a4c -
     25112 1830 -
     25112 46a4 -
     25112 70c8 -
     25112 45b8 -
     25112 79fc -
     25112 1b30 -
     25112 dcc -
     25112 2aac -
     25112 4fd4 -
     25112 2f1c -
     25112 7310 -
     25112 73ec -
     25112 2f34 -
     25112 313c -
     25112 5ae0 -
     25112 6f78 -
     25112 4ce4 -
     25112 6a24 -
     25112 4df0 -
     25112 7c14 -
     25112 4af4 -
     25112 5ba0 -
     25112 67cc -
     25112 39d0 -
     25112 7cdc -
     25112 55b8 -
     25112 550c -
     25112 2878 -
     25112 1880 -
     25112 8fb4 -
     25112 2c30 -
     25112 28e8 -
     25112 3b48 -
Cleaned out 0 stale readers
mdb reader table full -> cleaning up stale readers. Current readers:
    pid     thread     txnid
     25112 4ed8 -
     25112 662c -
     25112 613c -
     25112 69b4 -
     25112 58c0 -
     25112 5958 -
     25112 7bb8 -
     25112 6e20 -
     25112 9f0 -
     25112 3f10 -
     25112 4f90 -
     25112 4a54 -
     25112 20c0 -
     25112 5030 -
     25112 7f94 -
     25112 24f4 -
     25112 8fcc -
     25112 4ef4 -
     25112 7008 -
     25112 1ecc -
     25112 3040 -
     25112 2e8c -
     25112 779c -
     25112 39b8 -
     25112 4e88 -
     25112 1e94 -
     25112 c88 -
     25112 7ef4 -
     25112 41d4 -
     25112 98f0 -
     25112 2da0 -
     25112 823c -
     25112 4c48 -
     25112 67dc -
     25112 1d20 -
     25112 4484 -
     25112 6e38 -
     25112 6b74 -
     25112 72fc -
     25112 608 -
     25112 98d8 -
     25112 7840 -
     25112 5888 -
     25112 2b88 -
     25112 98a8 -
     25112 5e88 -
     25112 7d08 -
     25112 6fd4 -
     25112 8134 -
     25112 9220 -
     25112 4430 -
     25112 5a2c -
     25112 7d00 -
     25112 6eb8 -
     25112 55cc -
     25112 55dc -
     25112 880c -
     25112 7c90 -
     25112 2598 -
     25112 5e38 -
     25112 3fd8 -
     25112 5d9c -
     25112 2554 -
     25112 367c -
     25112 21e0 -
     25112 78a0 -
     25112 70b4 -
     25112 8098 -
     25112 13a4 -
     25112 9868 -
     25112 83b8 -
     25112 7b9c -
     25112 83a4 -
     25112 2408 -
     25112 c54 -
     25112 7cc4 -
     25112 4b40 -
     25112 5c78 -
     25112 76c8 -
     25112 34c8 -
     25112 4ea0 -
     25112 2fc4 -
     25112 98f4 -
     25112 566c -
     25112 7868 -
     25112 2694 -
     25112 8528 -
     25112 d18 -
     25112 c30 -
     25112 410c -
     25112 61d8 -
     25112 87f4 -
     25112 4a4c -
     25112 1830 -
     25112 46a4 -
     25112 70c8 -
     25112 45b8 -
     25112 79fc -
     25112 1b30 -
     25112 dcc -
     25112 2aac -
     25112 4fd4 -
     25112 2f1c -
     25112 7310 -
     25112 73ec -
     25112 2f34 -
     25112 313c -
     25112 5ae0 -
     25112 6f78 -
     25112 4ce4 -
     25112 6a24 -
     25112 4df0 -
     25112 7c14 -
     25112 4af4 -
     25112 5ba0 -
     25112 67cc -
     25112 39d0 -
     25112 7cdc -
     25112 55b8 -
     25112 550c -
     25112 2878 -
     25112 1880 -
     25112 8fb4 -
     25112 2c30 -
     25112 28e8 -
     25112 3b48 -
Cleaned out 0 stale readers
Cannot open transaction. Error -30790 (aborting errors true)
Asset database transaction committed twice!
Assertion failed on expression: 'errors == MDB_SUCCESS || errors == MDB_NOTFOUND'
mdb reader table full -> cleaning up stale readers. Current readers:
    pid     thread     txnid
     25112 4ed8 -
     25112 662c -
     25112 613c -
     25112 69b4 -
     25112 58c0 -
     25112 5958 -
     25112 7bb8 -
     25112 6e20 -
     25112 9f0 -
     25112 3f10 -
     25112 4f90 -
     25112 4a54 -
     25112 20c0 -
     25112 5030 -
     25112 7f94 -
     25112 24f4 -
     25112 8fcc -
     25112 4ef4 -
     25112 7008 -
     25112 1ecc -
     25112 3040 -
     25112 2e8c -
     25112 779c -
     25112 39b8 -
     25112 4e88 -
     25112 1e94 -
     25112 c88 -
     25112 7ef4 -
     25112 41d4 -
     25112 98f0 -
     25112 2da0 -
     25112 823c -
     25112 4c48 -
     25112 67dc -
     25112 1d20 -
     25112 4484 -
     25112 6e38 -
     25112 6b74 -
     25112 72fc -
     25112 608 -
     25112 98d8 -
     25112 7840 -
     25112 5888 -
     25112 2b88 -
     25112 98a8 -
     25112 5e88 -
     25112 7d08 -
     25112 6fd4 -
     25112 8134 -
     25112 9220 -
     25112 4430 -
     25112 5a2c -
     25112 7d00 -
     25112 6eb8 -
     25112 55cc -
     25112 55dc -
     25112 880c -
     25112 7c90 -
     25112 2598 -
     25112 5e38 -
     25112 3fd8 -
     25112 5d9c -
     25112 2554 -
     25112 367c -
     25112 21e0 -
     25112 78a0 -
     25112 70b4 -
     25112 8098 -
     25112 13a4 -
     25112 9868 -
     25112 83b8 -
     25112 7b9c -
     25112 83a4 -
     25112 2408 -
     25112 c54 -
     25112 7cc4 -
     25112 4b40 -
     25112 5c78 -
     25112 76c8 -
     25112 34c8 -
     25112 4ea0 -
     25112 2fc4 -
     25112 98f4 -
     25112 566c -
     25112 7868 -
     25112 2694 -
     25112 8528 -
     25112 d18 -
     25112 c30 -
     25112 410c -
     25112 61d8 -
     25112 87f4 -
     25112 4a4c -
     25112 1830 -
     25112 46a4 -
     25112 70c8 -
     25112 45b8 -
     25112 79fc -
     25112 1b30 -
     25112 dcc -
     25112 2aac -
     25112 4fd4 -
     25112 2f1c -
     25112 7310 -
     25112 73ec -
     25112 2f34 -
     25112 313c -
     25112 5ae0 -
     25112 6f78 -
     25112 4ce4 -
     25112 6a24 -
     25112 4df0 -
     25112 7c14 -
     25112 4af4 -
     25112 5ba0 -
     25112 67cc -
     25112 39d0 -
     25112 7cdc -
     25112 55b8 -
     25112 550c -
     25112 2878 -
     25112 1880 -
     25112 8fb4 -
     25112 2c30 -
     25112 28e8 -
     25112 3b48 -
Cleaned out 0 stale readers
mdb reader table full -> cleaning up stale readers. Current readers:
    pid     thread     txnid
     25112 4ed8 -
     25112 662c -
     25112 613c -
     25112 69b4 -
     25112 58c0 -
     25112 5958 -
     25112 7bb8 -
     25112 6e20 -
     25112 9f0 -
     25112 3f10 -
     25112 4f90 -
     25112 4a54 -
     25112 20c0 -
     25112 5030 -
     25112 7f94 -
     25112 24f4 -
     25112 8fcc -
     25112 4ef4 -
     25112 7008 -
     25112 1ecc -
     25112 3040 -
     25112 2e8c -
     25112 779c -
     25112 39b8 -
     25112 4e88 -
     25112 1e94 -
     25112 c88 -
     25112 7ef4 -
     25112 41d4 -
     25112 98f0 -
     25112 2da0 -
     25112 823c -
     25112 4c48 -
     25112 67dc -
     25112 1d20 -
     25112 4484 -
     25112 6e38 -
     25112 6b74 -
     25112 72fc -
     25112 608 -
     25112 98d8 -
     25112 7840 -
     25112 5888 -
     25112 2b88 -
     25112 98a8 -
     25112 5e88 -
     25112 7d08 -
     25112 6fd4 -
     25112 8134 -
     25112 9220 -
     25112 4430 -
     25112 5a2c -
     25112 7d00 -
     25112 6eb8 -
     25112 55cc -
     25112 55dc -
     25112 880c -
     25112 7c90 -
     25112 2598 -
     25112 5e38 -
     25112 3fd8 -
     25112 5d9c -
     25112 2554 -
     25112 367c -
     25112 21e0 -
     25112 78a0 -
     25112 70b4 -
     25112 8098 -
     25112 13a4 -
     25112 9868 -
     25112 83b8 -
     25112 7b9c -
     25112 83a4 -
     25112 2408 -
     25112 c54 -
     25112 7cc4 -
     25112 4b40 -
     25112 5c78 -
     25112 76c8 -
     25112 34c8 -
     25112 4ea0 -
     25112 2fc4 -
     25112 98f4 -
     25112 566c -
     25112 7868 -
     25112 2694 -
     25112 8528 -
     25112 d18 -
     25112 c30 -
     25112 410c -
     25112 61d8 -
     25112 87f4 -
     25112 4a4c -
     25112 1830 -
     25112 46a4 -
     25112 70c8 -
     25112 45b8 -
     25112 79fc -
     25112 1b30 -
     25112 dcc -
     25112 2aac -
     25112 4fd4 -
     25112 2f1c -
     25112 7310 -
     25112 73ec -
     25112 2f34 -
     25112 313c -
     25112 5ae0 -
     25112 6f78 -
     25112 4ce4 -
     25112 6a24 -
     25112 4df0 -
     25112 7c14 -
     25112 4af4 -
     25112 5ba0 -
     25112 67cc -
     25112 39d0 -
     25112 7cdc -
     25112 55b8 -
     25112 550c -
     25112 2878 -
     25112 1880 -
     25112 8fb4 -
     25112 2c30 -
     25112 28e8 -
     25112 3b48 -
Cleaned out 0 stale readers
mdb reader table full -> cleaning up stale readers. Current readers:
    pid     thread     txnid
     25112 4ed8 -
     25112 662c -
     25112 613c -
     25112 69b4 -
     25112 58c0 -
     25112 5958 -
     25112 7bb8 -
     25112 6e20 -
     25112 9f0 -
     25112 3f10 -
     25112 4f90 -
     25112 4a54 -
     25112 20c0 -
     25112 5030 -
     25112 7f94 -
     25112 24f4 -
     25112 8fcc -
     25112 4ef4 -
     25112 7008 -
     25112 1ecc -
     25112 3040 -
     25112 2e8c -
     25112 779c -
     25112 39b8 -
     25112 4e88 -
     25112 1e94 -
     25112 c88 -
     25112 7ef4 -
     25112 41d4 -
     25112 98f0 -
     25112 2da0 -
     25112 823c -
     25112 4c48 -
     25112 67dc -
     25112 1d20 -
     25112 4484 -
     25112 6e38 -
     25112 6b74 -
     25112 72fc -
     25112 608 -
     25112 98d8 -
     25112 7840 -
     25112 5888 -
     25112 2b88 -
     25112 98a8 -
     25112 5e88 -
     25112 7d08 -
     25112 6fd4 -
     25112 8134 -
     25112 9220 -
     25112 4430 -
     25112 5a2c -
     25112 7d00 -
     25112 6eb8 -
     25112 55cc -
     25112 55dc -
     25112 880c -
     25112 7c90 -
     25112 2598 -
     25112 5e38 -
     25112 3fd8 -
     25112 5d9c -
     25112 2554 -
     25112 367c -
     25112 21e0 -
     25112 78a0 -
     25112 70b4 -
     25112 8098 -
     25112 13a4 -
     25112 9868 -
     25112 83b8 -
     25112 7b9c -
     25112 83a4 -
     25112 2408 -
     25112 c54 -
     25112 7cc4 -
     25112 4b40 -
     25112 5c78 -
     25112 76c8 -
     25112 34c8 -
     25112 4ea0 -
     25112 2fc4 -
     25112 98f4 -
     25112 566c -
     25112 7868 -
     25112 2694 -
     25112 8528 -
     25112 d18 -
     25112 c30 -
     25112 410c -
     25112 61d8 -
     25112 87f4 -
     25112 4a4c -
     25112 1830 -
     25112 46a4 -
     25112 70c8 -
     25112 45b8 -
     25112 79fc -
     25112 1b30 -
     25112 dcc -
     25112 2aac -
     25112 4fd4 -
     25112 2f1c -
     25112 7310 -
     25112 73ec -
     25112 2f34 -
     25112 313c -
     25112 5ae0 -
     25112 6f78 -
     25112 4ce4 -
     25112 6a24 -
     25112 4df0 -
     25112 7c14 -
     25112 4af4 -
     25112 5ba0 -
     25112 67cc -
     25112 39d0 -
     25112 7cdc -
     25112 55b8 -
     25112 550c -
     25112 2878 -
     25112 1880 -
     25112 8fb4 -
     25112 2c30 -
     25112 28e8 -
     25112 3b48 -
Cleaned out 0 stale readers
mdb reader table full -> cleaning up stale readers. Current readers:
    pid     thread     txnid
     25112 4ed8 -
     25112 662c -
     25112 613c -
     25112 69b4 -
     25112 58c0 -
     25112 5958 -
     25112 7bb8 -
     25112 6e20 -
     25112 9f0 -
     25112 3f10 -
     25112 4f90 -
     25112 4a54 -
     25112 20c0 -
     25112 5030 -
     25112 7f94 -
     25112 24f4 -
     25112 8fcc -
     25112 4ef4 -
     25112 7008 -
     25112 1ecc -
     25112 3040 -
     25112 2e8c -
     25112 779c -
     25112 39b8 -
     25112 4e88 -
     25112 1e94 -
     25112 c88 -
     25112 7ef4 -
     25112 41d4 -
     25112 98f0 -
     25112 2da0 -
     25112 823c -
     25112 4c48 -
     25112 67dc -
     25112 1d20 -
     25112 4484 -
     25112 6e38 -
     25112 6b74 -
     25112 72fc -
     25112 608 -
     25112 98d8 -
     25112 7840 -
     25112 5888 -
     25112 2b88 -
     25112 98a8 -
     25112 5e88 -
     25112 7d08 -
     25112 6fd4 -
     25112 8134 -
     25112 9220 -
     25112 4430 -
     25112 5a2c -
     25112 7d00 -
     25112 6eb8 -
     25112 55cc -
     25112 55dc -
     25112 880c -
     25112 7c90 -
     25112 2598 -
     25112 5e38 -
     25112 3fd8 -
     25112 5d9c -
     25112 2554 -
     25112 367c -
     25112 21e0 -
     25112 78a0 -
     25112 70b4 -
     25112 8098 -
     25112 13a4 -
     25112 9868 -
     25112 83b8 -
     25112 7b9c -
     25112 83a4 -
     25112 2408 -
     25112 c54 -
     25112 7cc4 -
     25112 4b40 -
     25112 5c78 -
     25112 76c8 -
     25112 34c8 -
     25112 4ea0 -
     25112 2fc4 -
     25112 98f4 -
     25112 566c -
     25112 7868 -
     25112 2694 -
     25112 8528 -
     25112 d18 -
     25112 c30 -
     25112 410c -
     25112 61d8 -
     25112 87f4 -
     25112 4a4c -
     25112 1830 -
     25112 46a4 -
     25112 70c8 -
     25112 45b8 -
     25112 79fc -
     25112 1b30 -
     25112 dcc -
     25112 2aac -
     25112 4fd4 -
     25112 2f1c -
     25112 7310 -
     25112 73ec -
     25112 2f34 -
     25112 313c -
     25112 5ae0 -
     25112 6f78 -
     25112 4ce4 -
     25112 6a24 -
     25112 4df0 -
     25112 7c14 -
     25112 4af4 -
     25112 5ba0 -
     25112 67cc -
     25112 39d0 -
     25112 7cdc -
     25112 55b8 -
     25112 550c -
     25112 2878 -
     25112 1880 -
     25112 8fb4 -
     25112 2c30 -
     25112 28e8 -
     25112 3b48 -
Cleaned out 0 stale readers
mdb reader table full -> cleaning up stale readers. Current readers:
    pid     thread     txnid
     25112 4ed8 -
     25112 662c -
     25112 613c -
     25112 69b4 -
     25112 58c0 -
     25112 5958 -
     25112 7bb8 -
     25112 6e20 -
     25112 9f0 -
     25112 3f10 -
     25112 4f90 -
     25112 4a54 -
     25112 20c0 -
     25112 5030 -
     25112 7f94 -
     25112 24f4 -
     25112 8fcc -
     25112 4ef4 -
     25112 7008 -
     25112 1ecc -
     25112 3040 -
     25112 2e8c -
     25112 779c -
     25112 39b8 -
     25112 4e88 -
     25112 1e94 -
     25112 c88 -
     25112 7ef4 -
     25112 41d4 -
     25112 98f0 -
     25112 2da0 -
     25112 823c -
     25112 4c48 -
     25112 67dc -
     25112 1d20 -
     25112 4484 -
     25112 6e38 -
     25112 6b74 -
     25112 72fc -
     25112 608 -
     25112 98d8 -
     25112 7840 -
     25112 5888 -
     25112 2b88 -
     25112 98a8 -
     25112 5e88 -
     25112 7d08 -
     25112 6fd4 -
     25112 8134 -
     25112 9220 -
     25112 4430 -
     25112 5a2c -
     25112 7d00 -
     25112 6eb8 -
     25112 55cc -
     25112 55dc -
     25112 880c -
     25112 7c90 -
     25112 2598 -
     25112 5e38 -
     25112 3fd8 -
     25112 5d9c -
     25112 2554 -
     25112 367c -
     25112 21e0 -
     25112 78a0 -
     25112 70b4 -
     25112 8098 -
     25112 13a4 -
     25112 9868 -
     25112 83b8 -
     25112 7b9c -
     25112 83a4 -
     25112 2408 -
     25112 c54 -
     25112 7cc4 -
     25112 4b40 -
     25112 5c78 -
     25112 76c8 -
     25112 34c8 -
     25112 4ea0 -
     25112 2fc4 -
     25112 98f4 -
     25112 566c -
     25112 7868 -
     25112 2694 -
     25112 8528 -
     25112 d18 -
     25112 c30 -
     25112 410c -
     25112 61d8 -
     25112 87f4 -
     25112 4a4c -
     25112 1830 -
     25112 46a4 -
     25112 70c8 -
     25112 45b8 -
     25112 79fc -
     25112 1b30 -
     25112 dcc -
     25112 2aac -
     25112 4fd4 -
     25112 2f1c -
     25112 7310 -
     25112 73ec -
     25112 2f34 -
     25112 313c -
     25112 5ae0 -
     25112 6f78 -
     25112 4ce4 -
     25112 6a24 -
     25112 4df0 -
     25112 7c14 -
     25112 4af4 -
     25112 5ba0 -
     25112 67cc -
     25112 39d0 -
     25112 7cdc -
     25112 55b8 -
     25112 550c -
     25112 2878 -
     25112 1880 -
     25112 8fb4 -
     25112 2c30 -
     25112 28e8 -
     25112 3b48 -
Cleaned out 0 stale readers
mdb reader table full -> cleaning up stale readers. Current readers:
    pid     thread     txnid
     25112 4ed8 -
     25112 662c -
     25112 613c -
     25112 69b4 -
     25112 58c0 -
     25112 5958 -
     25112 7bb8 -
     25112 6e20 -
     25112 9f0 -
     25112 3f10 -
     25112 4f90 -
     25112 4a54 -
     25112 20c0 -
     25112 5030 -
     25112 7f94 -
     25112 24f4 -
     25112 8fcc -
     25112 4ef4 -
     25112 7008 -
     25112 1ecc -
     25112 3040 -
     25112 2e8c -
     25112 779c -
     25112 39b8 -
     25112 4e88 -
     25112 1e94 -
     25112 c88 -
     25112 7ef4 -
     25112 41d4 -
     25112 98f0 -
     25112 2da0 -
     25112 823c -
     25112 4c48 -
     25112 67dc -
     25112 1d20 -
     25112 4484 -
     25112 6e38 -
     25112 6b74 -
     25112 72fc -
     25112 608 -
     25112 98d8 -
     25112 7840 -
     25112 5888 -
     25112 2b88 -
     25112 98a8 -
     25112 5e88 -
     25112 7d08 -
     25112 6fd4 -
     25112 8134 -
     25112 9220 -
     25112 4430 -
     25112 5a2c -
     25112 7d00 -
     25112 6eb8 -
     25112 55cc -
     25112 55dc -
     25112 880c -
     25112 7c90 -
     25112 2598 -
     25112 5e38 -
     25112 3fd8 -
     25112 5d9c -
     25112 2554 -
     25112 367c -
     25112 21e0 -
     25112 78a0 -
     25112 70b4 -
     25112 8098 -
     25112 13a4 -
     25112 9868 -
     25112 83b8 -
     25112 7b9c -
     25112 83a4 -
     25112 2408 -
     25112 c54 -
     25112 7cc4 -
     25112 4b40 -
     25112 5c78 -
     25112 76c8 -
     25112 34c8 -
     25112 4ea0 -
     25112 2fc4 -
     25112 98f4 -
     25112 566c -
     25112 7868 -
     25112 2694 -
     25112 8528 -
     25112 d18 -
     25112 c30 -
     25112 410c -
     25112 61d8 -
     25112 87f4 -
     25112 4a4c -
     25112 1830 -
     25112 46a4 -
     25112 70c8 -
     25112 45b8 -
     25112 79fc -
     25112 1b30 -
     25112 dcc -
     25112 2aac -
     25112 4fd4 -
     25112 2f1c -
     25112 7310 -
     25112 73ec -
     25112 2f34 -
     25112 313c -
     25112 5ae0 -
     25112 6f78 -
     25112 4ce4 -
     25112 6a24 -
     25112 4df0 -
     25112 7c14 -
     25112 4af4 -
     25112 5ba0 -
     25112 67cc -
     25112 39d0 -
     25112 7cdc -
     25112 55b8 -
     25112 550c -
     25112 2878 -
     25112 1880 -
     25112 8fb4 -
     25112 2c30 -
     25112 28e8 -
     25112 3b48 -
Cleaned out 0 stale readers
