Using pre-set license
Built from '2021.3/evg/staging/82bb020e-b03b1330/draft-0' branch; Version is '2021.3.16f1 (4016570cf34f) revision 4200023'; Using compiler version '192829333'; Build Type 'Release'
OS: 'Windows 10  (10.0.19045) 64bit Education' Language: 'ko' Physical Memory: 32685 MB
BatchMode: 1, IsHumanControllingUs: 0, StartBugReporterOnCrash: 0, Is64bit: 1, IsPro: 1

COMMAND LINE ARGUMENTS:
C:\Program Files\Unity\2021.3.16f1\Editor\Unity.exe
-adb2
-batchMode
-noUpm
-name
AssetImportWorker122
-projectPath
C:/Users/Administrator/Swordsman-And-Shooters/Swordsman And Shooters
-logFile
Logs/AssetImportWorker122.log
-srvPort
6355
Successfully changed project path to: C:/Users/Administrator/Swordsman-And-Shooters/Swordsman And Shooters
C:/Users/Administrator/Swordsman-And-Shooters/Swordsman And Shooters
[UnityMemory] Configuration Parameters - Can be set up in boot.config
    "memorysetup-bucket-allocator-granularity=16"
    "memorysetup-bucket-allocator-bucket-count=8"
    "memorysetup-bucket-allocator-block-size=33554432"
    "memorysetup-bucket-allocator-block-count=8"
    "memorysetup-main-allocator-block-size=16777216"
    "memorysetup-thread-allocator-block-size=16777216"
    "memorysetup-gfx-main-allocator-block-size=16777216"
    "memorysetup-gfx-thread-allocator-block-size=16777216"
    "memorysetup-cache-allocator-block-size=4194304"
    "memorysetup-typetree-allocator-block-size=2097152"
    "memorysetup-profiler-bucket-allocator-granularity=16"
    "memorysetup-profiler-bucket-allocator-bucket-count=8"
    "memorysetup-profiler-bucket-allocator-block-size=33554432"
    "memorysetup-profiler-bucket-allocator-block-count=8"
    "memorysetup-profiler-allocator-block-size=16777216"
    "memorysetup-profiler-editor-allocator-block-size=1048576"
    "memorysetup-temp-allocator-size-main=16777216"
    "memorysetup-job-temp-allocator-block-size=2097152"
    "memorysetup-job-temp-allocator-block-size-background=1048576"
    "memorysetup-job-temp-allocator-reduction-small-platforms=262144"
    "memorysetup-temp-allocator-size-background-worker=32768"
    "memorysetup-temp-allocator-size-job-worker=262144"
    "memorysetup-temp-allocator-size-preload-manager=33554432"
    "memorysetup-temp-allocator-size-nav-mesh-worker=65536"
    "memorysetup-temp-allocator-size-audio-worker=65536"
    "memorysetup-temp-allocator-size-cloud-worker=32768"
    "memorysetup-temp-allocator-size-gi-baking-worker=262144"
    "memorysetup-temp-allocator-size-gfx=262144"
Player connection [34068] Host "[IP] 223.194.45.60 [Port] 0 [Flags] 2 [Guid] 3414181724 [EditorId] 3414181724 [Version] 1048832 [Id] WindowsEditor(7,DESKTOP-GI9T3HQ) [Debug] 1 [PackageName] WindowsEditor [ProjectName] Editor" joined multi-casting on [225.0.0.222:54997]...

Player connection [34068] Host "[IP] 223.194.45.60 [Port] 0 [Flags] 2 [Guid] 3414181724 [EditorId] 3414181724 [Version] 1048832 [Id] WindowsEditor(7,DESKTOP-GI9T3HQ) [Debug] 1 [PackageName] WindowsEditor [ProjectName] Editor" joined alternative multi-casting on [225.0.0.222:34997]...

mdb reader table full -> cleaning up stale readers. Current readers:
    pid     thread     txnid
     25112 4ed8 -
     38284 5ea0 -
     25112 6d24 -
     25112 7bb8 -
     21188 910c -
     18888 2204 -
     25112 73e4 -
     14748 4b60 -
     36144 92c0 6468
     26800 1990 6468
     23228 4724 6471
     36560 8808 6471
     13224 5cdc 6473
      7996 648 6473
     13444 4c74 6475
     24048 9b48 6475
     10496 9568 6477
     17852 592c 6477
     23788 7bf4 6479
     29460 2c48 6479
     39248 8594 6486
     25072 6710 6486
     11052 41a4 6488
     20328 6e88 6488
     16316 6190 6492
     34312 583c 6492
     37348 8234 6502
     13392 284c 6502
       180 3a30 6505
     38612 71ec 6505
       280 4870 6512
     26152 4260 6512
     36840 5114 6519
     26104 7440 6519
     12804 1928 6526
     13712 60fc 6526
     18108 157c 6528
     28068 2e6c 6528
     35788 4af8 6530
     11024 3004 6530
     29124 7064 6532
     18240 1954 6532
     25144 8470 6539
     13076 8c54 6539
     23708 344c 6541
     20400 13ac 6541
     21468 86c0 6543
     39832 8500 6543
     34572 68a0 6550
     34208 479c 6550
      4724 378 6556
     36996 3fa0 6556
     36972 4bcc 6559
     15780 69b0 6559
      4796 36a0 6561
     38616 8114 6561
     11092 5ef8 6570
     10448 7b4 6570
      2104 392c 6572
     19932 4b9c 6572
     16788 4aac 6574
     22128 51a8 6574
     20920 5a3c 6576
     17920 7224 6576
     21296 4ccc 6583
      1512 2858 6583
     21988 33c0 6585
     23528 521c 6585
     21544 65e4 6587
     34620 6750 6587
     38368 2470 6591
     28152 61e0 6591
     23012 7f14 6595
      2376 9160 6595
     23956 51d0 6597
      2516 939c 6597
     17020 94d8 6601
     24136 5464 6601
     13892 1acc 6618
      4564 2d50 6618
     36148 5194 6625
       332 6c34 6625
      9104 94a4 6630
     18820 4cac 6630
      6116 172c 6632
     24064 4f60 6632
     29588 7480 6634
     15816 83d8 6634
     10532 5f38 6636
     31544 28d8 6636
     39176 2590 6639
     12076 4500 6639
     21740 4328 6641
     35888 8d88 6641
     18788 555c 6643
     34080 5554 6643
     14456 4a2c 6646
     26416 9628 6646
     20976 8110 6648
     29476 12e8 6648
     23412 96ec 6650
     12332 21b4 6650
     35180 6724 6655
     10864 2bbc 6655
     35220 201c 6659
     38920 85b0 6659
      9844 887c 6661
     29892 2a6c 6661
     32312 63e8 6664
     23516 730 6664
     17268 78d4 6675
     36244 6fdc 6675
     21996 404c 6678
     14652 21d4 6678
     16608 8980 6680
     14848 54d4 6680
      8124 29b8 6683
      1084 1ac4 6683
      7816 1894 6686
      1160 554c 6687
     23208 71ac 6693
     23256 5450 6693
     26920 798c 6695
     11220 5204 6695
     16776 448c 6697
      9360 8ea8 6697
Cleaned out 121 stale readers
mdb reader table full -> cleaning up stale readers. Current readers:
    pid     thread     txnid
     25112 4ed8 -
     25112 662c -
     25112 613c -
     25112 69b4 -
     25112 58c0 -
     25112 5958 -
     25112 7bb8 -
     25112 6e20 -
     25112 9f0 -
     25112 3f10 -
     25112 4f90 -
     25112 4a54 -
     25112 20c0 -
     25112 5030 -
     25112 7f94 -
     25112 24f4 -
     25112 8fcc -
     25112 4ef4 -
     25112 7008 -
     25112 1ecc -
     25112 3040 -
     25112 2e8c -
     25112 779c -
     25112 39b8 -
     25112 4e88 -
     25112 1e94 -
     25112 c88 -
     25112 7ef4 -
     25112 41d4 -
     25112 98f0 -
     25112 2da0 -
     25112 823c -
     25112 4c48 -
     25112 67dc -
     25112 1d20 -
     25112 4484 -
     25112 6e38 -
     25112 6b74 -
     25112 72fc -
     25112 608 -
     25112 98d8 -
     25112 7840 -
     25112 5888 -
     25112 2b88 -
     25112 98a8 -
     25112 5e88 -
     25112 7d08 -
     25112 6fd4 -
     25112 8134 -
     25112 9220 -
     25112 4430 -
     25112 5a2c -
     25112 7d00 -
     25112 6eb8 -
     25112 55cc -
     25112 55dc -
     25112 880c -
     25112 7c90 -
     25112 2598 -
     25112 5e38 -
     25112 3fd8 -
     25112 5d9c -
     25112 2554 -
     25112 367c -
     25112 21e0 -
     25112 78a0 -
     25112 70b4 -
     25112 8098 -
     25112 13a4 -
     25112 9868 -
     25112 83b8 -
     25112 7b9c -
     25112 83a4 -
     25112 2408 -
     25112 c54 -
     25112 7cc4 -
     25112 4b40 -
     25112 5c78 -
     25112 76c8 -
     25112 34c8 -
     25112 4ea0 -
     25112 2fc4 -
     25112 98f4 -
     25112 566c -
     25112 7868 -
     25112 2694 -
     25112 8528 -
     25112 d18 -
     25112 c30 -
     25112 410c -
     25112 61d8 -
     25112 87f4 -
     25112 4a4c -
     25112 1830 -
     25112 46a4 -
     25112 70c8 -
     25112 45b8 -
     25112 79fc -
     25112 1b30 -
     25112 dcc -
     25112 2aac -
     25112 4fd4 -
     25112 2f1c -
     25112 7310 -
     25112 73ec -
     25112 2f34 -
     25112 313c -
     25112 5ae0 -
     25112 6f78 -
     25112 4ce4 -
     25112 6a24 -
     25112 4df0 -
     25112 7c14 -
     25112 4af4 -
     25112 5ba0 -
     25112 67cc -
     25112 39d0 -
     25112 7cdc -
     25112 55b8 -
     25112 550c -
     25112 2878 -
     25112 1880 -
     25112 8fb4 -
     25112 2c30 -
     25112 28e8 -
     25112 3b48 -
Cleaned out 0 stale readers
mdb reader table full -> cleaning up stale readers. Current readers:
    pid     thread     txnid
     25112 4ed8 -
     25112 662c -
     25112 613c -
     25112 69b4 -
     25112 58c0 -
     25112 5958 -
     25112 7bb8 -
     25112 6e20 -
     25112 9f0 -
     25112 3f10 -
     25112 4f90 -
     25112 4a54 -
     25112 20c0 -
     25112 5030 -
     25112 7f94 -
     25112 24f4 -
     25112 8fcc -
     25112 4ef4 -
     25112 7008 -
     25112 1ecc -
     25112 3040 -
     25112 2e8c -
     25112 779c -
     25112 39b8 -
     25112 4e88 -
     25112 1e94 -
     25112 c88 -
     25112 7ef4 -
     25112 41d4 -
     25112 98f0 -
     25112 2da0 -
     25112 823c -
     25112 4c48 -
     25112 67dc -
     25112 1d20 -
     25112 4484 -
     25112 6e38 -
     25112 6b74 -
     25112 72fc -
     25112 608 -
     25112 98d8 -
     25112 7840 -
     25112 5888 -
     25112 2b88 -
     25112 98a8 -
     25112 5e88 -
     25112 7d08 -
     25112 6fd4 -
     25112 8134 -
     25112 9220 -
     25112 4430 -
     25112 5a2c -
     25112 7d00 -
     25112 6eb8 -
     25112 55cc -
     25112 55dc -
     25112 880c -
     25112 7c90 -
     25112 2598 -
     25112 5e38 -
     25112 3fd8 -
     25112 5d9c -
     25112 2554 -
     25112 367c -
     25112 21e0 -
     25112 78a0 -
     25112 70b4 -
     25112 8098 -
     25112 13a4 -
     25112 9868 -
     25112 83b8 -
     25112 7b9c -
     25112 83a4 -
     25112 2408 -
     25112 c54 -
     25112 7cc4 -
     25112 4b40 -
     25112 5c78 -
     25112 76c8 -
     25112 34c8 -
     25112 4ea0 -
     25112 2fc4 -
     25112 98f4 -
     25112 566c -
     25112 7868 -
     25112 2694 -
     25112 8528 -
     25112 d18 -
     25112 c30 -
     25112 410c -
     25112 61d8 -
     25112 87f4 -
     25112 4a4c -
     25112 1830 -
     25112 46a4 -
     25112 70c8 -
     25112 45b8 -
     25112 79fc -
     25112 1b30 -
     25112 dcc -
     25112 2aac -
     25112 4fd4 -
     25112 2f1c -
     25112 7310 -
     25112 73ec -
     25112 2f34 -
     25112 313c -
     25112 5ae0 -
     25112 6f78 -
     25112 4ce4 -
     25112 6a24 -
     25112 4df0 -
     25112 7c14 -
     25112 4af4 -
     25112 5ba0 -
     25112 67cc -
     25112 39d0 -
     25112 7cdc -
     25112 55b8 -
     25112 550c -
     25112 2878 -
     25112 1880 -
     25112 8fb4 -
     25112 2c30 -
     25112 28e8 -
     25112 3b48 -
Cleaned out 0 stale readers
mdb reader table full -> cleaning up stale readers. Current readers:
    pid     thread     txnid
     25112 4ed8 -
     25112 662c -
     25112 613c -
     25112 69b4 -
     25112 58c0 -
     25112 5958 -
     25112 7bb8 -
     25112 6e20 -
     25112 9f0 -
     25112 3f10 -
     25112 4f90 -
     25112 4a54 -
     25112 20c0 -
     25112 5030 -
     25112 7f94 -
     25112 24f4 -
     25112 8fcc -
     25112 4ef4 -
     25112 7008 -
     25112 1ecc -
     25112 3040 -
     25112 2e8c -
     25112 779c -
     25112 39b8 -
     25112 4e88 -
     25112 1e94 -
     25112 c88 -
     25112 7ef4 -
     25112 41d4 -
     25112 98f0 -
     25112 2da0 -
     25112 823c -
     25112 4c48 -
     25112 67dc -
     25112 1d20 -
     25112 4484 -
     25112 6e38 -
     25112 6b74 -
     25112 72fc -
     25112 608 -
     25112 98d8 -
     25112 7840 -
     25112 5888 -
     25112 2b88 -
     25112 98a8 -
     25112 5e88 -
     25112 7d08 -
     25112 6fd4 -
     25112 8134 -
     25112 9220 -
     25112 4430 -
     25112 5a2c -
     25112 7d00 -
     25112 6eb8 -
     25112 55cc -
     25112 55dc -
     25112 880c -
     25112 7c90 -
     25112 2598 -
     25112 5e38 -
     25112 3fd8 -
     25112 5d9c -
     25112 2554 -
     25112 367c -
     25112 21e0 -
     25112 78a0 -
     25112 70b4 -
     25112 8098 -
     25112 13a4 -
     25112 9868 -
     25112 83b8 -
     25112 7b9c -
     25112 83a4 -
     25112 2408 -
     25112 c54 -
     25112 7cc4 -
     25112 4b40 -
     25112 5c78 -
     25112 76c8 -
     25112 34c8 -
     25112 4ea0 -
     25112 2fc4 -
     25112 98f4 -
     25112 566c -
     25112 7868 -
     25112 2694 -
     25112 8528 -
     25112 d18 -
     25112 c30 -
     25112 410c -
     25112 61d8 -
     25112 87f4 -
     25112 4a4c -
     25112 1830 -
     25112 46a4 -
     25112 70c8 -
     25112 45b8 -
     25112 79fc -
     25112 1b30 -
     25112 dcc -
     25112 2aac -
     25112 4fd4 -
     25112 2f1c -
     25112 7310 -
     25112 73ec -
     25112 2f34 -
     25112 313c -
     25112 5ae0 -
     25112 6f78 -
     25112 4ce4 -
     25112 6a24 -
     25112 4df0 -
     25112 7c14 -
     25112 4af4 -
     25112 5ba0 -
     25112 67cc -
     25112 39d0 -
     25112 7cdc -
     25112 55b8 -
     25112 550c -
     25112 2878 -
     25112 1880 -
     25112 8fb4 -
     25112 2c30 -
     25112 28e8 -
     25112 3b48 -
Cleaned out 0 stale readers
mdb reader table full -> cleaning up stale readers. Current readers:
    pid     thread     txnid
     25112 4ed8 -
     25112 662c -
     25112 613c -
     25112 69b4 -
     25112 58c0 -
     25112 5958 -
     25112 7bb8 -
     25112 6e20 -
     25112 9f0 -
     25112 3f10 -
     25112 4f90 -
     25112 4a54 -
     25112 20c0 -
     25112 5030 -
     25112 7f94 -
     25112 24f4 -
     25112 8fcc -
     25112 4ef4 -
     25112 7008 -
     25112 1ecc -
     25112 3040 -
     25112 2e8c -
     25112 779c -
     25112 39b8 -
     25112 4e88 -
     25112 1e94 -
     25112 c88 -
     25112 7ef4 -
     25112 41d4 -
     25112 98f0 -
     25112 2da0 -
     25112 823c -
     25112 4c48 -
     25112 67dc -
     25112 1d20 -
     25112 4484 -
     25112 6e38 -
     25112 6b74 -
     25112 72fc -
     25112 608 -
     25112 98d8 -
     25112 7840 -
     25112 5888 -
     25112 2b88 -
     25112 98a8 -
     25112 5e88 -
     25112 7d08 -
     25112 6fd4 -
     25112 8134 -
     25112 9220 -
     25112 4430 -
     25112 5a2c -
     25112 7d00 -
     25112 6eb8 -
     25112 55cc -
     25112 55dc -
     25112 880c -
     25112 7c90 -
     25112 2598 -
     25112 5e38 -
     25112 3fd8 -
     25112 5d9c -
     25112 2554 -
     25112 367c -
     25112 21e0 -
     25112 78a0 -
     25112 70b4 -
     25112 8098 -
     25112 13a4 -
     25112 9868 -
     25112 83b8 -
     25112 7b9c -
     25112 83a4 -
     25112 2408 -
     25112 c54 -
     25112 7cc4 -
     25112 4b40 -
     25112 5c78 -
     25112 76c8 -
     25112 34c8 -
     25112 4ea0 -
     25112 2fc4 -
     25112 98f4 -
     25112 566c -
     25112 7868 -
     25112 2694 -
     25112 8528 -
     25112 d18 -
     25112 c30 -
     25112 410c -
     25112 61d8 -
     25112 87f4 -
     25112 4a4c -
     25112 1830 -
     25112 46a4 -
     25112 70c8 -
     25112 45b8 -
     25112 79fc -
     25112 1b30 -
     25112 dcc -
     25112 2aac -
     25112 4fd4 -
     25112 2f1c -
     25112 7310 -
     25112 73ec -
     25112 2f34 -
     25112 313c -
     25112 5ae0 -
     25112 6f78 -
     25112 4ce4 -
     25112 6a24 -
     25112 4df0 -
     25112 7c14 -
     25112 4af4 -
     25112 5ba0 -
     25112 67cc -
     25112 39d0 -
     25112 7cdc -
     25112 55b8 -
     25112 550c -
     25112 2878 -
     25112 1880 -
     25112 8fb4 -
     25112 2c30 -
     25112 28e8 -
     25112 3b48 -
Cleaned out 0 stale readers
mdb reader table full -> cleaning up stale readers. Current readers:
    pid     thread     txnid
     25112 4ed8 -
     25112 662c -
     25112 613c -
     25112 69b4 -
     25112 58c0 -
     25112 5958 -
     25112 7bb8 -
     25112 6e20 -
     25112 9f0 -
     25112 3f10 -
     25112 4f90 -
     25112 4a54 -
     25112 20c0 -
     25112 5030 -
     25112 7f94 -
     25112 24f4 -
     25112 8fcc -
     25112 4ef4 -
     25112 7008 -
     25112 1ecc -
     25112 3040 -
     25112 2e8c -
     25112 779c -
     25112 39b8 -
     25112 4e88 -
     25112 1e94 -
     25112 c88 -
     25112 7ef4 -
     25112 41d4 -
     25112 98f0 -
     25112 2da0 -
     25112 823c -
     25112 4c48 -
     25112 67dc -
     25112 1d20 -
     25112 4484 -
     25112 6e38 -
     25112 6b74 -
     25112 72fc -
     25112 608 -
     25112 98d8 -
     25112 7840 -
     25112 5888 -
     25112 2b88 -
     25112 98a8 -
     25112 5e88 -
     25112 7d08 -
     25112 6fd4 -
     25112 8134 -
     25112 9220 -
     25112 4430 -
     25112 5a2c -
     25112 7d00 -
     25112 6eb8 -
     25112 55cc -
     25112 55dc -
     25112 880c -
     25112 7c90 -
     25112 2598 -
     25112 5e38 -
     25112 3fd8 -
     25112 5d9c -
     25112 2554 -
     25112 367c -
     25112 21e0 -
     25112 78a0 -
     25112 70b4 -
     25112 8098 -
     25112 13a4 -
     25112 9868 -
     25112 83b8 -
     25112 7b9c -
     25112 83a4 -
     25112 2408 -
     25112 c54 -
     25112 7cc4 -
     25112 4b40 -
     25112 5c78 -
     25112 76c8 -
     25112 34c8 -
     25112 4ea0 -
     25112 2fc4 -
     25112 98f4 -
     25112 566c -
     25112 7868 -
     25112 2694 -
     25112 8528 -
     25112 d18 -
     25112 c30 -
     25112 410c -
     25112 61d8 -
     25112 87f4 -
     25112 4a4c -
     25112 1830 -
     25112 46a4 -
     25112 70c8 -
     25112 45b8 -
     25112 79fc -
     25112 1b30 -
     25112 dcc -
     25112 2aac -
     25112 4fd4 -
     25112 2f1c -
     25112 7310 -
     25112 73ec -
     25112 2f34 -
     25112 313c -
     25112 5ae0 -
     25112 6f78 -
     25112 4ce4 -
     25112 6a24 -
     25112 4df0 -
     25112 7c14 -
     25112 4af4 -
     25112 5ba0 -
     25112 67cc -
     25112 39d0 -
     25112 7cdc -
     25112 55b8 -
     25112 550c -
     25112 2878 -
     25112 1880 -
     25112 8fb4 -
     25112 2c30 -
     25112 28e8 -
     25112 3b48 -
Cleaned out 0 stale readers
mdb reader table full -> cleaning up stale readers. Current readers:
    pid     thread     txnid
     25112 4ed8 -
     25112 662c -
     25112 613c -
     25112 69b4 -
     25112 58c0 -
     25112 5958 -
     25112 7bb8 -
     25112 6e20 -
     25112 9f0 -
     25112 3f10 -
     25112 4f90 -
     25112 4a54 -
     25112 20c0 -
     25112 5030 -
     25112 7f94 -
     25112 24f4 -
     25112 8fcc -
     25112 4ef4 -
     25112 7008 -
     25112 1ecc -
     25112 3040 -
     25112 2e8c -
     25112 779c -
     25112 39b8 -
     25112 4e88 -
     25112 1e94 -
     25112 c88 -
     25112 7ef4 -
     25112 41d4 -
     25112 98f0 -
     25112 2da0 -
     25112 823c -
     25112 4c48 -
     25112 67dc -
     25112 1d20 -
     25112 4484 -
     25112 6e38 -
     25112 6b74 -
     25112 72fc -
     25112 608 -
     25112 98d8 -
     25112 7840 -
     25112 5888 -
     25112 2b88 -
     25112 98a8 -
     25112 5e88 -
     25112 7d08 -
     25112 6fd4 -
     25112 8134 -
     25112 9220 -
     25112 4430 -
     25112 5a2c -
     25112 7d00 -
     25112 6eb8 -
     25112 55cc -
     25112 55dc -
     25112 880c -
     25112 7c90 -
     25112 2598 -
     25112 5e38 -
     25112 3fd8 -
     25112 5d9c -
     25112 2554 -
     25112 367c -
     25112 21e0 -
     25112 78a0 -
     25112 70b4 -
     25112 8098 -
     25112 13a4 -
     25112 9868 -
     25112 83b8 -
     25112 7b9c -
     25112 83a4 -
     25112 2408 -
     25112 c54 -
     25112 7cc4 -
     25112 4b40 -
     25112 5c78 -
     25112 76c8 -
     25112 34c8 -
     25112 4ea0 -
     25112 2fc4 -
     25112 98f4 -
     25112 566c -
     25112 7868 -
     25112 2694 -
     25112 8528 -
     25112 d18 -
     25112 c30 -
     25112 410c -
     25112 61d8 -
     25112 87f4 -
     25112 4a4c -
     25112 1830 -
     25112 46a4 -
     25112 70c8 -
     25112 45b8 -
     25112 79fc -
     25112 1b30 -
     25112 dcc -
     25112 2aac -
     25112 4fd4 -
     25112 2f1c -
     25112 7310 -
     25112 73ec -
     25112 2f34 -
     25112 313c -
     25112 5ae0 -
     25112 6f78 -
     25112 4ce4 -
     25112 6a24 -
     25112 4df0 -
     25112 7c14 -
     25112 4af4 -
     25112 5ba0 -
     25112 67cc -
     25112 39d0 -
     25112 7cdc -
     25112 55b8 -
     25112 550c -
     25112 2878 -
     25112 1880 -
     25112 8fb4 -
     25112 2c30 -
     25112 28e8 -
     25112 3b48 -
Cleaned out 0 stale readers
Cannot open transaction. Error -30790 (aborting errors true)
Asset database transaction committed twice!
Assertion failed on expression: 'errors == MDB_SUCCESS || errors == MDB_NOTFOUND'
mdb reader table full -> cleaning up stale readers. Current readers:
    pid     thread     txnid
     25112 4ed8 -
     25112 662c -
     25112 613c -
     25112 69b4 -
     25112 58c0 -
     25112 5958 -
     25112 7bb8 -
     25112 6e20 -
     25112 9f0 -
     25112 3f10 -
     25112 4f90 -
     25112 4a54 -
     25112 20c0 -
     25112 5030 -
     25112 7f94 -
     25112 24f4 -
     25112 8fcc -
     25112 4ef4 -
     25112 7008 -
     25112 1ecc -
     25112 3040 -
     25112 2e8c -
     25112 779c -
     25112 39b8 -
     25112 4e88 -
     25112 1e94 -
     25112 c88 -
     25112 7ef4 -
     25112 41d4 -
     25112 98f0 -
     25112 2da0 -
     25112 823c -
     25112 4c48 -
     25112 67dc -
     25112 1d20 -
     25112 4484 -
     25112 6e38 -
     25112 6b74 -
     25112 72fc -
     25112 608 -
     25112 98d8 -
     25112 7840 -
     25112 5888 -
     25112 2b88 -
     25112 98a8 -
     25112 5e88 -
     25112 7d08 -
     25112 6fd4 -
     25112 8134 -
     25112 9220 -
     25112 4430 -
     25112 5a2c -
     25112 7d00 -
     25112 6eb8 -
     25112 55cc -
     25112 55dc -
     25112 880c -
     25112 7c90 -
     25112 2598 -
     25112 5e38 -
     25112 3fd8 -
     25112 5d9c -
     25112 2554 -
     25112 367c -
     25112 21e0 -
     25112 78a0 -
     25112 70b4 -
     25112 8098 -
     25112 13a4 -
     25112 9868 -
     25112 83b8 -
     25112 7b9c -
     25112 83a4 -
     25112 2408 -
     25112 c54 -
     25112 7cc4 -
     25112 4b40 -
     25112 5c78 -
     25112 76c8 -
     25112 34c8 -
     25112 4ea0 -
     25112 2fc4 -
     25112 98f4 -
     25112 566c -
     25112 7868 -
     25112 2694 -
     25112 8528 -
     25112 d18 -
     25112 c30 -
     25112 410c -
     25112 61d8 -
     25112 87f4 -
     25112 4a4c -
     25112 1830 -
     25112 46a4 -
     25112 70c8 -
     25112 45b8 -
     25112 79fc -
     25112 1b30 -
     25112 dcc -
     25112 2aac -
     25112 4fd4 -
     25112 2f1c -
     25112 7310 -
     25112 73ec -
     25112 2f34 -
     25112 313c -
     25112 5ae0 -
     25112 6f78 -
     25112 4ce4 -
     25112 6a24 -
     25112 4df0 -
     25112 7c14 -
     25112 4af4 -
     25112 5ba0 -
     25112 67cc -
     25112 39d0 -
     25112 7cdc -
     25112 55b8 -
     25112 550c -
     25112 2878 -
     25112 1880 -
     25112 8fb4 -
     25112 2c30 -
     25112 28e8 -
     25112 3b48 -
Cleaned out 0 stale readers
mdb reader table full -> cleaning up stale readers. Current readers:
    pid     thread     txnid
     25112 4ed8 -
     25112 662c -
     25112 613c -
     25112 69b4 -
     25112 58c0 -
     25112 5958 -
     25112 7bb8 -
     25112 6e20 -
     25112 9f0 -
     25112 3f10 -
     25112 4f90 -
     25112 4a54 -
     25112 20c0 -
     25112 5030 -
     25112 7f94 -
     25112 24f4 -
     25112 8fcc -
     25112 4ef4 -
     25112 7008 -
     25112 1ecc -
     25112 3040 -
     25112 2e8c -
     25112 779c -
     25112 39b8 -
     25112 4e88 -
     25112 1e94 -
     25112 c88 -
     25112 7ef4 -
     25112 41d4 -
     25112 98f0 -
     25112 2da0 -
     25112 823c -
     25112 4c48 -
     25112 67dc -
     25112 1d20 -
     25112 4484 -
     25112 6e38 -
     25112 6b74 -
     25112 72fc -
     25112 608 -
     25112 98d8 -
     25112 7840 -
     25112 5888 -
     25112 2b88 -
     25112 98a8 -
     25112 5e88 -
     25112 7d08 -
     25112 6fd4 -
     25112 8134 -
     25112 9220 -
     25112 4430 -
     25112 5a2c -
     25112 7d00 -
     25112 6eb8 -
     25112 55cc -
     25112 55dc -
     25112 880c -
     25112 7c90 -
     25112 2598 -
     25112 5e38 -
     25112 3fd8 -
     25112 5d9c -
     25112 2554 -
     25112 367c -
     25112 21e0 -
     25112 78a0 -
     25112 70b4 -
     25112 8098 -
     25112 13a4 -
     25112 9868 -
     25112 83b8 -
     25112 7b9c -
     25112 83a4 -
     25112 2408 -
     25112 c54 -
     25112 7cc4 -
     25112 4b40 -
     25112 5c78 -
     25112 76c8 -
     25112 34c8 -
     25112 4ea0 -
     25112 2fc4 -
     25112 98f4 -
     25112 566c -
     25112 7868 -
     25112 2694 -
     25112 8528 -
     25112 d18 -
     25112 c30 -
     25112 410c -
     25112 61d8 -
     25112 87f4 -
     25112 4a4c -
     25112 1830 -
     25112 46a4 -
     25112 70c8 -
     25112 45b8 -
     25112 79fc -
     25112 1b30 -
     25112 dcc -
     25112 2aac -
     25112 4fd4 -
     25112 2f1c -
     25112 7310 -
     25112 73ec -
     25112 2f34 -
     25112 313c -
     25112 5ae0 -
     25112 6f78 -
     25112 4ce4 -
     25112 6a24 -
     25112 4df0 -
     25112 7c14 -
     25112 4af4 -
     25112 5ba0 -
     25112 67cc -
     25112 39d0 -
     25112 7cdc -
     25112 55b8 -
     25112 550c -
     25112 2878 -
     25112 1880 -
     25112 8fb4 -
     25112 2c30 -
     25112 28e8 -
     25112 3b48 -
Cleaned out 0 stale readers
mdb reader table full -> cleaning up stale readers. Current readers:
    pid     thread     txnid
     25112 4ed8 -
     25112 662c -
     25112 613c -
     25112 69b4 -
     25112 58c0 -
     25112 5958 -
     25112 7bb8 -
     25112 6e20 -
     25112 9f0 -
     25112 3f10 -
     25112 4f90 -
     25112 4a54 -
     25112 20c0 -
     25112 5030 -
     25112 7f94 -
     25112 24f4 -
     25112 8fcc -
     25112 4ef4 -
     25112 7008 -
     25112 1ecc -
     25112 3040 -
     25112 2e8c -
     25112 779c -
     25112 39b8 -
     25112 4e88 -
     25112 1e94 -
     25112 c88 -
     25112 7ef4 -
     25112 41d4 -
     25112 98f0 -
     25112 2da0 -
     25112 823c -
     25112 4c48 -
     25112 67dc -
     25112 1d20 -
     25112 4484 -
     25112 6e38 -
     25112 6b74 -
     25112 72fc -
     25112 608 -
     25112 98d8 -
     25112 7840 -
     25112 5888 -
     25112 2b88 -
     25112 98a8 -
     25112 5e88 -
     25112 7d08 -
     25112 6fd4 -
     25112 8134 -
     25112 9220 -
     25112 4430 -
     25112 5a2c -
     25112 7d00 -
     25112 6eb8 -
     25112 55cc -
     25112 55dc -
     25112 880c -
     25112 7c90 -
     25112 2598 -
     25112 5e38 -
     25112 3fd8 -
     25112 5d9c -
     25112 2554 -
     25112 367c -
     25112 21e0 -
     25112 78a0 -
     25112 70b4 -
     25112 8098 -
     25112 13a4 -
     25112 9868 -
     25112 83b8 -
     25112 7b9c -
     25112 83a4 -
     25112 2408 -
     25112 c54 -
     25112 7cc4 -
     25112 4b40 -
     25112 5c78 -
     25112 76c8 -
     25112 34c8 -
     25112 4ea0 -
     25112 2fc4 -
     25112 98f4 -
     25112 566c -
     25112 7868 -
     25112 2694 -
     25112 8528 -
     25112 d18 -
     25112 c30 -
     25112 410c -
     25112 61d8 -
     25112 87f4 -
     25112 4a4c -
     25112 1830 -
     25112 46a4 -
     25112 70c8 -
     25112 45b8 -
     25112 79fc -
     25112 1b30 -
     25112 dcc -
     25112 2aac -
     25112 4fd4 -
     25112 2f1c -
     25112 7310 -
     25112 73ec -
     25112 2f34 -
     25112 313c -
     25112 5ae0 -
     25112 6f78 -
     25112 4ce4 -
     25112 6a24 -
     25112 4df0 -
     25112 7c14 -
     25112 4af4 -
     25112 5ba0 -
     25112 67cc -
     25112 39d0 -
     25112 7cdc -
     25112 55b8 -
     25112 550c -
     25112 2878 -
     25112 1880 -
     25112 8fb4 -
     25112 2c30 -
     25112 28e8 -
     25112 3b48 -
Cleaned out 0 stale readers
mdb reader table full -> cleaning up stale readers. Current readers:
    pid     thread     txnid
     25112 4ed8 -
     25112 662c -
     25112 613c -
     25112 69b4 -
     25112 58c0 -
     25112 5958 -
     25112 7bb8 -
     25112 6e20 -
     25112 9f0 -
     25112 3f10 -
     25112 4f90 -
     25112 4a54 -
     25112 20c0 -
     25112 5030 -
     25112 7f94 -
     25112 24f4 -
     25112 8fcc -
     25112 4ef4 -
     25112 7008 -
     25112 1ecc -
     25112 3040 -
     25112 2e8c -
     25112 779c -
     25112 39b8 -
     25112 4e88 -
     25112 1e94 -
     25112 c88 -
     25112 7ef4 -
     25112 41d4 -
     25112 98f0 -
     25112 2da0 -
     25112 823c -
     25112 4c48 -
     25112 67dc -
     25112 1d20 -
     25112 4484 -
     25112 6e38 -
     25112 6b74 -
     25112 72fc -
     25112 608 -
     25112 98d8 -
     25112 7840 -
     25112 5888 -
     25112 2b88 -
     25112 98a8 -
     25112 5e88 -
     25112 7d08 -
     25112 6fd4 -
     25112 8134 -
     25112 9220 -
     25112 4430 -
     25112 5a2c -
     25112 7d00 -
     25112 6eb8 -
     25112 55cc -
     25112 55dc -
     25112 880c -
     25112 7c90 -
     25112 2598 -
     25112 5e38 -
     25112 3fd8 -
     25112 5d9c -
     25112 2554 -
     25112 367c -
     25112 21e0 -
     25112 78a0 -
     25112 70b4 -
     25112 8098 -
     25112 13a4 -
     25112 9868 -
     25112 83b8 -
     25112 7b9c -
     25112 83a4 -
     25112 2408 -
     25112 c54 -
     25112 7cc4 -
     25112 4b40 -
     25112 5c78 -
     25112 76c8 -
     25112 34c8 -
     25112 4ea0 -
     25112 2fc4 -
     25112 98f4 -
     25112 566c -
     25112 7868 -
     25112 2694 -
     25112 8528 -
     25112 d18 -
     25112 c30 -
     25112 410c -
     25112 61d8 -
     25112 87f4 -
     25112 4a4c -
     25112 1830 -
     25112 46a4 -
     25112 70c8 -
     25112 45b8 -
     25112 79fc -
     25112 1b30 -
     25112 dcc -
     25112 2aac -
     25112 4fd4 -
     25112 2f1c -
     25112 7310 -
     25112 73ec -
     25112 2f34 -
     25112 313c -
     25112 5ae0 -
     25112 6f78 -
     25112 4ce4 -
     25112 6a24 -
     25112 4df0 -
     25112 7c14 -
     25112 4af4 -
     25112 5ba0 -
     25112 67cc -
     25112 39d0 -
     25112 7cdc -
     25112 55b8 -
     25112 550c -
     25112 2878 -
     25112 1880 -
     25112 8fb4 -
     25112 2c30 -
     25112 28e8 -
     25112 3b48 -
Cleaned out 0 stale readers
mdb reader table full -> cleaning up stale readers. Current readers:
    pid     thread     txnid
     25112 4ed8 -
     25112 662c -
     25112 613c -
     25112 69b4 -
     25112 58c0 -
     25112 5958 -
     25112 7bb8 -
     25112 6e20 -
     25112 9f0 -
     25112 3f10 -
     25112 4f90 -
     25112 4a54 -
     25112 20c0 -
     25112 5030 -
     25112 7f94 -
     25112 24f4 -
     25112 8fcc -
     25112 4ef4 -
     25112 7008 -
     25112 1ecc -
     25112 3040 -
     25112 2e8c -
     25112 779c -
     25112 39b8 -
     25112 4e88 -
     25112 1e94 -
     25112 c88 -
     25112 7ef4 -
     25112 41d4 -
     25112 98f0 -
     25112 2da0 -
     25112 823c -
     25112 4c48 -
     25112 67dc -
     25112 1d20 -
     25112 4484 -
     25112 6e38 -
     25112 6b74 -
     25112 72fc -
     25112 608 -
     25112 98d8 -
     25112 7840 -
     25112 5888 -
     25112 2b88 -
     25112 98a8 -
     25112 5e88 -
     25112 7d08 -
     25112 6fd4 -
     25112 8134 -
     25112 9220 -
     25112 4430 -
     25112 5a2c -
     25112 7d00 -
     25112 6eb8 -
     25112 55cc -
     25112 55dc -
     25112 880c -
     25112 7c90 -
     25112 2598 -
     25112 5e38 -
     25112 3fd8 -
     25112 5d9c -
     25112 2554 -
     25112 367c -
     25112 21e0 -
     25112 78a0 -
     25112 70b4 -
     25112 8098 -
     25112 13a4 -
     25112 9868 -
     25112 83b8 -
     25112 7b9c -
     25112 83a4 -
     25112 2408 -
     25112 c54 -
     25112 7cc4 -
     25112 4b40 -
     25112 5c78 -
     25112 76c8 -
     25112 34c8 -
     25112 4ea0 -
     25112 2fc4 -
     25112 98f4 -
     25112 566c -
     25112 7868 -
     25112 2694 -
     25112 8528 -
     25112 d18 -
     25112 c30 -
     25112 410c -
     25112 61d8 -
     25112 87f4 -
     25112 4a4c -
     25112 1830 -
     25112 46a4 -
     25112 70c8 -
     25112 45b8 -
     25112 79fc -
     25112 1b30 -
     25112 dcc -
     25112 2aac -
     25112 4fd4 -
     25112 2f1c -
     25112 7310 -
     25112 73ec -
     25112 2f34 -
     25112 313c -
     25112 5ae0 -
     25112 6f78 -
     25112 4ce4 -
     25112 6a24 -
     25112 4df0 -
     25112 7c14 -
     25112 4af4 -
     25112 5ba0 -
     25112 67cc -
     25112 39d0 -
     25112 7cdc -
     25112 55b8 -
     25112 550c -
     25112 2878 -
     25112 1880 -
     25112 8fb4 -
     25112 2c30 -
     25112 28e8 -
     25112 3b48 -
Cleaned out 0 stale readers
mdb reader table full -> cleaning up stale readers. Current readers:
    pid     thread     txnid
     25112 4ed8 -
     25112 662c -
     25112 613c -
     25112 69b4 -
     25112 58c0 -
     25112 5958 -
     25112 7bb8 -
     25112 6e20 -
     25112 9f0 -
     25112 3f10 -
     25112 4f90 -
     25112 4a54 -
     25112 20c0 -
     25112 5030 -
     25112 7f94 -
     25112 24f4 -
     25112 8fcc -
     25112 4ef4 -
     25112 7008 -
     25112 1ecc -
     25112 3040 -
     25112 2e8c -
     25112 779c -
     25112 39b8 -
     25112 4e88 -
     25112 1e94 -
     25112 c88 -
     25112 7ef4 -
     25112 41d4 -
     25112 98f0 -
     25112 2da0 -
     25112 823c -
     25112 4c48 -
     25112 67dc -
     25112 1d20 -
     25112 4484 -
     25112 6e38 -
     25112 6b74 -
     25112 72fc -
     25112 608 -
     25112 98d8 -
     25112 7840 -
     25112 5888 -
     25112 2b88 -
     25112 98a8 -
     25112 5e88 -
     25112 7d08 -
     25112 6fd4 -
     25112 8134 -
     25112 9220 -
     25112 4430 -
     25112 5a2c -
     25112 7d00 -
     25112 6eb8 -
     25112 55cc -
     25112 55dc -
     25112 880c -
     25112 7c90 -
     25112 2598 -
     25112 5e38 -
     25112 3fd8 -
     25112 5d9c -
     25112 2554 -
     25112 367c -
     25112 21e0 -
     25112 78a0 -
     25112 70b4 -
     25112 8098 -
     25112 13a4 -
     25112 9868 -
     25112 83b8 -
     25112 7b9c -
     25112 83a4 -
     25112 2408 -
     25112 c54 -
     25112 7cc4 -
     25112 4b40 -
     25112 5c78 -
     25112 76c8 -
     25112 34c8 -
     25112 4ea0 -
     25112 2fc4 -
     25112 98f4 -
     25112 566c -
     25112 7868 -
     25112 2694 -
     25112 8528 -
     25112 d18 -
     25112 c30 -
     25112 410c -
     25112 61d8 -
     25112 87f4 -
     25112 4a4c -
     25112 1830 -
     25112 46a4 -
     25112 70c8 -
     25112 45b8 -
     25112 79fc -
     25112 1b30 -
     25112 dcc -
     25112 2aac -
     25112 4fd4 -
     25112 2f1c -
     25112 7310 -
     25112 73ec -
     25112 2f34 -
     25112 313c -
     25112 5ae0 -
     25112 6f78 -
     25112 4ce4 -
     25112 6a24 -
     25112 4df0 -
     25112 7c14 -
     25112 4af4 -
     25112 5ba0 -
     25112 67cc -
     25112 39d0 -
     25112 7cdc -
     25112 55b8 -
     25112 550c -
     25112 2878 -
     25112 1880 -
     25112 8fb4 -
     25112 2c30 -
     25112 28e8 -
     25112 3b48 -
Cleaned out 0 stale readers
Cannot open transaction. Error -30790 (aborting errors true)
Asset database transaction committed twice!
Assertion failed on expression: 'errors == MDB_SUCCESS || errors == MDB_NOTFOUND'
mdb reader table full -> cleaning up stale readers. Current readers:
    pid     thread     txnid
     25112 4ed8 -
     25112 662c -
     25112 613c -
     25112 69b4 -
     25112 58c0 -
     25112 5958 -
     25112 7bb8 -
     25112 6e20 -
     25112 9f0 -
     25112 3f10 -
     25112 4f90 -
     25112 4a54 -
     25112 20c0 -
     25112 5030 -
     25112 7f94 -
     25112 24f4 -
     25112 8fcc -
     25112 4ef4 -
     25112 7008 -
     25112 1ecc -
     25112 3040 -
     25112 2e8c -
     25112 779c -
     25112 39b8 -
     25112 4e88 -
     25112 1e94 -
     25112 c88 -
     25112 7ef4 -
     25112 41d4 -
     25112 98f0 -
     25112 2da0 -
     25112 823c -
     25112 4c48 -
     25112 67dc -
     25112 1d20 -
     25112 4484 -
     25112 6e38 -
     25112 6b74 -
     25112 72fc -
     25112 608 -
     25112 98d8 -
     25112 7840 -
     25112 5888 -
     25112 2b88 -
     25112 98a8 -
     25112 5e88 -
     25112 7d08 -
     25112 6fd4 -
     25112 8134 -
     25112 9220 -
     25112 4430 -
     25112 5a2c -
     25112 7d00 -
     25112 6eb8 -
     25112 55cc -
     25112 55dc -
     25112 880c -
     25112 7c90 -
     25112 2598 -
     25112 5e38 -
     25112 3fd8 -
     25112 5d9c -
     25112 2554 -
     25112 367c -
     25112 21e0 -
     25112 78a0 -
     25112 70b4 -
     25112 8098 -
     25112 13a4 -
     25112 9868 -
     25112 83b8 -
     25112 7b9c -
     25112 83a4 -
     25112 2408 -
     25112 c54 -
     25112 7cc4 -
     25112 4b40 -
     25112 5c78 -
     25112 76c8 -
     25112 34c8 -
     25112 4ea0 -
     25112 2fc4 -
     25112 98f4 -
     25112 566c -
     25112 7868 -
     25112 2694 -
     25112 8528 -
     25112 d18 -
     25112 c30 -
     25112 410c -
     25112 61d8 -
     25112 87f4 -
     25112 4a4c -
     25112 1830 -
     25112 46a4 -
     25112 70c8 -
     25112 45b8 -
     25112 79fc -
     25112 1b30 -
     25112 dcc -
     25112 2aac -
     25112 4fd4 -
     25112 2f1c -
     25112 7310 -
     25112 73ec -
     25112 2f34 -
     25112 313c -
     25112 5ae0 -
     25112 6f78 -
     25112 4ce4 -
     25112 6a24 -
     25112 4df0 -
     25112 7c14 -
     25112 4af4 -
     25112 5ba0 -
     25112 67cc -
     25112 39d0 -
     25112 7cdc -
     25112 55b8 -
     25112 550c -
     25112 2878 -
     25112 1880 -
     25112 8fb4 -
     25112 2c30 -
     25112 28e8 -
     25112 3b48 -
Cleaned out 0 stale readers
mdb reader table full -> cleaning up stale readers. Current readers:
    pid     thread     txnid
     25112 4ed8 -
     25112 662c -
     25112 613c -
     25112 69b4 -
     25112 58c0 -
     25112 5958 -
     25112 7bb8 -
     25112 6e20 -
     25112 9f0 -
     25112 3f10 -
     25112 4f90 -
     25112 4a54 -
     25112 20c0 -
     25112 5030 -
     25112 7f94 -
     25112 24f4 -
     25112 8fcc -
     25112 4ef4 -
     25112 7008 -
     25112 1ecc -
     25112 3040 -
     25112 2e8c -
     25112 779c -
     25112 39b8 -
     25112 4e88 -
     25112 1e94 -
     25112 c88 -
     25112 7ef4 -
     25112 41d4 -
     25112 98f0 -
     25112 2da0 -
     25112 823c -
     25112 4c48 -
     25112 67dc -
     25112 1d20 -
     25112 4484 -
     25112 6e38 -
     25112 6b74 -
     25112 72fc -
     25112 608 -
     25112 98d8 -
     25112 7840 -
     25112 5888 -
     25112 2b88 -
     25112 98a8 -
     25112 5e88 -
     25112 7d08 -
     25112 6fd4 -
     25112 8134 -
     25112 9220 -
     25112 4430 -
     25112 5a2c -
     25112 7d00 -
     25112 6eb8 -
     25112 55cc -
     25112 55dc -
     25112 880c -
     25112 7c90 -
     25112 2598 -
     25112 5e38 -
     25112 3fd8 -
     25112 5d9c -
     25112 2554 -
     25112 367c -
     25112 21e0 -
     25112 78a0 -
     25112 70b4 -
     25112 8098 -
     25112 13a4 -
     25112 9868 -
     25112 83b8 -
     25112 7b9c -
     25112 83a4 -
     25112 2408 -
     25112 c54 -
     25112 7cc4 -
     25112 4b40 -
     25112 5c78 -
     25112 76c8 -
     25112 34c8 -
     25112 4ea0 -
     25112 2fc4 -
     25112 98f4 -
     25112 566c -
     25112 7868 -
     25112 2694 -
     25112 8528 -
     25112 d18 -
     25112 c30 -
     25112 410c -
     25112 61d8 -
     25112 87f4 -
     25112 4a4c -
     25112 1830 -
     25112 46a4 -
     25112 70c8 -
     25112 45b8 -
     25112 79fc -
     25112 1b30 -
     25112 dcc -
     25112 2aac -
     25112 4fd4 -
     25112 2f1c -
     25112 7310 -
     25112 73ec -
     25112 2f34 -
     25112 313c -
     25112 5ae0 -
     25112 6f78 -
     25112 4ce4 -
     25112 6a24 -
     25112 4df0 -
     25112 7c14 -
     25112 4af4 -
     25112 5ba0 -
     25112 67cc -
     25112 39d0 -
     25112 7cdc -
     25112 55b8 -
     25112 550c -
     25112 2878 -
     25112 1880 -
     25112 8fb4 -
     25112 2c30 -
     25112 28e8 -
     25112 3b48 -
Cleaned out 0 stale readers
mdb reader table full -> cleaning up stale readers. Current readers:
    pid     thread     txnid
     25112 4ed8 -
     25112 662c -
     25112 613c -
     25112 69b4 -
     25112 58c0 -
     25112 5958 -
     25112 7bb8 -
     25112 6e20 -
     25112 9f0 -
     25112 3f10 -
     25112 4f90 -
     25112 4a54 -
     25112 20c0 -
     25112 5030 -
     25112 7f94 -
     25112 24f4 -
     25112 8fcc -
     25112 4ef4 -
     25112 7008 -
     25112 1ecc -
     25112 3040 -
     25112 2e8c -
     25112 779c -
     25112 39b8 -
     25112 4e88 -
     25112 1e94 -
     25112 c88 -
     25112 7ef4 -
     25112 41d4 -
     25112 98f0 -
     25112 2da0 -
     25112 823c -
     25112 4c48 -
     25112 67dc -
     25112 1d20 -
     25112 4484 -
     25112 6e38 -
     25112 6b74 -
     25112 72fc -
     25112 608 -
     25112 98d8 -
     25112 7840 -
     25112 5888 -
     25112 2b88 -
     25112 98a8 -
     25112 5e88 -
     25112 7d08 -
     25112 6fd4 -
     25112 8134 -
     25112 9220 -
     25112 4430 -
     25112 5a2c -
     25112 7d00 -
     25112 6eb8 -
     25112 55cc -
     25112 55dc -
     25112 880c -
     25112 7c90 -
     25112 2598 -
     25112 5e38 -
     25112 3fd8 -
     25112 5d9c -
     25112 2554 -
     25112 367c -
     25112 21e0 -
     25112 78a0 -
     25112 70b4 -
     25112 8098 -
     25112 13a4 -
     25112 9868 -
     25112 83b8 -
     25112 7b9c -
     25112 83a4 -
     25112 2408 -
     25112 c54 -
     25112 7cc4 -
     25112 4b40 -
     25112 5c78 -
     25112 76c8 -
     25112 34c8 -
     25112 4ea0 -
     25112 2fc4 -
     25112 98f4 -
     25112 566c -
     25112 7868 -
     25112 2694 -
     25112 8528 -
     25112 d18 -
     25112 c30 -
     25112 410c -
     25112 61d8 -
     25112 87f4 -
     25112 4a4c -
     25112 1830 -
     25112 46a4 -
     25112 70c8 -
     25112 45b8 -
     25112 79fc -
     25112 1b30 -
     25112 dcc -
     25112 2aac -
     25112 4fd4 -
     25112 2f1c -
     25112 7310 -
     25112 73ec -
     25112 2f34 -
     25112 313c -
     25112 5ae0 -
     25112 6f78 -
     25112 4ce4 -
     25112 6a24 -
     25112 4df0 -
     25112 7c14 -
     25112 4af4 -
     25112 5ba0 -
     25112 67cc -
     25112 39d0 -
     25112 7cdc -
     25112 55b8 -
     25112 550c -
     25112 2878 -
     25112 1880 -
     25112 8fb4 -
     25112 2c30 -
     25112 28e8 -
     25112 3b48 -
Cleaned out 0 stale readers
mdb reader table full -> cleaning up stale readers. Current readers:
    pid     thread     txnid
     25112 4ed8 -
     25112 662c -
     25112 613c -
     25112 69b4 -
     25112 58c0 -
     25112 5958 -
     25112 7bb8 -
     25112 6e20 -
     25112 9f0 -
     25112 3f10 -
     25112 4f90 -
     25112 4a54 -
     25112 20c0 -
     25112 5030 -
     25112 7f94 -
     25112 24f4 -
     25112 8fcc -
     25112 4ef4 -
     25112 7008 -
     25112 1ecc -
     25112 3040 -
     25112 2e8c -
     25112 779c -
     25112 39b8 -
     25112 4e88 -
     25112 1e94 -
     25112 c88 -
     25112 7ef4 -
     25112 41d4 -
     25112 98f0 -
     25112 2da0 -
     25112 823c -
     25112 4c48 -
     25112 67dc -
     25112 1d20 -
     25112 4484 -
     25112 6e38 -
     25112 6b74 -
     25112 72fc -
     25112 608 -
     25112 98d8 -
     25112 7840 -
     25112 5888 -
     25112 2b88 -
     25112 98a8 -
     25112 5e88 -
     25112 7d08 -
     25112 6fd4 -
     25112 8134 -
     25112 9220 -
     25112 4430 -
     25112 5a2c -
     25112 7d00 -
     25112 6eb8 -
     25112 55cc -
     25112 55dc -
     25112 880c -
     25112 7c90 -
     25112 2598 -
     25112 5e38 -
     25112 3fd8 -
     25112 5d9c -
     25112 2554 -
     25112 367c -
     25112 21e0 -
     25112 78a0 -
     25112 70b4 -
     25112 8098 -
     25112 13a4 -
     25112 9868 -
     25112 83b8 -
     25112 7b9c -
     25112 83a4 -
     25112 2408 -
     25112 c54 -
     25112 7cc4 -
     25112 4b40 -
     25112 5c78 -
     25112 76c8 -
     25112 34c8 -
     25112 4ea0 -
     25112 2fc4 -
     25112 98f4 -
     25112 566c -
     25112 7868 -
     25112 2694 -
     25112 8528 -
     25112 d18 -
     25112 c30 -
     25112 410c -
     25112 61d8 -
     25112 87f4 -
     25112 4a4c -
     25112 1830 -
     25112 46a4 -
     25112 70c8 -
     25112 45b8 -
     25112 79fc -
     25112 1b30 -
     25112 dcc -
     25112 2aac -
     25112 4fd4 -
     25112 2f1c -
     25112 7310 -
     25112 73ec -
     25112 2f34 -
     25112 313c -
     25112 5ae0 -
     25112 6f78 -
     25112 4ce4 -
     25112 6a24 -
     25112 4df0 -
     25112 7c14 -
     25112 4af4 -
     25112 5ba0 -
     25112 67cc -
     25112 39d0 -
     25112 7cdc -
     25112 55b8 -
     25112 550c -
     25112 2878 -
     25112 1880 -
     25112 8fb4 -
     25112 2c30 -
     25112 28e8 -
     25112 3b48 -
Cleaned out 0 stale readers
mdb reader table full -> cleaning up stale readers. Current readers:
    pid     thread     txnid
     25112 4ed8 -
     25112 662c -
     25112 613c -
     25112 69b4 -
     25112 58c0 -
     25112 5958 -
     25112 7bb8 -
     25112 6e20 -
     25112 9f0 -
     25112 3f10 -
     25112 4f90 -
     25112 4a54 -
     25112 20c0 -
     25112 5030 -
     25112 7f94 -
     25112 24f4 -
     25112 8fcc -
     25112 4ef4 -
     25112 7008 -
     25112 1ecc -
     25112 3040 -
     25112 2e8c -
     25112 779c -
     25112 39b8 -
     25112 4e88 -
     25112 1e94 -
     25112 c88 -
     25112 7ef4 -
     25112 41d4 -
     25112 98f0 -
     25112 2da0 -
     25112 823c -
     25112 4c48 -
     25112 67dc -
     25112 1d20 -
     25112 4484 -
     25112 6e38 -
     25112 6b74 -
     25112 72fc -
     25112 608 -
     25112 98d8 -
     25112 7840 -
     25112 5888 -
     25112 2b88 -
     25112 98a8 -
     25112 5e88 -
     25112 7d08 -
     25112 6fd4 -
     25112 8134 -
     25112 9220 -
     25112 4430 -
     25112 5a2c -
     25112 7d00 -
     25112 6eb8 -
     25112 55cc -
     25112 55dc -
     25112 880c -
     25112 7c90 -
     25112 2598 -
     25112 5e38 -
     25112 3fd8 -
     25112 5d9c -
     25112 2554 -
     25112 367c -
     25112 21e0 -
     25112 78a0 -
     25112 70b4 -
     25112 8098 -
     25112 13a4 -
     25112 9868 -
     25112 83b8 -
     25112 7b9c -
     25112 83a4 -
     25112 2408 -
     25112 c54 -
     25112 7cc4 -
     25112 4b40 -
     25112 5c78 -
     25112 76c8 -
     25112 34c8 -
     25112 4ea0 -
     25112 2fc4 -
     25112 98f4 -
     25112 566c -
     25112 7868 -
     25112 2694 -
     25112 8528 -
     25112 d18 -
     25112 c30 -
     25112 410c -
     25112 61d8 -
     25112 87f4 -
     25112 4a4c -
     25112 1830 -
     25112 46a4 -
     25112 70c8 -
     25112 45b8 -
     25112 79fc -
     25112 1b30 -
     25112 dcc -
     25112 2aac -
     25112 4fd4 -
     25112 2f1c -
     25112 7310 -
     25112 73ec -
     25112 2f34 -
     25112 313c -
     25112 5ae0 -
     25112 6f78 -
     25112 4ce4 -
     25112 6a24 -
     25112 4df0 -
     25112 7c14 -
     25112 4af4 -
     25112 5ba0 -
     25112 67cc -
     25112 39d0 -
     25112 7cdc -
     25112 55b8 -
     25112 550c -
     25112 2878 -
     25112 1880 -
     25112 8fb4 -
     25112 2c30 -
     25112 28e8 -
     25112 3b48 -
Cleaned out 0 stale readers
mdb reader table full -> cleaning up stale readers. Current readers:
    pid     thread     txnid
     25112 4ed8 -
     25112 662c -
     25112 613c -
     25112 69b4 -
     25112 58c0 -
     25112 5958 -
     25112 7bb8 -
     25112 6e20 -
     25112 9f0 -
     25112 3f10 -
     25112 4f90 -
     25112 4a54 -
     25112 20c0 -
     25112 5030 -
     25112 7f94 -
     25112 24f4 -
     25112 8fcc -
     25112 4ef4 -
     25112 7008 -
     25112 1ecc -
     25112 3040 -
     25112 2e8c -
     25112 779c -
     25112 39b8 -
     25112 4e88 -
     25112 1e94 -
     25112 c88 -
     25112 7ef4 -
     25112 41d4 -
     25112 98f0 -
     25112 2da0 -
     25112 823c -
     25112 4c48 -
     25112 67dc -
     25112 1d20 -
     25112 4484 -
     25112 6e38 -
     25112 6b74 -
     25112 72fc -
     25112 608 -
     25112 98d8 -
     25112 7840 -
     25112 5888 -
     25112 2b88 -
     25112 98a8 -
     25112 5e88 -
     25112 7d08 -
     25112 6fd4 -
     25112 8134 -
     25112 9220 -
     25112 4430 -
     25112 5a2c -
     25112 7d00 -
     25112 6eb8 -
     25112 55cc -
     25112 55dc -
     25112 880c -
     25112 7c90 -
     25112 2598 -
     25112 5e38 -
     25112 3fd8 -
     25112 5d9c -
     25112 2554 -
     25112 367c -
     25112 21e0 -
     25112 78a0 -
     25112 70b4 -
     25112 8098 -
     25112 13a4 -
     25112 9868 -
     25112 83b8 -
     25112 7b9c -
     25112 83a4 -
     25112 2408 -
     25112 c54 -
     25112 7cc4 -
     25112 4b40 -
     25112 5c78 -
     25112 76c8 -
     25112 34c8 -
     25112 4ea0 -
     25112 2fc4 -
     25112 98f4 -
     25112 566c -
     25112 7868 -
     25112 2694 -
     25112 8528 -
     25112 d18 -
     25112 c30 -
     25112 410c -
     25112 61d8 -
     25112 87f4 -
     25112 4a4c -
     25112 1830 -
     25112 46a4 -
     25112 70c8 -
     25112 45b8 -
     25112 79fc -
     25112 1b30 -
     25112 dcc -
     25112 2aac -
     25112 4fd4 -
     25112 2f1c -
     25112 7310 -
     25112 73ec -
     25112 2f34 -
     25112 313c -
     25112 5ae0 -
     25112 6f78 -
     25112 4ce4 -
     25112 6a24 -
     25112 4df0 -
     25112 7c14 -
     25112 4af4 -
     25112 5ba0 -
     25112 67cc -
     25112 39d0 -
     25112 7cdc -
     25112 55b8 -
     25112 550c -
     25112 2878 -
     25112 1880 -
     25112 8fb4 -
     25112 2c30 -
     25112 28e8 -
     25112 3b48 -
Cleaned out 0 stale readers
Cannot open transaction. Error -30790 (aborting errors true)
Asset database transaction committed twice!
Assertion failed on expression: 'errors == MDB_SUCCESS || errors == MDB_NOTFOUND'
mdb reader table full -> cleaning up stale readers. Current readers:
    pid     thread     txnid
     25112 4ed8 -
     25112 662c -
     25112 613c -
     25112 69b4 -
     25112 58c0 -
     25112 5958 -
     25112 7bb8 -
     25112 6e20 -
     25112 9f0 -
     25112 3f10 -
     25112 4f90 -
     25112 4a54 -
     25112 20c0 -
     25112 5030 -
     25112 7f94 -
     25112 24f4 -
     25112 8fcc -
     25112 4ef4 -
     25112 7008 -
     25112 1ecc -
     25112 3040 -
     25112 2e8c -
     25112 779c -
     25112 39b8 -
     25112 4e88 -
     25112 1e94 -
     25112 c88 -
     25112 7ef4 -
     25112 41d4 -
     25112 98f0 -
     25112 2da0 -
     25112 823c -
     25112 4c48 -
     25112 67dc -
     25112 1d20 -
     25112 4484 -
     25112 6e38 -
     25112 6b74 -
     25112 72fc -
     25112 608 -
     25112 98d8 -
     25112 7840 -
     25112 5888 -
     25112 2b88 -
     25112 98a8 -
     25112 5e88 -
     25112 7d08 -
     25112 6fd4 -
     25112 8134 -
     25112 9220 -
     25112 4430 -
     25112 5a2c -
     25112 7d00 -
     25112 6eb8 -
     25112 55cc -
     25112 55dc -
     25112 880c -
     25112 7c90 -
     25112 2598 -
     25112 5e38 -
     25112 3fd8 -
     25112 5d9c -
     25112 2554 -
     25112 367c -
     25112 21e0 -
     25112 78a0 -
     25112 70b4 -
     25112 8098 -
     25112 13a4 -
     25112 9868 -
     25112 83b8 -
     25112 7b9c -
     25112 83a4 -
     25112 2408 -
     25112 c54 -
     25112 7cc4 -
     25112 4b40 -
     25112 5c78 -
     25112 76c8 -
     25112 34c8 -
     25112 4ea0 -
     25112 2fc4 -
     25112 98f4 -
     25112 566c -
     25112 7868 -
     25112 2694 -
     25112 8528 -
     25112 d18 -
     25112 c30 -
     25112 410c -
     25112 61d8 -
     25112 87f4 -
     25112 4a4c -
     25112 1830 -
     25112 46a4 -
     25112 70c8 -
     25112 45b8 -
     25112 79fc -
     25112 1b30 -
     25112 dcc -
     25112 2aac -
     25112 4fd4 -
     25112 2f1c -
     25112 7310 -
     25112 73ec -
     25112 2f34 -
     25112 313c -
     25112 5ae0 -
     25112 6f78 -
     25112 4ce4 -
     25112 6a24 -
     25112 4df0 -
     25112 7c14 -
     25112 4af4 -
     25112 5ba0 -
     25112 67cc -
     25112 39d0 -
     25112 7cdc -
     25112 55b8 -
     25112 550c -
     25112 2878 -
     25112 1880 -
     25112 8fb4 -
     25112 2c30 -
     25112 28e8 -
     25112 3b48 -
Cleaned out 0 stale readers
mdb reader table full -> cleaning up stale readers. Current readers:
    pid     thread     txnid
     25112 4ed8 -
     25112 662c -
     25112 613c -
     25112 69b4 -
     25112 58c0 -
     25112 5958 -
     25112 7bb8 -
     25112 6e20 -
     25112 9f0 -
     25112 3f10 -
     25112 4f90 -
     25112 4a54 -
     25112 20c0 -
     25112 5030 -
     25112 7f94 -
     25112 24f4 -
     25112 8fcc -
     25112 4ef4 -
     25112 7008 -
     25112 1ecc -
     25112 3040 -
     25112 2e8c -
     25112 779c -
     25112 39b8 -
     25112 4e88 -
     25112 1e94 -
     25112 c88 -
     25112 7ef4 -
     25112 41d4 -
     25112 98f0 -
     25112 2da0 -
     25112 823c -
     25112 4c48 -
     25112 67dc -
     25112 1d20 -
     25112 4484 -
     25112 6e38 -
     25112 6b74 -
     25112 72fc -
     25112 608 -
     25112 98d8 -
     25112 7840 -
     25112 5888 -
     25112 2b88 -
     25112 98a8 -
     25112 5e88 -
     25112 7d08 -
     25112 6fd4 -
     25112 8134 -
     25112 9220 -
     25112 4430 -
     25112 5a2c -
     25112 7d00 -
     25112 6eb8 -
     25112 55cc -
     25112 55dc -
     25112 880c -
     25112 7c90 -
     25112 2598 -
     25112 5e38 -
     25112 3fd8 -
     25112 5d9c -
     25112 2554 -
     25112 367c -
     25112 21e0 -
     25112 78a0 -
     25112 70b4 -
     25112 8098 -
     25112 13a4 -
     25112 9868 -
     25112 83b8 -
     25112 7b9c -
     25112 83a4 -
     25112 2408 -
     25112 c54 -
     25112 7cc4 -
     25112 4b40 -
     25112 5c78 -
     25112 76c8 -
     25112 34c8 -
     25112 4ea0 -
     25112 2fc4 -
     25112 98f4 -
     25112 566c -
     25112 7868 -
     25112 2694 -
     25112 8528 -
     25112 d18 -
     25112 c30 -
     25112 410c -
     25112 61d8 -
     25112 87f4 -
     25112 4a4c -
     25112 1830 -
     25112 46a4 -
     25112 70c8 -
     25112 45b8 -
     25112 79fc -
     25112 1b30 -
     25112 dcc -
     25112 2aac -
     25112 4fd4 -
     25112 2f1c -
     25112 7310 -
     25112 73ec -
     25112 2f34 -
     25112 313c -
     25112 5ae0 -
     25112 6f78 -
     25112 4ce4 -
     25112 6a24 -
     25112 4df0 -
     25112 7c14 -
     25112 4af4 -
     25112 5ba0 -
     25112 67cc -
     25112 39d0 -
     25112 7cdc -
     25112 55b8 -
     25112 550c -
     25112 2878 -
     25112 1880 -
     25112 8fb4 -
     25112 2c30 -
     25112 28e8 -
     25112 3b48 -
Cleaned out 0 stale readers
mdb reader table full -> cleaning up stale readers. Current readers:
    pid     thread     txnid
     25112 4ed8 -
     25112 662c -
     25112 613c -
     25112 69b4 -
     25112 58c0 -
     25112 5958 -
     25112 7bb8 -
     25112 6e20 -
     25112 9f0 -
     25112 3f10 -
     25112 4f90 -
     25112 4a54 -
     25112 20c0 -
     25112 5030 -
     25112 7f94 -
     25112 24f4 -
     25112 8fcc -
     25112 4ef4 -
     25112 7008 -
     25112 1ecc -
     25112 3040 -
     25112 2e8c -
     25112 779c -
     25112 39b8 -
     25112 4e88 -
     25112 1e94 -
     25112 c88 -
     25112 7ef4 -
     25112 41d4 -
     25112 98f0 -
     25112 2da0 -
     25112 823c -
     25112 4c48 -
     25112 67dc -
     25112 1d20 -
     25112 4484 -
     25112 6e38 -
     25112 6b74 -
     25112 72fc -
     25112 608 -
     25112 98d8 -
     25112 7840 -
     25112 5888 -
     25112 2b88 -
     25112 98a8 -
     25112 5e88 -
     25112 7d08 -
     25112 6fd4 -
     25112 8134 -
     25112 9220 -
     25112 4430 -
     25112 5a2c -
     25112 7d00 -
     25112 6eb8 -
     25112 55cc -
     25112 55dc -
     25112 880c -
     25112 7c90 -
     25112 2598 -
     25112 5e38 -
     25112 3fd8 -
     25112 5d9c -
     25112 2554 -
     25112 367c -
     25112 21e0 -
     25112 78a0 -
     25112 70b4 -
     25112 8098 -
     25112 13a4 -
     25112 9868 -
     25112 83b8 -
     25112 7b9c -
     25112 83a4 -
     25112 2408 -
     25112 c54 -
     25112 7cc4 -
     25112 4b40 -
     25112 5c78 -
     25112 76c8 -
     25112 34c8 -
     25112 4ea0 -
     25112 2fc4 -
     25112 98f4 -
     25112 566c -
     25112 7868 -
     25112 2694 -
     25112 8528 -
     25112 d18 -
     25112 c30 -
     25112 410c -
     25112 61d8 -
     25112 87f4 -
     25112 4a4c -
     25112 1830 -
     25112 46a4 -
     25112 70c8 -
     25112 45b8 -
     25112 79fc -
     25112 1b30 -
     25112 dcc -
     25112 2aac -
     25112 4fd4 -
     25112 2f1c -
     25112 7310 -
     25112 73ec -
     25112 2f34 -
     25112 313c -
     25112 5ae0 -
     25112 6f78 -
     25112 4ce4 -
     25112 6a24 -
     25112 4df0 -
     25112 7c14 -
     25112 4af4 -
     25112 5ba0 -
     25112 67cc -
     25112 39d0 -
     25112 7cdc -
     25112 55b8 -
     25112 550c -
     25112 2878 -
     25112 1880 -
     25112 8fb4 -
     25112 2c30 -
     25112 28e8 -
     25112 3b48 -
Cleaned out 0 stale readers
mdb reader table full -> cleaning up stale readers. Current readers:
    pid     thread     txnid
     25112 4ed8 -
     25112 662c -
     25112 613c -
     25112 69b4 -
     25112 58c0 -
     25112 5958 -
     25112 7bb8 -
     25112 6e20 -
     25112 9f0 -
     25112 3f10 -
     25112 4f90 -
     25112 4a54 -
     25112 20c0 -
     25112 5030 -
     25112 7f94 -
     25112 24f4 -
     25112 8fcc -
     25112 4ef4 -
     25112 7008 -
     25112 1ecc -
     25112 3040 -
     25112 2e8c -
     25112 779c -
     25112 39b8 -
     25112 4e88 -
     25112 1e94 -
     25112 c88 -
     25112 7ef4 -
     25112 41d4 -
     25112 98f0 -
     25112 2da0 -
     25112 823c -
     25112 4c48 -
     25112 67dc -
     25112 1d20 -
     25112 4484 -
     25112 6e38 -
     25112 6b74 -
     25112 72fc -
     25112 608 -
     25112 98d8 -
     25112 7840 -
     25112 5888 -
     25112 2b88 -
     25112 98a8 -
     25112 5e88 -
     25112 7d08 -
     25112 6fd4 -
     25112 8134 -
     25112 9220 -
     25112 4430 -
     25112 5a2c -
     25112 7d00 -
     25112 6eb8 -
     25112 55cc -
     25112 55dc -
     25112 880c -
     25112 7c90 -
     25112 2598 -
     25112 5e38 -
     25112 3fd8 -
     25112 5d9c -
     25112 2554 -
     25112 367c -
     25112 21e0 -
     25112 78a0 -
     25112 70b4 -
     25112 8098 -
     25112 13a4 -
     25112 9868 -
     25112 83b8 -
     25112 7b9c -
     25112 83a4 -
     25112 2408 -
     25112 c54 -
     25112 7cc4 -
     25112 4b40 -
     25112 5c78 -
     25112 76c8 -
     25112 34c8 -
     25112 4ea0 -
     25112 2fc4 -
     25112 98f4 -
     25112 566c -
     25112 7868 -
     25112 2694 -
     25112 8528 -
     25112 d18 -
     25112 c30 -
     25112 410c -
     25112 61d8 -
     25112 87f4 -
     25112 4a4c -
     25112 1830 -
     25112 46a4 -
     25112 70c8 -
     25112 45b8 -
     25112 79fc -
     25112 1b30 -
     25112 dcc -
     25112 2aac -
     25112 4fd4 -
     25112 2f1c -
     25112 7310 -
     25112 73ec -
     25112 2f34 -
     25112 313c -
     25112 5ae0 -
     25112 6f78 -
     25112 4ce4 -
     25112 6a24 -
     25112 4df0 -
     25112 7c14 -
     25112 4af4 -
     25112 5ba0 -
     25112 67cc -
     25112 39d0 -
     25112 7cdc -
     25112 55b8 -
     25112 550c -
     25112 2878 -
     25112 1880 -
     25112 8fb4 -
     25112 2c30 -
     25112 28e8 -
     25112 3b48 -
Cleaned out 0 stale readers
mdb reader table full -> cleaning up stale readers. Current readers:
    pid     thread     txnid
     25112 4ed8 -
     25112 662c -
     25112 613c -
     25112 69b4 -
     25112 58c0 -
     25112 5958 -
     25112 7bb8 -
     25112 6e20 -
     25112 9f0 -
     25112 3f10 -
     25112 4f90 -
     25112 4a54 -
     25112 20c0 -
     25112 5030 -
     25112 7f94 -
     25112 24f4 -
     25112 8fcc -
     25112 4ef4 -
     25112 7008 -
     25112 1ecc -
     25112 3040 -
     25112 2e8c -
     25112 779c -
     25112 39b8 -
     25112 4e88 -
     25112 1e94 -
     25112 c88 -
     25112 7ef4 -
     25112 41d4 -
     25112 98f0 -
     25112 2da0 -
     25112 823c -
     25112 4c48 -
     25112 67dc -
     25112 1d20 -
     25112 4484 -
     25112 6e38 -
     25112 6b74 -
     25112 72fc -
     25112 608 -
     25112 98d8 -
     25112 7840 -
     25112 5888 -
     25112 2b88 -
     25112 98a8 -
     25112 5e88 -
     25112 7d08 -
     25112 6fd4 -
     25112 8134 -
     25112 9220 -
     25112 4430 -
     25112 5a2c -
     25112 7d00 -
     25112 6eb8 -
     25112 55cc -
     25112 55dc -
     25112 880c -
     25112 7c90 -
     25112 2598 -
     25112 5e38 -
     25112 3fd8 -
     25112 5d9c -
     25112 2554 -
     25112 367c -
     25112 21e0 -
     25112 78a0 -
     25112 70b4 -
     25112 8098 -
     25112 13a4 -
     25112 9868 -
     25112 83b8 -
     25112 7b9c -
     25112 83a4 -
     25112 2408 -
     25112 c54 -
     25112 7cc4 -
     25112 4b40 -
     25112 5c78 -
     25112 76c8 -
     25112 34c8 -
     25112 4ea0 -
     25112 2fc4 -
     25112 98f4 -
     25112 566c -
     25112 7868 -
     25112 2694 -
     25112 8528 -
     25112 d18 -
     25112 c30 -
     25112 410c -
     25112 61d8 -
     25112 87f4 -
     25112 4a4c -
     25112 1830 -
     25112 46a4 -
     25112 70c8 -
     25112 45b8 -
     25112 79fc -
     25112 1b30 -
     25112 dcc -
     25112 2aac -
     25112 4fd4 -
     25112 2f1c -
     25112 7310 -
     25112 73ec -
     25112 2f34 -
     25112 313c -
     25112 5ae0 -
     25112 6f78 -
     25112 4ce4 -
     25112 6a24 -
     25112 4df0 -
     25112 7c14 -
     25112 4af4 -
     25112 5ba0 -
     25112 67cc -
     25112 39d0 -
     25112 7cdc -
     25112 55b8 -
     25112 550c -
     25112 2878 -
     25112 1880 -
     25112 8fb4 -
     25112 2c30 -
     25112 28e8 -
     25112 3b48 -
Cleaned out 0 stale readers
mdb reader table full -> cleaning up stale readers. Current readers:
    pid     thread     txnid
     25112 4ed8 -
     25112 662c -
     25112 613c -
     25112 69b4 -
     25112 58c0 -
     25112 5958 -
     25112 7bb8 -
     25112 6e20 -
     25112 9f0 -
     25112 3f10 -
     25112 4f90 -
     25112 4a54 -
     25112 20c0 -
     25112 5030 -
     25112 7f94 -
     25112 24f4 -
     25112 8fcc -
     25112 4ef4 -
     25112 7008 -
     25112 1ecc -
     25112 3040 -
     25112 2e8c -
     25112 779c -
     25112 39b8 -
     25112 4e88 -
     25112 1e94 -
     25112 c88 -
     25112 7ef4 -
     25112 41d4 -
     25112 98f0 -
     25112 2da0 -
     25112 823c -
     25112 4c48 -
     25112 67dc -
     25112 1d20 -
     25112 4484 -
     25112 6e38 -
     25112 6b74 -
     25112 72fc -
     25112 608 -
     25112 98d8 -
     25112 7840 -
     25112 5888 -
     25112 2b88 -
     25112 98a8 -
     25112 5e88 -
     25112 7d08 -
     25112 6fd4 -
     25112 8134 -
     25112 9220 -
     25112 4430 -
     25112 5a2c -
     25112 7d00 -
     25112 6eb8 -
     25112 55cc -
     25112 55dc -
     25112 880c -
     25112 7c90 -
     25112 2598 -
     25112 5e38 -
     25112 3fd8 -
     25112 5d9c -
     25112 2554 -
     25112 367c -
     25112 21e0 -
     25112 78a0 -
     25112 70b4 -
     25112 8098 -
     25112 13a4 -
     25112 9868 -
     25112 83b8 -
     25112 7b9c -
     25112 83a4 -
     25112 2408 -
     25112 c54 -
     25112 7cc4 -
     25112 4b40 -
     25112 5c78 -
     25112 76c8 -
     25112 34c8 -
     25112 4ea0 -
     25112 2fc4 -
     25112 98f4 -
     25112 566c -
     25112 7868 -
     25112 2694 -
     25112 8528 -
     25112 d18 -
     25112 c30 -
     25112 410c -
     25112 61d8 -
     25112 87f4 -
     25112 4a4c -
     25112 1830 -
     25112 46a4 -
     25112 70c8 -
     25112 45b8 -
     25112 79fc -
     25112 1b30 -
     25112 dcc -
     25112 2aac -
     25112 4fd4 -
     25112 2f1c -
     25112 7310 -
     25112 73ec -
     25112 2f34 -
     25112 313c -
     25112 5ae0 -
     25112 6f78 -
     25112 4ce4 -
     25112 6a24 -
     25112 4df0 -
     25112 7c14 -
     25112 4af4 -
     25112 5ba0 -
     25112 67cc -
     25112 39d0 -
     25112 7cdc -
     25112 55b8 -
     25112 550c -
     25112 2878 -
     25112 1880 -
     25112 8fb4 -
     25112 2c30 -
     25112 28e8 -
     25112 3b48 -
Cleaned out 0 stale readers
Cannot open transaction. Error -30790 (aborting errors true)
Asset database transaction committed twice!
Assertion failed on expression: 'errors == MDB_SUCCESS || errors == MDB_NOTFOUND'
mdb reader table full -> cleaning up stale readers. Current readers:
    pid     thread     txnid
     25112 4ed8 -
     25112 662c -
     25112 613c -
     25112 69b4 -
     25112 58c0 -
     25112 5958 -
     25112 7bb8 -
     25112 6e20 -
     25112 9f0 -
     25112 3f10 -
     25112 4f90 -
     25112 4a54 -
     25112 20c0 -
     25112 5030 -
     25112 7f94 -
     25112 24f4 -
     25112 8fcc -
     25112 4ef4 -
     25112 7008 -
     25112 1ecc -
     25112 3040 -
     25112 2e8c -
     25112 779c -
     25112 39b8 -
     25112 4e88 -
     25112 1e94 -
     25112 c88 -
     25112 7ef4 -
     25112 41d4 -
     25112 98f0 -
     25112 2da0 -
     25112 823c -
     25112 4c48 -
     25112 67dc -
     25112 1d20 -
     25112 4484 -
     25112 6e38 -
     25112 6b74 -
     25112 72fc -
     25112 608 -
     25112 98d8 -
     25112 7840 -
     25112 5888 -
     25112 2b88 -
     25112 98a8 -
     25112 5e88 -
     25112 7d08 -
     25112 6fd4 -
     25112 8134 -
     25112 9220 -
     25112 4430 -
     25112 5a2c -
     25112 7d00 -
     25112 6eb8 -
     25112 55cc -
     25112 55dc -
     25112 880c -
     25112 7c90 -
     25112 2598 -
     25112 5e38 -
     25112 3fd8 -
     25112 5d9c -
     25112 2554 -
     25112 367c -
     25112 21e0 -
     25112 78a0 -
     25112 70b4 -
     25112 8098 -
     25112 13a4 -
     25112 9868 -
     25112 83b8 -
     25112 7b9c -
     25112 83a4 -
     25112 2408 -
     25112 c54 -
     25112 7cc4 -
     25112 4b40 -
     25112 5c78 -
     25112 76c8 -
     25112 34c8 -
     25112 4ea0 -
     25112 2fc4 -
     25112 98f4 -
     25112 566c -
     25112 7868 -
     25112 2694 -
     25112 8528 -
     25112 d18 -
     25112 c30 -
     25112 410c -
     25112 61d8 -
     25112 87f4 -
     25112 4a4c -
     25112 1830 -
     25112 46a4 -
     25112 70c8 -
     25112 45b8 -
     25112 79fc -
     25112 1b30 -
     25112 dcc -
     25112 2aac -
     25112 4fd4 -
     25112 2f1c -
     25112 7310 -
     25112 73ec -
     25112 2f34 -
     25112 313c -
     25112 5ae0 -
     25112 6f78 -
     25112 4ce4 -
     25112 6a24 -
     25112 4df0 -
     25112 7c14 -
     25112 4af4 -
     25112 5ba0 -
     25112 67cc -
     25112 39d0 -
     25112 7cdc -
     25112 55b8 -
     25112 550c -
     25112 2878 -
     25112 1880 -
     25112 8fb4 -
     25112 2c30 -
     25112 28e8 -
     25112 3b48 -
Cleaned out 0 stale readers
mdb reader table full -> cleaning up stale readers. Current readers:
    pid     thread     txnid
     25112 4ed8 -
     25112 662c -
     25112 613c -
     25112 69b4 -
     25112 58c0 -
     25112 5958 -
     25112 7bb8 -
     25112 6e20 -
     25112 9f0 -
     25112 3f10 -
     25112 4f90 -
     25112 4a54 -
     25112 20c0 -
     25112 5030 -
     25112 7f94 -
     25112 24f4 -
     25112 8fcc -
     25112 4ef4 -
     25112 7008 -
     25112 1ecc -
     25112 3040 -
     25112 2e8c -
     25112 779c -
     25112 39b8 -
     25112 4e88 -
     25112 1e94 -
     25112 c88 -
     25112 7ef4 -
     25112 41d4 -
     25112 98f0 -
     25112 2da0 -
     25112 823c -
     25112 4c48 -
     25112 67dc -
     25112 1d20 -
     25112 4484 -
     25112 6e38 -
     25112 6b74 -
     25112 72fc -
     25112 608 -
     25112 98d8 -
     25112 7840 -
     25112 5888 -
     25112 2b88 -
     25112 98a8 -
     25112 5e88 -
     25112 7d08 -
     25112 6fd4 -
     25112 8134 -
     25112 9220 -
     25112 4430 -
     25112 5a2c -
     25112 7d00 -
     25112 6eb8 -
     25112 55cc -
     25112 55dc -
     25112 880c -
     25112 7c90 -
     25112 2598 -
     25112 5e38 -
     25112 3fd8 -
     25112 5d9c -
     25112 2554 -
     25112 367c -
     25112 21e0 -
     25112 78a0 -
     25112 70b4 -
     25112 8098 -
     25112 13a4 -
     25112 9868 -
     25112 83b8 -
     25112 7b9c -
     25112 83a4 -
     25112 2408 -
     25112 c54 -
     25112 7cc4 -
     25112 4b40 -
     25112 5c78 -
     25112 76c8 -
     25112 34c8 -
     25112 4ea0 -
     25112 2fc4 -
     25112 98f4 -
     25112 566c -
     25112 7868 -
     25112 2694 -
     25112 8528 -
     25112 d18 -
     25112 c30 -
     25112 410c -
     25112 61d8 -
     25112 87f4 -
     25112 4a4c -
     25112 1830 -
     25112 46a4 -
     25112 70c8 -
     25112 45b8 -
     25112 79fc -
     25112 1b30 -
     25112 dcc -
     25112 2aac -
     25112 4fd4 -
     25112 2f1c -
     25112 7310 -
     25112 73ec -
     25112 2f34 -
     25112 313c -
     25112 5ae0 -
     25112 6f78 -
     25112 4ce4 -
     25112 6a24 -
     25112 4df0 -
     25112 7c14 -
     25112 4af4 -
     25112 5ba0 -
     25112 67cc -
     25112 39d0 -
     25112 7cdc -
     25112 55b8 -
     25112 550c -
     25112 2878 -
     25112 1880 -
     25112 8fb4 -
     25112 2c30 -
     25112 28e8 -
     25112 3b48 -
Cleaned out 0 stale readers
mdb reader table full -> cleaning up stale readers. Current readers:
    pid     thread     txnid
     25112 4ed8 -
     25112 662c -
     25112 613c -
     25112 69b4 -
     25112 58c0 -
     25112 5958 -
     25112 7bb8 -
     25112 6e20 -
     25112 9f0 -
     25112 3f10 -
     25112 4f90 -
     25112 4a54 -
     25112 20c0 -
     25112 5030 -
     25112 7f94 -
     25112 24f4 -
     25112 8fcc -
     25112 4ef4 -
     25112 7008 -
     25112 1ecc -
     25112 3040 -
     25112 2e8c -
     25112 779c -
     25112 39b8 -
     25112 4e88 -
     25112 1e94 -
     25112 c88 -
     25112 7ef4 -
     25112 41d4 -
     25112 98f0 -
     25112 2da0 -
     25112 823c -
     25112 4c48 -
     25112 67dc -
     25112 1d20 -
     25112 4484 -
     25112 6e38 -
     25112 6b74 -
     25112 72fc -
     25112 608 -
     25112 98d8 -
     25112 7840 -
     25112 5888 -
     25112 2b88 -
     25112 98a8 -
     25112 5e88 -
     25112 7d08 -
     25112 6fd4 -
     25112 8134 -
     25112 9220 -
     25112 4430 -
     25112 5a2c -
     25112 7d00 -
     25112 6eb8 -
     25112 55cc -
     25112 55dc -
     25112 880c -
     25112 7c90 -
     25112 2598 -
     25112 5e38 -
     25112 3fd8 -
     25112 5d9c -
     25112 2554 -
     25112 367c -
     25112 21e0 -
     25112 78a0 -
     25112 70b4 -
     25112 8098 -
     25112 13a4 -
     25112 9868 -
     25112 83b8 -
     25112 7b9c -
     25112 83a4 -
     25112 2408 -
     25112 c54 -
     25112 7cc4 -
     25112 4b40 -
     25112 5c78 -
     25112 76c8 -
     25112 34c8 -
     25112 4ea0 -
     25112 2fc4 -
     25112 98f4 -
     25112 566c -
     25112 7868 -
     25112 2694 -
     25112 8528 -
     25112 d18 -
     25112 c30 -
     25112 410c -
     25112 61d8 -
     25112 87f4 -
     25112 4a4c -
     25112 1830 -
     25112 46a4 -
     25112 70c8 -
     25112 45b8 -
     25112 79fc -
     25112 1b30 -
     25112 dcc -
     25112 2aac -
     25112 4fd4 -
     25112 2f1c -
     25112 7310 -
     25112 73ec -
     25112 2f34 -
     25112 313c -
     25112 5ae0 -
     25112 6f78 -
     25112 4ce4 -
     25112 6a24 -
     25112 4df0 -
     25112 7c14 -
     25112 4af4 -
     25112 5ba0 -
     25112 67cc -
     25112 39d0 -
     25112 7cdc -
     25112 55b8 -
     25112 550c -
     25112 2878 -
     25112 1880 -
     25112 8fb4 -
     25112 2c30 -
     25112 28e8 -
     25112 3b48 -
Cleaned out 0 stale readers
mdb reader table full -> cleaning up stale readers. Current readers:
    pid     thread     txnid
     25112 4ed8 -
     25112 662c -
     25112 613c -
     25112 69b4 -
     25112 58c0 -
     25112 5958 -
     25112 7bb8 -
     25112 6e20 -
     25112 9f0 -
     25112 3f10 -
     25112 4f90 -
     25112 4a54 -
     25112 20c0 -
     25112 5030 -
     25112 7f94 -
     25112 24f4 -
     25112 8fcc -
     25112 4ef4 -
     25112 7008 -
     25112 1ecc -
     25112 3040 -
     25112 2e8c -
     25112 779c -
     25112 39b8 -
     25112 4e88 -
     25112 1e94 -
     25112 c88 -
     25112 7ef4 -
     25112 41d4 -
     25112 98f0 -
     25112 2da0 -
     25112 823c -
     25112 4c48 -
     25112 67dc -
     25112 1d20 -
     25112 4484 -
     25112 6e38 -
     25112 6b74 -
     25112 72fc -
     25112 608 -
     25112 98d8 -
     25112 7840 -
     25112 5888 -
     25112 2b88 -
     25112 98a8 -
     25112 5e88 -
     25112 7d08 -
     25112 6fd4 -
     25112 8134 -
     25112 9220 -
     25112 4430 -
     25112 5a2c -
     25112 7d00 -
     25112 6eb8 -
     25112 55cc -
     25112 55dc -
     25112 880c -
     25112 7c90 -
     25112 2598 -
     25112 5e38 -
     25112 3fd8 -
     25112 5d9c -
     25112 2554 -
     25112 367c -
     25112 21e0 -
     25112 78a0 -
     25112 70b4 -
     25112 8098 -
     25112 13a4 -
     25112 9868 -
     25112 83b8 -
     25112 7b9c -
     25112 83a4 -
     25112 2408 -
     25112 c54 -
     25112 7cc4 -
     25112 4b40 -
     25112 5c78 -
     25112 76c8 -
     25112 34c8 -
     25112 4ea0 -
     25112 2fc4 -
     25112 98f4 -
     25112 566c -
     25112 7868 -
     25112 2694 -
     25112 8528 -
     25112 d18 -
     25112 c30 -
     25112 410c -
     25112 61d8 -
     25112 87f4 -
     25112 4a4c -
     25112 1830 -
     25112 46a4 -
     25112 70c8 -
     25112 45b8 -
     25112 79fc -
     25112 1b30 -
     25112 dcc -
     25112 2aac -
     25112 4fd4 -
     25112 2f1c -
     25112 7310 -
     25112 73ec -
     25112 2f34 -
     25112 313c -
     25112 5ae0 -
     25112 6f78 -
     25112 4ce4 -
     25112 6a24 -
     25112 4df0 -
     25112 7c14 -
     25112 4af4 -
     25112 5ba0 -
     25112 67cc -
     25112 39d0 -
     25112 7cdc -
     25112 55b8 -
     25112 550c -
     25112 2878 -
     25112 1880 -
     25112 8fb4 -
     25112 2c30 -
     25112 28e8 -
     25112 3b48 -
Cleaned out 0 stale readers
mdb reader table full -> cleaning up stale readers. Current readers:
    pid     thread     txnid
     25112 4ed8 -
     25112 662c -
     25112 613c -
     25112 69b4 -
     25112 58c0 -
     25112 5958 -
     25112 7bb8 -
     25112 6e20 -
     25112 9f0 -
     25112 3f10 -
     25112 4f90 -
     25112 4a54 -
     25112 20c0 -
     25112 5030 -
     25112 7f94 -
     25112 24f4 -
     25112 8fcc -
     25112 4ef4 -
     25112 7008 -
     25112 1ecc -
     25112 3040 -
     25112 2e8c -
     25112 779c -
     25112 39b8 -
     25112 4e88 -
     25112 1e94 -
     25112 c88 -
     25112 7ef4 -
     25112 41d4 -
     25112 98f0 -
     25112 2da0 -
     25112 823c -
     25112 4c48 -
     25112 67dc -
     25112 1d20 -
     25112 4484 -
     25112 6e38 -
     25112 6b74 -
     25112 72fc -
     25112 608 -
     25112 98d8 -
     25112 7840 -
     25112 5888 -
     25112 2b88 -
     25112 98a8 -
     25112 5e88 -
     25112 7d08 -
     25112 6fd4 -
     25112 8134 -
     25112 9220 -
     25112 4430 -
     25112 5a2c -
     25112 7d00 -
     25112 6eb8 -
     25112 55cc -
     25112 55dc -
     25112 880c -
     25112 7c90 -
     25112 2598 -
     25112 5e38 -
     25112 3fd8 -
     25112 5d9c -
     25112 2554 -
     25112 367c -
     25112 21e0 -
     25112 78a0 -
     25112 70b4 -
     25112 8098 -
     25112 13a4 -
     25112 9868 -
     25112 83b8 -
     25112 7b9c -
     25112 83a4 -
     25112 2408 -
     25112 c54 -
     25112 7cc4 -
     25112 4b40 -
     25112 5c78 -
     25112 76c8 -
     25112 34c8 -
     25112 4ea0 -
     25112 2fc4 -
     25112 98f4 -
     25112 566c -
     25112 7868 -
     25112 2694 -
     25112 8528 -
     25112 d18 -
     25112 c30 -
     25112 410c -
     25112 61d8 -
     25112 87f4 -
     25112 4a4c -
     25112 1830 -
     25112 46a4 -
     25112 70c8 -
     25112 45b8 -
     25112 79fc -
     25112 1b30 -
     25112 dcc -
     25112 2aac -
     25112 4fd4 -
     25112 2f1c -
     25112 7310 -
     25112 73ec -
     25112 2f34 -
     25112 313c -
     25112 5ae0 -
     25112 6f78 -
     25112 4ce4 -
     25112 6a24 -
     25112 4df0 -
     25112 7c14 -
     25112 4af4 -
     25112 5ba0 -
     25112 67cc -
     25112 39d0 -
     25112 7cdc -
     25112 55b8 -
     25112 550c -
     25112 2878 -
     25112 1880 -
     25112 8fb4 -
     25112 2c30 -
     25112 28e8 -
     25112 3b48 -
Cleaned out 0 stale readers
mdb reader table full -> cleaning up stale readers. Current readers:
    pid     thread     txnid
     25112 4ed8 -
     25112 662c -
     25112 613c -
     25112 69b4 -
     25112 58c0 -
     25112 5958 -
     25112 7bb8 -
     25112 6e20 -
     25112 9f0 -
     25112 3f10 -
     25112 4f90 -
     25112 4a54 -
     25112 20c0 -
     25112 5030 -
     25112 7f94 -
     25112 24f4 -
     25112 8fcc -
     25112 4ef4 -
     25112 7008 -
     25112 1ecc -
     25112 3040 -
     25112 2e8c -
     25112 779c -
     25112 39b8 -
     25112 4e88 -
     25112 1e94 -
     25112 c88 -
     25112 7ef4 -
     25112 41d4 -
     25112 98f0 -
     25112 2da0 -
     25112 823c -
     25112 4c48 -
     25112 67dc -
     25112 1d20 -
     25112 4484 -
     25112 6e38 -
     25112 6b74 -
     25112 72fc -
     25112 608 -
     25112 98d8 -
     25112 7840 -
     25112 5888 -
     25112 2b88 -
     25112 98a8 -
     25112 5e88 -
     25112 7d08 -
     25112 6fd4 -
     25112 8134 -
     25112 9220 -
     25112 4430 -
     25112 5a2c -
     25112 7d00 -
     25112 6eb8 -
     25112 55cc -
     25112 55dc -
     25112 880c -
     25112 7c90 -
     25112 2598 -
     25112 5e38 -
     25112 3fd8 -
     25112 5d9c -
     25112 2554 -
     25112 367c -
     25112 21e0 -
     25112 78a0 -
     25112 70b4 -
     25112 8098 -
     25112 13a4 -
     25112 9868 -
     25112 83b8 -
     25112 7b9c -
     25112 83a4 -
     25112 2408 -
     25112 c54 -
     25112 7cc4 -
     25112 4b40 -
     25112 5c78 -
     25112 76c8 -
     25112 34c8 -
     25112 4ea0 -
     25112 2fc4 -
     25112 98f4 -
     25112 566c -
     25112 7868 -
     25112 2694 -
     25112 8528 -
     25112 d18 -
     25112 c30 -
     25112 410c -
     25112 61d8 -
     25112 87f4 -
     25112 4a4c -
     25112 1830 -
     25112 46a4 -
     25112 70c8 -
     25112 45b8 -
     25112 79fc -
     25112 1b30 -
     25112 dcc -
     25112 2aac -
     25112 4fd4 -
     25112 2f1c -
     25112 7310 -
     25112 73ec -
     25112 2f34 -
     25112 313c -
     25112 5ae0 -
     25112 6f78 -
     25112 4ce4 -
     25112 6a24 -
     25112 4df0 -
     25112 7c14 -
     25112 4af4 -
     25112 5ba0 -
     25112 67cc -
     25112 39d0 -
     25112 7cdc -
     25112 55b8 -
     25112 550c -
     25112 2878 -
     25112 1880 -
     25112 8fb4 -
     25112 2c30 -
     25112 28e8 -
     25112 3b48 -
Cleaned out 0 stale readers
