Using pre-set license
Built from '2021.3/evg/staging/82bb020e-b03b1330/draft-0' branch; Version is '2021.3.16f1 (4016570cf34f) revision 4200023'; Using compiler version '192829333'; Build Type 'Release'
OS: 'Windows 10  (10.0.19045) 64bit Education' Language: 'ko' Physical Memory: 32685 MB
BatchMode: 1, IsHumanControllingUs: 0, StartBugReporterOnCrash: 0, Is64bit: 1, IsPro: 1

COMMAND LINE ARGUMENTS:
C:\Program Files\Unity\2021.3.16f1\Editor\Unity.exe
-adb2
-batchMode
-noUpm
-name
AssetImportWorker81
-projectPath
C:/Users/Administrator/Swordsman-And-Shooters/Swordsman And Shooters
-logFile
Logs/AssetImportWorker81.log
-srvPort
10275
Successfully changed project path to: C:/Users/Administrator/Swordsman-And-Shooters/Swordsman And Shooters
C:/Users/Administrator/Swordsman-And-Shooters/Swordsman And Shooters
[UnityMemory] Configuration Parameters - Can be set up in boot.config
    "memorysetup-bucket-allocator-granularity=16"
    "memorysetup-bucket-allocator-bucket-count=8"
    "memorysetup-bucket-allocator-block-size=33554432"
    "memorysetup-bucket-allocator-block-count=8"
    "memorysetup-main-allocator-block-size=16777216"
    "memorysetup-thread-allocator-block-size=16777216"
    "memorysetup-gfx-main-allocator-block-size=16777216"
    "memorysetup-gfx-thread-allocator-block-size=16777216"
    "memorysetup-cache-allocator-block-size=4194304"
    "memorysetup-typetree-allocator-block-size=2097152"
    "memorysetup-profiler-bucket-allocator-granularity=16"
    "memorysetup-profiler-bucket-allocator-bucket-count=8"
    "memorysetup-profiler-bucket-allocator-block-size=33554432"
    "memorysetup-profiler-bucket-allocator-block-count=8"
    "memorysetup-profiler-allocator-block-size=16777216"
    "memorysetup-profiler-editor-allocator-block-size=1048576"
    "memorysetup-temp-allocator-size-main=16777216"
    "memorysetup-job-temp-allocator-block-size=2097152"
    "memorysetup-job-temp-allocator-block-size-background=1048576"
    "memorysetup-job-temp-allocator-reduction-small-platforms=262144"
    "memorysetup-temp-allocator-size-background-worker=32768"
    "memorysetup-temp-allocator-size-job-worker=262144"
    "memorysetup-temp-allocator-size-preload-manager=33554432"
    "memorysetup-temp-allocator-size-nav-mesh-worker=65536"
    "memorysetup-temp-allocator-size-audio-worker=65536"
    "memorysetup-temp-allocator-size-cloud-worker=32768"
    "memorysetup-temp-allocator-size-gi-baking-worker=262144"
    "memorysetup-temp-allocator-size-gfx=262144"
Player connection [38340] Host "[IP] 223.194.45.60 [Port] 0 [Flags] 2 [Guid] 3189176680 [EditorId] 3189176680 [Version] 1048832 [Id] WindowsEditor(7,DESKTOP-GI9T3HQ) [Debug] 1 [PackageName] WindowsEditor [ProjectName] Editor" joined multi-casting on [225.0.0.222:54997]...

Player connection [38340] Host "[IP] 223.194.45.60 [Port] 0 [Flags] 2 [Guid] 3189176680 [EditorId] 3189176680 [Version] 1048832 [Id] WindowsEditor(7,DESKTOP-GI9T3HQ) [Debug] 1 [PackageName] WindowsEditor [ProjectName] Editor" joined alternative multi-casting on [225.0.0.222:34997]...

mdb reader table full -> cleaning up stale readers. Current readers:
    pid     thread     txnid
     23724 273c -
     23724 6df4 -
     23724 e28 -
     23724 6d24 -
     23724 6254 -
     23724 85a0 -
     23724 791c -
     23724 61c8 -
     23724 6700 -
     23724 18e4 -
     23724 37a8 -
     23724 35c8 -
     23724 27cc -
     23724 49dc -
     23724 94e0 -
     23724 99c0 -
     23724 787c -
     23724 50c -
     23724 48d0 -
     23724 38b0 -
     23724 6470 -
     23724 542c -
     23724 3fe8 -
     23724 3c74 -
     23724 4c5c -
     23724 23a8 -
     23724 4a90 -
     23724 6fa8 -
     23724 8fb8 -
     23724 713c -
     23724 44b8 -
     23724 33cc -
     23724 3498 -
     23724 6bbc -
     23724 48d4 -
     23724 8348 -
     23724 5fac -
     23724 4d2c -
     23724 20ac -
     23724 357c -
     23724 b6c -
     23724 9580 -
     23724 2344 -
     23724 5f74 -
     23724 8174 -
     23724 7094 -
     23724 8950 -
     23724 41fc -
     23724 1bdc -
     23724 82bc -
     23724 c20 -
     23724 931c -
     23724 4cf8 -
     23724 1e38 -
     23724 758c -
     23724 350c -
     23724 61b8 -
     23724 4910 -
     23724 93b8 -
     23724 7fc8 -
     23724 1324 -
     23724 4e7c -
     23724 4df8 -
     23724 3a68 -
     23724 c08 -
     23724 4314 -
     23724 617c -
     23724 d74 -
     23724 2510 -
     23724 7778 -
     23724 5d1c -
     23724 72bc -
     23724 31f4 -
     23724 64e8 -
     23724 8c50 -
     23724 5c2c -
     23724 46a0 -
     23724 2b24 -
     23724 7e44 -
     23724 76c0 -
     23724 db0 -
     23724 8eec -
     23724 66e0 -
     23724 4608 -
     23724 8404 -
     23724 679c -
     23724 7e68 -
     23724 3bb0 -
     23724 246c -
     23724 8668 -
     23724 6708 -
     23724 1908 -
     23724 3354 -
     23724 6fe8 -
     23724 31e4 -
     23724 8944 -
     23724 697c -
     23724 3914 -
     23724 5384 -
     23724 528 -
     23724 91d0 -
     23724 9174 -
     23724 9610 -
     23724 7f88 -
     23724 6898 -
     23724 9bf4 -
     23724 719c -
     23724 4480 -
     23724 8f20 -
     23724 8640 -
     23724 b94 -
     23724 1380 -
     23724 959c -
     23724 2854 -
     23724 211c -
     23724 1f5c -
     23724 3e1c -
     23724 53e8 -
     23724 3234 -
     23724 3e04 -
     23724 888c -
     23724 704c -
     23724 7b30 -
     23724 7b70 -
     23724 8f70 -
     23724 7520 -
Cleaned out 0 stale readers
mdb reader table full -> cleaning up stale readers. Current readers:
    pid     thread     txnid
     23724 273c -
     23724 6df4 -
     23724 e28 -
     23724 6d24 -
     23724 6254 -
     23724 85a0 -
     23724 791c -
     23724 61c8 -
     23724 6700 -
     23724 18e4 -
     23724 37a8 -
     23724 35c8 -
     23724 27cc -
     23724 49dc -
     23724 94e0 -
     23724 99c0 -
     23724 787c -
     23724 50c -
     23724 48d0 -
     23724 38b0 -
     23724 6470 -
     23724 542c -
     23724 3fe8 -
     23724 3c74 -
     23724 4c5c -
     23724 23a8 -
     23724 4a90 -
     23724 6fa8 -
     23724 8fb8 -
     23724 713c -
     23724 44b8 -
     23724 33cc -
     23724 3498 -
     23724 6bbc -
     23724 48d4 -
     23724 8348 -
     23724 5fac -
     23724 4d2c -
     23724 20ac -
     23724 357c -
     23724 b6c -
     23724 9580 -
     23724 2344 -
     23724 5f74 -
     23724 8174 -
     23724 7094 -
     23724 8950 -
     23724 41fc -
     23724 1bdc -
     23724 82bc -
     23724 c20 -
     23724 931c -
     23724 4cf8 -
     23724 1e38 -
     23724 758c -
     23724 350c -
     23724 61b8 -
     23724 4910 -
     23724 93b8 -
     23724 7fc8 -
     23724 1324 -
     23724 4e7c -
     23724 4df8 -
     23724 3a68 -
     23724 c08 -
     23724 4314 -
     23724 617c -
     23724 d74 -
     23724 2510 -
     23724 7778 -
     23724 5d1c -
     23724 72bc -
     23724 31f4 -
     23724 64e8 -
     23724 8c50 -
     23724 5c2c -
     23724 46a0 -
     23724 2b24 -
     23724 7e44 -
     23724 76c0 -
     23724 db0 -
     23724 8eec -
     23724 66e0 -
     23724 4608 -
     23724 8404 -
     23724 679c -
     23724 7e68 -
     23724 3bb0 -
     23724 246c -
     23724 8668 -
     23724 6708 -
     23724 1908 -
     23724 3354 -
     23724 6fe8 -
     23724 31e4 -
     23724 8944 -
     23724 697c -
     23724 3914 -
     23724 5384 -
     23724 528 -
     23724 91d0 -
     23724 9174 -
     23724 9610 -
     23724 7f88 -
     23724 6898 -
     23724 9bf4 -
     23724 719c -
     23724 4480 -
     23724 8f20 -
     23724 8640 -
     23724 b94 -
     23724 1380 -
     23724 959c -
     23724 2854 -
     23724 211c -
     23724 1f5c -
     23724 3e1c -
     23724 53e8 -
     23724 3234 -
     23724 3e04 -
     23724 888c -
     23724 704c -
     23724 7b30 -
     23724 7b70 -
     23724 8f70 -
     23724 7520 -
Cleaned out 0 stale readers
mdb reader table full -> cleaning up stale readers. Current readers:
    pid     thread     txnid
     23724 273c -
     23724 6df4 -
     23724 e28 -
     23724 6d24 -
     23724 6254 -
     23724 85a0 -
     23724 791c -
     23724 61c8 -
     23724 6700 -
     23724 18e4 -
     23724 37a8 -
     23724 35c8 -
     23724 27cc -
     23724 49dc -
     23724 94e0 -
     23724 99c0 -
     23724 787c -
     23724 50c -
     23724 48d0 -
     23724 38b0 -
     23724 6470 -
     23724 542c -
     23724 3fe8 -
     23724 3c74 -
     23724 4c5c -
     23724 23a8 -
     23724 4a90 -
     23724 6fa8 -
     23724 8fb8 -
     23724 713c -
     23724 44b8 -
     23724 33cc -
     23724 3498 -
     23724 6bbc -
     23724 48d4 -
     23724 8348 -
     23724 5fac -
     23724 4d2c -
     23724 20ac -
     23724 357c -
     23724 b6c -
     23724 9580 -
     23724 2344 -
     23724 5f74 -
     23724 8174 -
     23724 7094 -
     23724 8950 -
     23724 41fc -
     23724 1bdc -
     23724 82bc -
     23724 c20 -
     23724 931c -
     23724 4cf8 -
     23724 1e38 -
     23724 758c -
     23724 350c -
     23724 61b8 -
     23724 4910 -
     23724 93b8 -
     23724 7fc8 -
     23724 1324 -
     23724 4e7c -
     23724 4df8 -
     23724 3a68 -
     23724 c08 -
     23724 4314 -
     23724 617c -
     23724 d74 -
     23724 2510 -
     23724 7778 -
     23724 5d1c -
     23724 72bc -
     23724 31f4 -
     23724 64e8 -
     23724 8c50 -
     23724 5c2c -
     23724 46a0 -
     23724 2b24 -
     23724 7e44 -
     23724 76c0 -
     23724 db0 -
     23724 8eec -
     23724 66e0 -
     23724 4608 -
     23724 8404 -
     23724 679c -
     23724 7e68 -
     23724 3bb0 -
     23724 246c -
     23724 8668 -
     23724 6708 -
     23724 1908 -
     23724 3354 -
     23724 6fe8 -
     23724 31e4 -
     23724 8944 -
     23724 697c -
     23724 3914 -
     23724 5384 -
     23724 528 -
     23724 91d0 -
     23724 9174 -
     23724 9610 -
     23724 7f88 -
     23724 6898 -
     23724 9bf4 -
     23724 719c -
     23724 4480 -
     23724 8f20 -
     23724 8640 -
     23724 b94 -
     23724 1380 -
     23724 959c -
     23724 2854 -
     23724 211c -
     23724 1f5c -
     23724 3e1c -
     23724 53e8 -
     23724 3234 -
     23724 3e04 -
     23724 888c -
     23724 704c -
     23724 7b30 -
     23724 7b70 -
     23724 8f70 -
     23724 7520 -
Cleaned out 0 stale readers
mdb reader table full -> cleaning up stale readers. Current readers:
    pid     thread     txnid
     23724 273c -
     23724 6df4 -
     23724 e28 -
     23724 6d24 -
     23724 6254 -
     23724 85a0 -
     23724 791c -
     23724 61c8 -
     23724 6700 -
     23724 18e4 -
     23724 37a8 -
     23724 35c8 -
     23724 27cc -
     23724 49dc -
     23724 94e0 -
     23724 99c0 -
     23724 787c -
     23724 50c -
     23724 48d0 -
     23724 38b0 -
     23724 6470 -
     23724 542c -
     23724 3fe8 -
     23724 3c74 -
     23724 4c5c -
     23724 23a8 -
     23724 4a90 -
     23724 6fa8 -
     23724 8fb8 -
     23724 713c -
     23724 44b8 -
     23724 33cc -
     23724 3498 -
     23724 6bbc -
     23724 48d4 -
     23724 8348 -
     23724 5fac -
     23724 4d2c -
     23724 20ac -
     23724 357c -
     23724 b6c -
     23724 9580 -
     23724 2344 -
     23724 5f74 -
     23724 8174 -
     23724 7094 -
     23724 8950 -
     23724 41fc -
     23724 1bdc -
     23724 82bc -
     23724 c20 -
     23724 931c -
     23724 4cf8 -
     23724 1e38 -
     23724 758c -
     23724 350c -
     23724 61b8 -
     23724 4910 -
     23724 93b8 -
     23724 7fc8 -
     23724 1324 -
     23724 4e7c -
     23724 4df8 -
     23724 3a68 -
     23724 c08 -
     23724 4314 -
     23724 617c -
     23724 d74 -
     23724 2510 -
     23724 7778 -
     23724 5d1c -
     23724 72bc -
     23724 31f4 -
     23724 64e8 -
     23724 8c50 -
     23724 5c2c -
     23724 46a0 -
     23724 2b24 -
     23724 7e44 -
     23724 76c0 -
     23724 db0 -
     23724 8eec -
     23724 66e0 -
     23724 4608 -
     23724 8404 -
     23724 679c -
     23724 7e68 -
     23724 3bb0 -
     23724 246c -
     23724 8668 -
     23724 6708 -
     23724 1908 -
     23724 3354 -
     23724 6fe8 -
     23724 31e4 -
     23724 8944 -
     23724 697c -
     23724 3914 -
     23724 5384 -
     23724 528 -
     23724 91d0 -
     23724 9174 -
     23724 9610 -
     23724 7f88 -
     23724 6898 -
     23724 9bf4 -
     23724 719c -
     23724 4480 -
     23724 8f20 -
     23724 8640 -
     23724 b94 -
     23724 1380 -
     23724 959c -
     23724 2854 -
     23724 211c -
     23724 1f5c -
     23724 3e1c -
     23724 53e8 -
     23724 3234 -
     23724 3e04 -
     23724 888c -
     23724 704c -
     23724 7b30 -
     23724 7b70 -
     23724 8f70 -
     23724 7520 -
Cleaned out 0 stale readers
mdb reader table full -> cleaning up stale readers. Current readers:
    pid     thread     txnid
     23724 273c -
     23724 6df4 -
     23724 e28 -
     23724 6d24 -
     23724 6254 -
     23724 85a0 -
     23724 791c -
     23724 61c8 -
     23724 6700 -
     23724 18e4 -
     23724 37a8 -
     23724 35c8 -
     23724 27cc -
     23724 49dc -
     23724 94e0 -
     23724 99c0 -
     23724 787c -
     23724 50c -
     23724 48d0 -
     23724 38b0 -
     23724 6470 -
     23724 542c -
     23724 3fe8 -
     23724 3c74 -
     23724 4c5c -
     23724 23a8 -
     23724 4a90 -
     23724 6fa8 -
     23724 8fb8 -
     23724 713c -
     23724 44b8 -
     23724 33cc -
     23724 3498 -
     23724 6bbc -
     23724 48d4 -
     23724 8348 -
     23724 5fac -
     23724 4d2c -
     23724 20ac -
     23724 357c -
     23724 b6c -
     23724 9580 -
     23724 2344 -
     23724 5f74 -
     23724 8174 -
     23724 7094 -
     23724 8950 -
     23724 41fc -
     23724 1bdc -
     23724 82bc -
     23724 c20 -
     23724 931c -
     23724 4cf8 -
     23724 1e38 -
     23724 758c -
     23724 350c -
     23724 61b8 -
     23724 4910 -
     23724 93b8 -
     23724 7fc8 -
     23724 1324 -
     23724 4e7c -
     23724 4df8 -
     23724 3a68 -
     23724 c08 -
     23724 4314 -
     23724 617c -
     23724 d74 -
     23724 2510 -
     23724 7778 -
     23724 5d1c -
     23724 72bc -
     23724 31f4 -
     23724 64e8 -
     23724 8c50 -
     23724 5c2c -
     23724 46a0 -
     23724 2b24 -
     23724 7e44 -
     23724 76c0 -
     23724 db0 -
     23724 8eec -
     23724 66e0 -
     23724 4608 -
     23724 8404 -
     23724 679c -
     23724 7e68 -
     23724 3bb0 -
     23724 246c -
     23724 8668 -
     23724 6708 -
     23724 1908 -
     23724 3354 -
     23724 6fe8 -
     23724 31e4 -
     23724 8944 -
     23724 697c -
     23724 3914 -
     23724 5384 -
     23724 528 -
     23724 91d0 -
     23724 9174 -
     23724 9610 -
     23724 7f88 -
     23724 6898 -
     23724 9bf4 -
     23724 719c -
     23724 4480 -
     23724 8f20 -
     23724 8640 -
     23724 b94 -
     23724 1380 -
     23724 959c -
     23724 2854 -
     23724 211c -
     23724 1f5c -
     23724 3e1c -
     23724 53e8 -
     23724 3234 -
     23724 3e04 -
     23724 888c -
     23724 704c -
     23724 7b30 -
     23724 7b70 -
     23724 8f70 -
     23724 7520 -
Cleaned out 0 stale readers
mdb reader table full -> cleaning up stale readers. Current readers:
    pid     thread     txnid
     23724 273c -
     23724 6df4 -
     23724 e28 -
     23724 6d24 -
     23724 6254 -
     23724 85a0 -
     23724 791c -
     23724 61c8 -
     23724 6700 -
     23724 18e4 -
     23724 37a8 -
     23724 35c8 -
     23724 27cc -
     23724 49dc -
     23724 94e0 -
     23724 99c0 -
     23724 787c -
     23724 50c -
     23724 48d0 -
     23724 38b0 -
     23724 6470 -
     23724 542c -
     23724 3fe8 -
     23724 3c74 -
     23724 4c5c -
     23724 23a8 -
     23724 4a90 -
     23724 6fa8 -
     23724 8fb8 -
     23724 713c -
     23724 44b8 -
     23724 33cc -
     23724 3498 -
     23724 6bbc -
     23724 48d4 -
     23724 8348 -
     23724 5fac -
     23724 4d2c -
     23724 20ac -
     23724 357c -
     23724 b6c -
     23724 9580 -
     23724 2344 -
     23724 5f74 -
     23724 8174 -
     23724 7094 -
     23724 8950 -
     23724 41fc -
     23724 1bdc -
     23724 82bc -
     23724 c20 -
     23724 931c -
     23724 4cf8 -
     23724 1e38 -
     23724 758c -
     23724 350c -
     23724 61b8 -
     23724 4910 -
     23724 93b8 -
     23724 7fc8 -
     23724 1324 -
     23724 4e7c -
     23724 4df8 -
     23724 3a68 -
     23724 c08 -
     23724 4314 -
     23724 617c -
     23724 d74 -
     23724 2510 -
     23724 7778 -
     23724 5d1c -
     23724 72bc -
     23724 31f4 -
     23724 64e8 -
     23724 8c50 -
     23724 5c2c -
     23724 46a0 -
     23724 2b24 -
     23724 7e44 -
     23724 76c0 -
     23724 db0 -
     23724 8eec -
     23724 66e0 -
     23724 4608 -
     23724 8404 -
     23724 679c -
     23724 7e68 -
     23724 3bb0 -
     23724 246c -
     23724 8668 -
     23724 6708 -
     23724 1908 -
     23724 3354 -
     23724 6fe8 -
     23724 31e4 -
     23724 8944 -
     23724 697c -
     23724 3914 -
     23724 5384 -
     23724 528 -
     23724 91d0 -
     23724 9174 -
     23724 9610 -
     23724 7f88 -
     23724 6898 -
     23724 9bf4 -
     23724 719c -
     23724 4480 -
     23724 8f20 -
     23724 8640 -
     23724 b94 -
     23724 1380 -
     23724 959c -
     23724 2854 -
     23724 211c -
     23724 1f5c -
     23724 3e1c -
     23724 53e8 -
     23724 3234 -
     23724 3e04 -
     23724 888c -
     23724 704c -
     23724 7b30 -
     23724 7b70 -
     23724 8f70 -
     23724 7520 -
Cleaned out 0 stale readers
Cannot open transaction. Error -30790 (aborting errors true)
Asset database transaction committed twice!
Assertion failed on expression: 'errors == MDB_SUCCESS || errors == MDB_NOTFOUND'
mdb reader table full -> cleaning up stale readers. Current readers:
    pid     thread     txnid
     23724 273c -
     23724 6df4 -
     23724 e28 -
     23724 6d24 -
     23724 6254 -
     23724 85a0 -
     23724 791c -
     23724 61c8 -
     23724 6700 -
     23724 18e4 -
     23724 37a8 -
     23724 35c8 -
     23724 27cc -
     23724 49dc -
     23724 94e0 -
     23724 99c0 -
     23724 787c -
     23724 50c -
     23724 48d0 -
     23724 38b0 -
     23724 6470 -
     23724 542c -
     23724 3fe8 -
     23724 3c74 -
     23724 4c5c -
     23724 23a8 -
     23724 4a90 -
     23724 6fa8 -
     23724 8fb8 -
     23724 713c -
     23724 44b8 -
     23724 33cc -
     23724 3498 -
     23724 6bbc -
     23724 48d4 -
     23724 8348 -
     23724 5fac -
     23724 4d2c -
     23724 20ac -
     23724 357c -
     23724 b6c -
     23724 9580 -
     23724 2344 -
     23724 5f74 -
     23724 8174 -
     23724 7094 -
     23724 8950 -
     23724 41fc -
     23724 1bdc -
     23724 82bc -
     23724 c20 -
     23724 931c -
     23724 4cf8 -
     23724 1e38 -
     23724 758c -
     23724 350c -
     23724 61b8 -
     23724 4910 -
     23724 93b8 -
     23724 7fc8 -
     23724 1324 -
     23724 4e7c -
     23724 4df8 -
     23724 3a68 -
     23724 c08 -
     23724 4314 -
     23724 617c -
     23724 d74 -
     23724 2510 -
     23724 7778 -
     23724 5d1c -
     23724 72bc -
     23724 31f4 -
     23724 64e8 -
     23724 8c50 -
     23724 5c2c -
     23724 46a0 -
     23724 2b24 -
     23724 7e44 -
     23724 76c0 -
     23724 db0 -
     23724 8eec -
     23724 66e0 -
     23724 4608 -
     23724 8404 -
     23724 679c -
     23724 7e68 -
     23724 3bb0 -
     23724 246c -
     23724 8668 -
     23724 6708 -
     23724 1908 -
     23724 3354 -
     23724 6fe8 -
     23724 31e4 -
     23724 8944 -
     23724 697c -
     23724 3914 -
     23724 5384 -
     23724 528 -
     23724 91d0 -
     23724 9174 -
     23724 9610 -
     23724 7f88 -
     23724 6898 -
     23724 9bf4 -
     23724 719c -
     23724 4480 -
     23724 8f20 -
     23724 8640 -
     23724 b94 -
     23724 1380 -
     23724 959c -
     23724 2854 -
     23724 211c -
     23724 1f5c -
     23724 3e1c -
     23724 53e8 -
     23724 3234 -
     23724 3e04 -
     23724 888c -
     23724 704c -
     23724 7b30 -
     23724 7b70 -
     23724 8f70 -
     23724 7520 -
Cleaned out 0 stale readers
mdb reader table full -> cleaning up stale readers. Current readers:
    pid     thread     txnid
     23724 273c -
     23724 6df4 -
     23724 e28 -
     23724 6d24 -
     23724 6254 -
     23724 85a0 -
     23724 791c -
     23724 61c8 -
     23724 6700 -
     23724 18e4 -
     23724 37a8 -
     23724 35c8 -
     23724 27cc -
     23724 49dc -
     23724 94e0 -
     23724 99c0 -
     23724 787c -
     23724 50c -
     23724 48d0 -
     23724 38b0 -
     23724 6470 -
     23724 542c -
     23724 3fe8 -
     23724 3c74 -
     23724 4c5c -
     23724 23a8 -
     23724 4a90 -
     23724 6fa8 -
     23724 8fb8 -
     23724 713c -
     23724 44b8 -
     23724 33cc -
     23724 3498 -
     23724 6bbc -
     23724 48d4 -
     23724 8348 -
     23724 5fac -
     23724 4d2c -
     23724 20ac -
     23724 357c -
     23724 b6c -
     23724 9580 -
     23724 2344 -
     23724 5f74 -
     23724 8174 -
     23724 7094 -
     23724 8950 -
     23724 41fc -
     23724 1bdc -
     23724 82bc -
     23724 c20 -
     23724 931c -
     23724 4cf8 -
     23724 1e38 -
     23724 758c -
     23724 350c -
     23724 61b8 -
     23724 4910 -
     23724 93b8 -
     23724 7fc8 -
     23724 1324 -
     23724 4e7c -
     23724 4df8 -
     23724 3a68 -
     23724 c08 -
     23724 4314 -
     23724 617c -
     23724 d74 -
     23724 2510 -
     23724 7778 -
     23724 5d1c -
     23724 72bc -
     23724 31f4 -
     23724 64e8 -
     23724 8c50 -
     23724 5c2c -
     23724 46a0 -
     23724 2b24 -
     23724 7e44 -
     23724 76c0 -
     23724 db0 -
     23724 8eec -
     23724 66e0 -
     23724 4608 -
     23724 8404 -
     23724 679c -
     23724 7e68 -
     23724 3bb0 -
     23724 246c -
     23724 8668 -
     23724 6708 -
     23724 1908 -
     23724 3354 -
     23724 6fe8 -
     23724 31e4 -
     23724 8944 -
     23724 697c -
     23724 3914 -
     23724 5384 -
     23724 528 -
     23724 91d0 -
     23724 9174 -
     23724 9610 -
     23724 7f88 -
     23724 6898 -
     23724 9bf4 -
     23724 719c -
     23724 4480 -
     23724 8f20 -
     23724 8640 -
     23724 b94 -
     23724 1380 -
     23724 959c -
     23724 2854 -
     23724 211c -
     23724 1f5c -
     23724 3e1c -
     23724 53e8 -
     23724 3234 -
     23724 3e04 -
     23724 888c -
     23724 704c -
     23724 7b30 -
     23724 7b70 -
     23724 8f70 -
     23724 7520 -
Cleaned out 0 stale readers
mdb reader table full -> cleaning up stale readers. Current readers:
    pid     thread     txnid
     23724 273c -
     23724 6df4 -
     23724 e28 -
     23724 6d24 -
     23724 6254 -
     23724 85a0 -
     23724 791c -
     23724 61c8 -
     23724 6700 -
     23724 18e4 -
     23724 37a8 -
     23724 35c8 -
     23724 27cc -
     23724 49dc -
     23724 94e0 -
     23724 99c0 -
     23724 787c -
     23724 50c -
     23724 48d0 -
     23724 38b0 -
     23724 6470 -
     23724 542c -
     23724 3fe8 -
     23724 3c74 -
     23724 4c5c -
     23724 23a8 -
     23724 4a90 -
     23724 6fa8 -
     23724 8fb8 -
     23724 713c -
     23724 44b8 -
     23724 33cc -
     23724 3498 -
     23724 6bbc -
     23724 48d4 -
     23724 8348 -
     23724 5fac -
     23724 4d2c -
     23724 20ac -
     23724 357c -
     23724 b6c -
     23724 9580 -
     23724 2344 -
     23724 5f74 -
     23724 8174 -
     23724 7094 -
     23724 8950 -
     23724 41fc -
     23724 1bdc -
     23724 82bc -
     23724 c20 -
     23724 931c -
     23724 4cf8 -
     23724 1e38 -
     23724 758c -
     23724 350c -
     23724 61b8 -
     23724 4910 -
     23724 93b8 -
     23724 7fc8 -
     23724 1324 -
     23724 4e7c -
     23724 4df8 -
     23724 3a68 -
     23724 c08 -
     23724 4314 -
     23724 617c -
     23724 d74 -
     23724 2510 -
     23724 7778 -
     23724 5d1c -
     23724 72bc -
     23724 31f4 -
     23724 64e8 -
     23724 8c50 -
     23724 5c2c -
     23724 46a0 -
     23724 2b24 -
     23724 7e44 -
     23724 76c0 -
     23724 db0 -
     23724 8eec -
     23724 66e0 -
     23724 4608 -
     23724 8404 -
     23724 679c -
     23724 7e68 -
     23724 3bb0 -
     23724 246c -
     23724 8668 -
     23724 6708 -
     23724 1908 -
     23724 3354 -
     23724 6fe8 -
     23724 31e4 -
     23724 8944 -
     23724 697c -
     23724 3914 -
     23724 5384 -
     23724 528 -
     23724 91d0 -
     23724 9174 -
     23724 9610 -
     23724 7f88 -
     23724 6898 -
     23724 9bf4 -
     23724 719c -
     23724 4480 -
     23724 8f20 -
     23724 8640 -
     23724 b94 -
     23724 1380 -
     23724 959c -
     23724 2854 -
     23724 211c -
     23724 1f5c -
     23724 3e1c -
     23724 53e8 -
     23724 3234 -
     23724 3e04 -
     23724 888c -
     23724 704c -
     23724 7b30 -
     23724 7b70 -
     23724 8f70 -
     23724 7520 -
Cleaned out 0 stale readers
mdb reader table full -> cleaning up stale readers. Current readers:
    pid     thread     txnid
     23724 273c -
     23724 6df4 -
     23724 e28 -
     23724 6d24 -
     23724 6254 -
     23724 85a0 -
     23724 791c -
     23724 61c8 -
     23724 6700 -
     23724 18e4 -
     23724 37a8 -
     23724 35c8 -
     23724 27cc -
     23724 49dc -
     23724 94e0 -
     23724 99c0 -
     23724 787c -
     23724 50c -
     23724 48d0 -
     23724 38b0 -
     23724 6470 -
     23724 542c -
     23724 3fe8 -
     23724 3c74 -
     23724 4c5c -
     23724 23a8 -
     23724 4a90 -
     23724 6fa8 -
     23724 8fb8 -
     23724 713c -
     23724 44b8 -
     23724 33cc -
     23724 3498 -
     23724 6bbc -
     23724 48d4 -
     23724 8348 -
     23724 5fac -
     23724 4d2c -
     23724 20ac -
     23724 357c -
     23724 b6c -
     23724 9580 -
     23724 2344 -
     23724 5f74 -
     23724 8174 -
     23724 7094 -
     23724 8950 -
     23724 41fc -
     23724 1bdc -
     23724 82bc -
     23724 c20 -
     23724 931c -
     23724 4cf8 -
     23724 1e38 -
     23724 758c -
     23724 350c -
     23724 61b8 -
     23724 4910 -
     23724 93b8 -
     23724 7fc8 -
     23724 1324 -
     23724 4e7c -
     23724 4df8 -
     23724 3a68 -
     23724 c08 -
     23724 4314 -
     23724 617c -
     23724 d74 -
     23724 2510 -
     23724 7778 -
     23724 5d1c -
     23724 72bc -
     23724 31f4 -
     23724 64e8 -
     23724 8c50 -
     23724 5c2c -
     23724 46a0 -
     23724 2b24 -
     23724 7e44 -
     23724 76c0 -
     23724 db0 -
     23724 8eec -
     23724 66e0 -
     23724 4608 -
     23724 8404 -
     23724 679c -
     23724 7e68 -
     23724 3bb0 -
     23724 246c -
     23724 8668 -
     23724 6708 -
     23724 1908 -
     23724 3354 -
     23724 6fe8 -
     23724 31e4 -
     23724 8944 -
     23724 697c -
     23724 3914 -
     23724 5384 -
     23724 528 -
     23724 91d0 -
     23724 9174 -
     23724 9610 -
     23724 7f88 -
     23724 6898 -
     23724 9bf4 -
     23724 719c -
     23724 4480 -
     23724 8f20 -
     23724 8640 -
     23724 b94 -
     23724 1380 -
     23724 959c -
     23724 2854 -
     23724 211c -
     23724 1f5c -
     23724 3e1c -
     23724 53e8 -
     23724 3234 -
     23724 3e04 -
     23724 888c -
     23724 704c -
     23724 7b30 -
     23724 7b70 -
     23724 8f70 -
     23724 7520 -
Cleaned out 0 stale readers
mdb reader table full -> cleaning up stale readers. Current readers:
    pid     thread     txnid
     23724 273c -
     23724 6df4 -
     23724 e28 -
     23724 6d24 -
     23724 6254 -
     23724 85a0 -
     23724 791c -
     23724 61c8 -
     23724 6700 -
     23724 18e4 -
     23724 37a8 -
     23724 35c8 -
     23724 27cc -
     23724 49dc -
     23724 94e0 -
     23724 99c0 -
     23724 787c -
     23724 50c -
     23724 48d0 -
     23724 38b0 -
     23724 6470 -
     23724 542c -
     23724 3fe8 -
     23724 3c74 -
     23724 4c5c -
     23724 23a8 -
     23724 4a90 -
     23724 6fa8 -
     23724 8fb8 -
     23724 713c -
     23724 44b8 -
     23724 33cc -
     23724 3498 -
     23724 6bbc -
     23724 48d4 -
     23724 8348 -
     23724 5fac -
     23724 4d2c -
     23724 20ac -
     23724 357c -
     23724 b6c -
     23724 9580 -
     23724 2344 -
     23724 5f74 -
     23724 8174 -
     23724 7094 -
     23724 8950 -
     23724 41fc -
     23724 1bdc -
     23724 82bc -
     23724 c20 -
     23724 931c -
     23724 4cf8 -
     23724 1e38 -
     23724 758c -
     23724 350c -
     23724 61b8 -
     23724 4910 -
     23724 93b8 -
     23724 7fc8 -
     23724 1324 -
     23724 4e7c -
     23724 4df8 -
     23724 3a68 -
     23724 c08 -
     23724 4314 -
     23724 617c -
     23724 d74 -
     23724 2510 -
     23724 7778 -
     23724 5d1c -
     23724 72bc -
     23724 31f4 -
     23724 64e8 -
     23724 8c50 -
     23724 5c2c -
     23724 46a0 -
     23724 2b24 -
     23724 7e44 -
     23724 76c0 -
     23724 db0 -
     23724 8eec -
     23724 66e0 -
     23724 4608 -
     23724 8404 -
     23724 679c -
     23724 7e68 -
     23724 3bb0 -
     23724 246c -
     23724 8668 -
     23724 6708 -
     23724 1908 -
     23724 3354 -
     23724 6fe8 -
     23724 31e4 -
     23724 8944 -
     23724 697c -
     23724 3914 -
     23724 5384 -
     23724 528 -
     23724 91d0 -
     23724 9174 -
     23724 9610 -
     23724 7f88 -
     23724 6898 -
     23724 9bf4 -
     23724 719c -
     23724 4480 -
     23724 8f20 -
     23724 8640 -
     23724 b94 -
     23724 1380 -
     23724 959c -
     23724 2854 -
     23724 211c -
     23724 1f5c -
     23724 3e1c -
     23724 53e8 -
     23724 3234 -
     23724 3e04 -
     23724 888c -
     23724 704c -
     23724 7b30 -
     23724 7b70 -
     23724 8f70 -
     23724 7520 -
Cleaned out 0 stale readers
mdb reader table full -> cleaning up stale readers. Current readers:
    pid     thread     txnid
     23724 273c -
     23724 6df4 -
     23724 e28 -
     23724 6d24 -
     23724 6254 -
     23724 85a0 -
     23724 791c -
     23724 61c8 -
     23724 6700 -
     23724 18e4 -
     23724 37a8 -
     23724 35c8 -
     23724 27cc -
     23724 49dc -
     23724 94e0 -
     23724 99c0 -
     23724 787c -
     23724 50c -
     23724 48d0 -
     23724 38b0 -
     23724 6470 -
     23724 542c -
     23724 3fe8 -
     23724 3c74 -
     23724 4c5c -
     23724 23a8 -
     23724 4a90 -
     23724 6fa8 -
     23724 8fb8 -
     23724 713c -
     23724 44b8 -
     23724 33cc -
     23724 3498 -
     23724 6bbc -
     23724 48d4 -
     23724 8348 -
     23724 5fac -
     23724 4d2c -
     23724 20ac -
     23724 357c -
     23724 b6c -
     23724 9580 -
     23724 2344 -
     23724 5f74 -
     23724 8174 -
     23724 7094 -
     23724 8950 -
     23724 41fc -
     23724 1bdc -
     23724 82bc -
     23724 c20 -
     23724 931c -
     23724 4cf8 -
     23724 1e38 -
     23724 758c -
     23724 350c -
     23724 61b8 -
     23724 4910 -
     23724 93b8 -
     23724 7fc8 -
     23724 1324 -
     23724 4e7c -
     23724 4df8 -
     23724 3a68 -
     23724 c08 -
     23724 4314 -
     23724 617c -
     23724 d74 -
     23724 2510 -
     23724 7778 -
     23724 5d1c -
     23724 72bc -
     23724 31f4 -
     23724 64e8 -
     23724 8c50 -
     23724 5c2c -
     23724 46a0 -
     23724 2b24 -
     23724 7e44 -
     23724 76c0 -
     23724 db0 -
     23724 8eec -
     23724 66e0 -
     23724 4608 -
     23724 8404 -
     23724 679c -
     23724 7e68 -
     23724 3bb0 -
     23724 246c -
     23724 8668 -
     23724 6708 -
     23724 1908 -
     23724 3354 -
     23724 6fe8 -
     23724 31e4 -
     23724 8944 -
     23724 697c -
     23724 3914 -
     23724 5384 -
     23724 528 -
     23724 91d0 -
     23724 9174 -
     23724 9610 -
     23724 7f88 -
     23724 6898 -
     23724 9bf4 -
     23724 719c -
     23724 4480 -
     23724 8f20 -
     23724 8640 -
     23724 b94 -
     23724 1380 -
     23724 959c -
     23724 2854 -
     23724 211c -
     23724 1f5c -
     23724 3e1c -
     23724 53e8 -
     23724 3234 -
     23724 3e04 -
     23724 888c -
     23724 704c -
     23724 7b30 -
     23724 7b70 -
     23724 8f70 -
     23724 7520 -
Cleaned out 0 stale readers
Cannot open transaction. Error -30790 (aborting errors true)
Asset database transaction committed twice!
Assertion failed on expression: 'errors == MDB_SUCCESS || errors == MDB_NOTFOUND'
mdb reader table full -> cleaning up stale readers. Current readers:
    pid     thread     txnid
     23724 273c -
     23724 6df4 -
     23724 e28 -
     23724 6d24 -
     23724 6254 -
     23724 85a0 -
     23724 791c -
     23724 61c8 -
     23724 6700 -
     23724 18e4 -
     23724 37a8 -
     23724 35c8 -
     23724 27cc -
     23724 49dc -
     23724 94e0 -
     23724 99c0 -
     23724 787c -
     23724 50c -
     23724 48d0 -
     23724 38b0 -
     23724 6470 -
     23724 542c -
     23724 3fe8 -
     23724 3c74 -
     23724 4c5c -
     23724 23a8 -
     23724 4a90 -
     23724 6fa8 -
     23724 8fb8 -
     23724 713c -
     23724 44b8 -
     23724 33cc -
     23724 3498 -
     23724 6bbc -
     23724 48d4 -
     23724 8348 -
     23724 5fac -
     23724 4d2c -
     23724 20ac -
     23724 357c -
     23724 b6c -
     23724 9580 -
     23724 2344 -
     23724 5f74 -
     23724 8174 -
     23724 7094 -
     23724 8950 -
     23724 41fc -
     23724 1bdc -
     23724 82bc -
     23724 c20 -
     23724 931c -
     23724 4cf8 -
     23724 1e38 -
     23724 758c -
     23724 350c -
     23724 61b8 -
     23724 4910 -
     23724 93b8 -
     23724 7fc8 -
     23724 1324 -
     23724 4e7c -
     23724 4df8 -
     23724 3a68 -
     23724 c08 -
     23724 4314 -
     23724 617c -
     23724 d74 -
     23724 2510 -
     23724 7778 -
     23724 5d1c -
     23724 72bc -
     23724 31f4 -
     23724 64e8 -
     23724 8c50 -
     23724 5c2c -
     23724 46a0 -
     23724 2b24 -
     23724 7e44 -
     23724 76c0 -
     23724 db0 -
     23724 8eec -
     23724 66e0 -
     23724 4608 -
     23724 8404 -
     23724 679c -
     23724 7e68 -
     23724 3bb0 -
     23724 246c -
     23724 8668 -
     23724 6708 -
     23724 1908 -
     23724 3354 -
     23724 6fe8 -
     23724 31e4 -
     23724 8944 -
     23724 697c -
     23724 3914 -
     23724 5384 -
     23724 528 -
     23724 91d0 -
     23724 9174 -
     23724 9610 -
     23724 7f88 -
     23724 6898 -
     23724 9bf4 -
     23724 719c -
     23724 4480 -
     23724 8f20 -
     23724 8640 -
     23724 b94 -
     23724 1380 -
     23724 959c -
     23724 2854 -
     23724 211c -
     23724 1f5c -
     23724 3e1c -
     23724 53e8 -
     23724 3234 -
     23724 3e04 -
     23724 888c -
     23724 704c -
     23724 7b30 -
     23724 7b70 -
     23724 8f70 -
     23724 7520 -
Cleaned out 0 stale readers
mdb reader table full -> cleaning up stale readers. Current readers:
    pid     thread     txnid
     23724 273c -
     23724 6df4 -
     23724 e28 -
     23724 6d24 -
     23724 6254 -
     23724 85a0 -
     23724 791c -
     23724 61c8 -
     23724 6700 -
     23724 18e4 -
     23724 37a8 -
     23724 35c8 -
     23724 27cc -
     23724 49dc -
     23724 94e0 -
     23724 99c0 -
     23724 787c -
     23724 50c -
     23724 48d0 -
     23724 38b0 -
     23724 6470 -
     23724 542c -
     23724 3fe8 -
     23724 3c74 -
     23724 4c5c -
     23724 23a8 -
     23724 4a90 -
     23724 6fa8 -
     23724 8fb8 -
     23724 713c -
     23724 44b8 -
     23724 33cc -
     23724 3498 -
     23724 6bbc -
     23724 48d4 -
     23724 8348 -
     23724 5fac -
     23724 4d2c -
     23724 20ac -
     23724 357c -
     23724 b6c -
     23724 9580 -
     23724 2344 -
     23724 5f74 -
     23724 8174 -
     23724 7094 -
     23724 8950 -
     23724 41fc -
     23724 1bdc -
     23724 82bc -
     23724 c20 -
     23724 931c -
     23724 4cf8 -
     23724 1e38 -
     23724 758c -
     23724 350c -
     23724 61b8 -
     23724 4910 -
     23724 93b8 -
     23724 7fc8 -
     23724 1324 -
     23724 4e7c -
     23724 4df8 -
     23724 3a68 -
     23724 c08 -
     23724 4314 -
     23724 617c -
     23724 d74 -
     23724 2510 -
     23724 7778 -
     23724 5d1c -
     23724 72bc -
     23724 31f4 -
     23724 64e8 -
     23724 8c50 -
     23724 5c2c -
     23724 46a0 -
     23724 2b24 -
     23724 7e44 -
     23724 76c0 -
     23724 db0 -
     23724 8eec -
     23724 66e0 -
     23724 4608 -
     23724 8404 -
     23724 679c -
     23724 7e68 -
     23724 3bb0 -
     23724 246c -
     23724 8668 -
     23724 6708 -
     23724 1908 -
     23724 3354 -
     23724 6fe8 -
     23724 31e4 -
     23724 8944 -
     23724 697c -
     23724 3914 -
     23724 5384 -
     23724 528 -
     23724 91d0 -
     23724 9174 -
     23724 9610 -
     23724 7f88 -
     23724 6898 -
     23724 9bf4 -
     23724 719c -
     23724 4480 -
     23724 8f20 -
     23724 8640 -
     23724 b94 -
     23724 1380 -
     23724 959c -
     23724 2854 -
     23724 211c -
     23724 1f5c -
     23724 3e1c -
     23724 53e8 -
     23724 3234 -
     23724 3e04 -
     23724 888c -
     23724 704c -
     23724 7b30 -
     23724 7b70 -
     23724 8f70 -
     23724 7520 -
Cleaned out 0 stale readers
mdb reader table full -> cleaning up stale readers. Current readers:
    pid     thread     txnid
     23724 273c -
     23724 6df4 -
     23724 e28 -
     23724 6d24 -
     23724 6254 -
     23724 85a0 -
     23724 791c -
     23724 61c8 -
     23724 6700 -
     23724 18e4 -
     23724 37a8 -
     23724 35c8 -
     23724 27cc -
     23724 49dc -
     23724 94e0 -
     23724 99c0 -
     23724 787c -
     23724 50c -
     23724 48d0 -
     23724 38b0 -
     23724 6470 -
     23724 542c -
     23724 3fe8 -
     23724 3c74 -
     23724 4c5c -
     23724 23a8 -
     23724 4a90 -
     23724 6fa8 -
     23724 8fb8 -
     23724 713c -
     23724 44b8 -
     23724 33cc -
     23724 3498 -
     23724 6bbc -
     23724 48d4 -
     23724 8348 -
     23724 5fac -
     23724 4d2c -
     23724 20ac -
     23724 357c -
     23724 b6c -
     23724 9580 -
     23724 2344 -
     23724 5f74 -
     23724 8174 -
     23724 7094 -
     23724 8950 -
     23724 41fc -
     23724 1bdc -
     23724 82bc -
     23724 c20 -
     23724 931c -
     23724 4cf8 -
     23724 1e38 -
     23724 758c -
     23724 350c -
     23724 61b8 -
     23724 4910 -
     23724 93b8 -
     23724 7fc8 -
     23724 1324 -
     23724 4e7c -
     23724 4df8 -
     23724 3a68 -
     23724 c08 -
     23724 4314 -
     23724 617c -
     23724 d74 -
     23724 2510 -
     23724 7778 -
     23724 5d1c -
     23724 72bc -
     23724 31f4 -
     23724 64e8 -
     23724 8c50 -
     23724 5c2c -
     23724 46a0 -
     23724 2b24 -
     23724 7e44 -
     23724 76c0 -
     23724 db0 -
     23724 8eec -
     23724 66e0 -
     23724 4608 -
     23724 8404 -
     23724 679c -
     23724 7e68 -
     23724 3bb0 -
     23724 246c -
     23724 8668 -
     23724 6708 -
     23724 1908 -
     23724 3354 -
     23724 6fe8 -
     23724 31e4 -
     23724 8944 -
     23724 697c -
     23724 3914 -
     23724 5384 -
     23724 528 -
     23724 91d0 -
     23724 9174 -
     23724 9610 -
     23724 7f88 -
     23724 6898 -
     23724 9bf4 -
     23724 719c -
     23724 4480 -
     23724 8f20 -
     23724 8640 -
     23724 b94 -
     23724 1380 -
     23724 959c -
     23724 2854 -
     23724 211c -
     23724 1f5c -
     23724 3e1c -
     23724 53e8 -
     23724 3234 -
     23724 3e04 -
     23724 888c -
     23724 704c -
     23724 7b30 -
     23724 7b70 -
     23724 8f70 -
     23724 7520 -
Cleaned out 0 stale readers
mdb reader table full -> cleaning up stale readers. Current readers:
    pid     thread     txnid
     23724 273c -
     23724 6df4 -
     23724 e28 -
     23724 6d24 -
     23724 6254 -
     23724 85a0 -
     23724 791c -
     23724 61c8 -
     23724 6700 -
     23724 18e4 -
     23724 37a8 -
     23724 35c8 -
     23724 27cc -
     23724 49dc -
     23724 94e0 -
     23724 99c0 -
     23724 787c -
     23724 50c -
     23724 48d0 -
     23724 38b0 -
     23724 6470 -
     23724 542c -
     23724 3fe8 -
     23724 3c74 -
     23724 4c5c -
     23724 23a8 -
     23724 4a90 -
     23724 6fa8 -
     23724 8fb8 -
     23724 713c -
     23724 44b8 -
     23724 33cc -
     23724 3498 -
     23724 6bbc -
     23724 48d4 -
     23724 8348 -
     23724 5fac -
     23724 4d2c -
     23724 20ac -
     23724 357c -
     23724 b6c -
     23724 9580 -
     23724 2344 -
     23724 5f74 -
     23724 8174 -
     23724 7094 -
     23724 8950 -
     23724 41fc -
     23724 1bdc -
     23724 82bc -
     23724 c20 -
     23724 931c -
     23724 4cf8 -
     23724 1e38 -
     23724 758c -
     23724 350c -
     23724 61b8 -
     23724 4910 -
     23724 93b8 -
     23724 7fc8 -
     23724 1324 -
     23724 4e7c -
     23724 4df8 -
     23724 3a68 -
     23724 c08 -
     23724 4314 -
     23724 617c -
     23724 d74 -
     23724 2510 -
     23724 7778 -
     23724 5d1c -
     23724 72bc -
     23724 31f4 -
     23724 64e8 -
     23724 8c50 -
     23724 5c2c -
     23724 46a0 -
     23724 2b24 -
     23724 7e44 -
     23724 76c0 -
     23724 db0 -
     23724 8eec -
     23724 66e0 -
     23724 4608 -
     23724 8404 -
     23724 679c -
     23724 7e68 -
     23724 3bb0 -
     23724 246c -
     23724 8668 -
     23724 6708 -
     23724 1908 -
     23724 3354 -
     23724 6fe8 -
     23724 31e4 -
     23724 8944 -
     23724 697c -
     23724 3914 -
     23724 5384 -
     23724 528 -
     23724 91d0 -
     23724 9174 -
     23724 9610 -
     23724 7f88 -
     23724 6898 -
     23724 9bf4 -
     23724 719c -
     23724 4480 -
     23724 8f20 -
     23724 8640 -
     23724 b94 -
     23724 1380 -
     23724 959c -
     23724 2854 -
     23724 211c -
     23724 1f5c -
     23724 3e1c -
     23724 53e8 -
     23724 3234 -
     23724 3e04 -
     23724 888c -
     23724 704c -
     23724 7b30 -
     23724 7b70 -
     23724 8f70 -
     23724 7520 -
Cleaned out 0 stale readers
mdb reader table full -> cleaning up stale readers. Current readers:
    pid     thread     txnid
     23724 273c -
     23724 6df4 -
     23724 e28 -
     23724 6d24 -
     23724 6254 -
     23724 85a0 -
     23724 791c -
     23724 61c8 -
     23724 6700 -
     23724 18e4 -
     23724 37a8 -
     23724 35c8 -
     23724 27cc -
     23724 49dc -
     23724 94e0 -
     23724 99c0 -
     23724 787c -
     23724 50c -
     23724 48d0 -
     23724 38b0 -
     23724 6470 -
     23724 542c -
     23724 3fe8 -
     23724 3c74 -
     23724 4c5c -
     23724 23a8 -
     23724 4a90 -
     23724 6fa8 -
     23724 8fb8 -
     23724 713c -
     23724 44b8 -
     23724 33cc -
     23724 3498 -
     23724 6bbc -
     23724 48d4 -
     23724 8348 -
     23724 5fac -
     23724 4d2c -
     23724 20ac -
     23724 357c -
     23724 b6c -
     23724 9580 -
     23724 2344 -
     23724 5f74 -
     23724 8174 -
     23724 7094 -
     23724 8950 -
     23724 41fc -
     23724 1bdc -
     23724 82bc -
     23724 c20 -
     23724 931c -
     23724 4cf8 -
     23724 1e38 -
     23724 758c -
     23724 350c -
     23724 61b8 -
     23724 4910 -
     23724 93b8 -
     23724 7fc8 -
     23724 1324 -
     23724 4e7c -
     23724 4df8 -
     23724 3a68 -
     23724 c08 -
     23724 4314 -
     23724 617c -
     23724 d74 -
     23724 2510 -
     23724 7778 -
     23724 5d1c -
     23724 72bc -
     23724 31f4 -
     23724 64e8 -
     23724 8c50 -
     23724 5c2c -
     23724 46a0 -
     23724 2b24 -
     23724 7e44 -
     23724 76c0 -
     23724 db0 -
     23724 8eec -
     23724 66e0 -
     23724 4608 -
     23724 8404 -
     23724 679c -
     23724 7e68 -
     23724 3bb0 -
     23724 246c -
     23724 8668 -
     23724 6708 -
     23724 1908 -
     23724 3354 -
     23724 6fe8 -
     23724 31e4 -
     23724 8944 -
     23724 697c -
     23724 3914 -
     23724 5384 -
     23724 528 -
     23724 91d0 -
     23724 9174 -
     23724 9610 -
     23724 7f88 -
     23724 6898 -
     23724 9bf4 -
     23724 719c -
     23724 4480 -
     23724 8f20 -
     23724 8640 -
     23724 b94 -
     23724 1380 -
     23724 959c -
     23724 2854 -
     23724 211c -
     23724 1f5c -
     23724 3e1c -
     23724 53e8 -
     23724 3234 -
     23724 3e04 -
     23724 888c -
     23724 704c -
     23724 7b30 -
     23724 7b70 -
     23724 8f70 -
     23724 7520 -
Cleaned out 0 stale readers
mdb reader table full -> cleaning up stale readers. Current readers:
    pid     thread     txnid
     23724 273c -
     23724 6df4 -
     23724 e28 -
     23724 6d24 -
     23724 6254 -
     23724 85a0 -
     23724 791c -
     23724 61c8 -
     23724 6700 -
     23724 18e4 -
     23724 37a8 -
     23724 35c8 -
     23724 27cc -
     23724 49dc -
     23724 94e0 -
     23724 99c0 -
     23724 787c -
     23724 50c -
     23724 48d0 -
     23724 38b0 -
     23724 6470 -
     23724 542c -
     23724 3fe8 -
     23724 3c74 -
     23724 4c5c -
     23724 23a8 -
     23724 4a90 -
     23724 6fa8 -
     23724 8fb8 -
     23724 713c -
     23724 44b8 -
     23724 33cc -
     23724 3498 -
     23724 6bbc -
     23724 48d4 -
     23724 8348 -
     23724 5fac -
     23724 4d2c -
     23724 20ac -
     23724 357c -
     23724 b6c -
     23724 9580 -
     23724 2344 -
     23724 5f74 -
     23724 8174 -
     23724 7094 -
     23724 8950 -
     23724 41fc -
     23724 1bdc -
     23724 82bc -
     23724 c20 -
     23724 931c -
     23724 4cf8 -
     23724 1e38 -
     23724 758c -
     23724 350c -
     23724 61b8 -
     23724 4910 -
     23724 93b8 -
     23724 7fc8 -
     23724 1324 -
     23724 4e7c -
     23724 4df8 -
     23724 3a68 -
     23724 c08 -
     23724 4314 -
     23724 617c -
     23724 d74 -
     23724 2510 -
     23724 7778 -
     23724 5d1c -
     23724 72bc -
     23724 31f4 -
     23724 64e8 -
     23724 8c50 -
     23724 5c2c -
     23724 46a0 -
     23724 2b24 -
     23724 7e44 -
     23724 76c0 -
     23724 db0 -
     23724 8eec -
     23724 66e0 -
     23724 4608 -
     23724 8404 -
     23724 679c -
     23724 7e68 -
     23724 3bb0 -
     23724 246c -
     23724 8668 -
     23724 6708 -
     23724 1908 -
     23724 3354 -
     23724 6fe8 -
     23724 31e4 -
     23724 8944 -
     23724 697c -
     23724 3914 -
     23724 5384 -
     23724 528 -
     23724 91d0 -
     23724 9174 -
     23724 9610 -
     23724 7f88 -
     23724 6898 -
     23724 9bf4 -
     23724 719c -
     23724 4480 -
     23724 8f20 -
     23724 8640 -
     23724 b94 -
     23724 1380 -
     23724 959c -
     23724 2854 -
     23724 211c -
     23724 1f5c -
     23724 3e1c -
     23724 53e8 -
     23724 3234 -
     23724 3e04 -
     23724 888c -
     23724 704c -
     23724 7b30 -
     23724 7b70 -
     23724 8f70 -
     23724 7520 -
Cleaned out 0 stale readers
Cannot open transaction. Error -30790 (aborting errors true)
Asset database transaction committed twice!
Assertion failed on expression: 'errors == MDB_SUCCESS || errors == MDB_NOTFOUND'
mdb reader table full -> cleaning up stale readers. Current readers:
    pid     thread     txnid
     23724 273c -
     23724 6df4 -
     23724 e28 -
     23724 6d24 -
     23724 6254 -
     23724 85a0 -
     23724 791c -
     23724 61c8 -
     23724 6700 -
     23724 18e4 -
     23724 37a8 -
     23724 35c8 -
     23724 27cc -
     23724 49dc -
     23724 94e0 -
     23724 99c0 -
     23724 787c -
     23724 50c -
     23724 48d0 -
     23724 38b0 -
     23724 6470 -
     23724 542c -
     23724 3fe8 -
     23724 3c74 -
     23724 4c5c -
     23724 23a8 -
     23724 4a90 -
     23724 6fa8 -
     23724 8fb8 -
     23724 713c -
     23724 44b8 -
     23724 33cc -
     23724 3498 -
     23724 6bbc -
     23724 48d4 -
     23724 8348 -
     23724 5fac -
     23724 4d2c -
     23724 20ac -
     23724 357c -
     23724 b6c -
     23724 9580 -
     23724 2344 -
     23724 5f74 -
     23724 8174 -
     23724 7094 -
     23724 8950 -
     23724 41fc -
     23724 1bdc -
     23724 82bc -
     23724 c20 -
     23724 931c -
     23724 4cf8 -
     23724 1e38 -
     23724 758c -
     23724 350c -
     23724 61b8 -
     23724 4910 -
     23724 93b8 -
     23724 7fc8 -
     23724 1324 -
     23724 4e7c -
     23724 4df8 -
     23724 3a68 -
     23724 c08 -
     23724 4314 -
     23724 617c -
     23724 d74 -
     23724 2510 -
     23724 7778 -
     23724 5d1c -
     23724 72bc -
     23724 31f4 -
     23724 64e8 -
     23724 8c50 -
     23724 5c2c -
     23724 46a0 -
     23724 2b24 -
     23724 7e44 -
     23724 76c0 -
     23724 db0 -
     23724 8eec -
     23724 66e0 -
     23724 4608 -
     23724 8404 -
     23724 679c -
     23724 7e68 -
     23724 3bb0 -
     23724 246c -
     23724 8668 -
     23724 6708 -
     23724 1908 -
     23724 3354 -
     23724 6fe8 -
     23724 31e4 -
     23724 8944 -
     23724 697c -
     23724 3914 -
     23724 5384 -
     23724 528 -
     23724 91d0 -
     23724 9174 -
     23724 9610 -
     23724 7f88 -
     23724 6898 -
     23724 9bf4 -
     23724 719c -
     23724 4480 -
     23724 8f20 -
     23724 8640 -
     23724 b94 -
     23724 1380 -
     23724 959c -
     23724 2854 -
     23724 211c -
     23724 1f5c -
     23724 3e1c -
     23724 53e8 -
     23724 3234 -
     23724 3e04 -
     23724 888c -
     23724 704c -
     23724 7b30 -
     23724 7b70 -
     23724 8f70 -
     23724 7520 -
Cleaned out 0 stale readers
mdb reader table full -> cleaning up stale readers. Current readers:
    pid     thread     txnid
     23724 273c -
     23724 6df4 -
     23724 e28 -
     23724 6d24 -
     23724 6254 -
     23724 85a0 -
     23724 791c -
     23724 61c8 -
     23724 6700 -
     23724 18e4 -
     23724 37a8 -
     23724 35c8 -
     23724 27cc -
     23724 49dc -
     23724 94e0 -
     23724 99c0 -
     23724 787c -
     23724 50c -
     23724 48d0 -
     23724 38b0 -
     23724 6470 -
     23724 542c -
     23724 3fe8 -
     23724 3c74 -
     23724 4c5c -
     23724 23a8 -
     23724 4a90 -
     23724 6fa8 -
     23724 8fb8 -
     23724 713c -
     23724 44b8 -
     23724 33cc -
     23724 3498 -
     23724 6bbc -
     23724 48d4 -
     23724 8348 -
     23724 5fac -
     23724 4d2c -
     23724 20ac -
     23724 357c -
     23724 b6c -
     23724 9580 -
     23724 2344 -
     23724 5f74 -
     23724 8174 -
     23724 7094 -
     23724 8950 -
     23724 41fc -
     23724 1bdc -
     23724 82bc -
     23724 c20 -
     23724 931c -
     23724 4cf8 -
     23724 1e38 -
     23724 758c -
     23724 350c -
     23724 61b8 -
     23724 4910 -
     23724 93b8 -
     23724 7fc8 -
     23724 1324 -
     23724 4e7c -
     23724 4df8 -
     23724 3a68 -
     23724 c08 -
     23724 4314 -
     23724 617c -
     23724 d74 -
     23724 2510 -
     23724 7778 -
     23724 5d1c -
     23724 72bc -
     23724 31f4 -
     23724 64e8 -
     23724 8c50 -
     23724 5c2c -
     23724 46a0 -
     23724 2b24 -
     23724 7e44 -
     23724 76c0 -
     23724 db0 -
     23724 8eec -
     23724 66e0 -
     23724 4608 -
     23724 8404 -
     23724 679c -
     23724 7e68 -
     23724 3bb0 -
     23724 246c -
     23724 8668 -
     23724 6708 -
     23724 1908 -
     23724 3354 -
     23724 6fe8 -
     23724 31e4 -
     23724 8944 -
     23724 697c -
     23724 3914 -
     23724 5384 -
     23724 528 -
     23724 91d0 -
     23724 9174 -
     23724 9610 -
     23724 7f88 -
     23724 6898 -
     23724 9bf4 -
     23724 719c -
     23724 4480 -
     23724 8f20 -
     23724 8640 -
     23724 b94 -
     23724 1380 -
     23724 959c -
     23724 2854 -
     23724 211c -
     23724 1f5c -
     23724 3e1c -
     23724 53e8 -
     23724 3234 -
     23724 3e04 -
     23724 888c -
     23724 704c -
     23724 7b30 -
     23724 7b70 -
     23724 8f70 -
     23724 7520 -
Cleaned out 0 stale readers
mdb reader table full -> cleaning up stale readers. Current readers:
    pid     thread     txnid
     23724 273c -
     23724 6df4 -
     23724 e28 -
     23724 6d24 -
     23724 6254 -
     23724 85a0 -
     23724 791c -
     23724 61c8 -
     23724 6700 -
     23724 18e4 -
     23724 37a8 -
     23724 35c8 -
     23724 27cc -
     23724 49dc -
     23724 94e0 -
     23724 99c0 -
     23724 787c -
     23724 50c -
     23724 48d0 -
     23724 38b0 -
     23724 6470 -
     23724 542c -
     23724 3fe8 -
     23724 3c74 -
     23724 4c5c -
     23724 23a8 -
     23724 4a90 -
     23724 6fa8 -
     23724 8fb8 -
     23724 713c -
     23724 44b8 -
     23724 33cc -
     23724 3498 -
     23724 6bbc -
     23724 48d4 -
     23724 8348 -
     23724 5fac -
     23724 4d2c -
     23724 20ac -
     23724 357c -
     23724 b6c -
     23724 9580 -
     23724 2344 -
     23724 5f74 -
     23724 8174 -
     23724 7094 -
     23724 8950 -
     23724 41fc -
     23724 1bdc -
     23724 82bc -
     23724 c20 -
     23724 931c -
     23724 4cf8 -
     23724 1e38 -
     23724 758c -
     23724 350c -
     23724 61b8 -
     23724 4910 -
     23724 93b8 -
     23724 7fc8 -
     23724 1324 -
     23724 4e7c -
     23724 4df8 -
     23724 3a68 -
     23724 c08 -
     23724 4314 -
     23724 617c -
     23724 d74 -
     23724 2510 -
     23724 7778 -
     23724 5d1c -
     23724 72bc -
     23724 31f4 -
     23724 64e8 -
     23724 8c50 -
     23724 5c2c -
     23724 46a0 -
     23724 2b24 -
     23724 7e44 -
     23724 76c0 -
     23724 db0 -
     23724 8eec -
     23724 66e0 -
     23724 4608 -
     23724 8404 -
     23724 679c -
     23724 7e68 -
     23724 3bb0 -
     23724 246c -
     23724 8668 -
     23724 6708 -
     23724 1908 -
     23724 3354 -
     23724 6fe8 -
     23724 31e4 -
     23724 8944 -
     23724 697c -
     23724 3914 -
     23724 5384 -
     23724 528 -
     23724 91d0 -
     23724 9174 -
     23724 9610 -
     23724 7f88 -
     23724 6898 -
     23724 9bf4 -
     23724 719c -
     23724 4480 -
     23724 8f20 -
     23724 8640 -
     23724 b94 -
     23724 1380 -
     23724 959c -
     23724 2854 -
     23724 211c -
     23724 1f5c -
     23724 3e1c -
     23724 53e8 -
     23724 3234 -
     23724 3e04 -
     23724 888c -
     23724 704c -
     23724 7b30 -
     23724 7b70 -
     23724 8f70 -
     23724 7520 -
Cleaned out 0 stale readers
mdb reader table full -> cleaning up stale readers. Current readers:
    pid     thread     txnid
     23724 273c -
     23724 6df4 -
     23724 e28 -
     23724 6d24 -
     23724 6254 -
     23724 85a0 -
     23724 791c -
     23724 61c8 -
     23724 6700 -
     23724 18e4 -
     23724 37a8 -
     23724 35c8 -
     23724 27cc -
     23724 49dc -
     23724 94e0 -
     23724 99c0 -
     23724 787c -
     23724 50c -
     23724 48d0 -
     23724 38b0 -
     23724 6470 -
     23724 542c -
     23724 3fe8 -
     23724 3c74 -
     23724 4c5c -
     23724 23a8 -
     23724 4a90 -
     23724 6fa8 -
     23724 8fb8 -
     23724 713c -
     23724 44b8 -
     23724 33cc -
     23724 3498 -
     23724 6bbc -
     23724 48d4 -
     23724 8348 -
     23724 5fac -
     23724 4d2c -
     23724 20ac -
     23724 357c -
     23724 b6c -
     23724 9580 -
     23724 2344 -
     23724 5f74 -
     23724 8174 -
     23724 7094 -
     23724 8950 -
     23724 41fc -
     23724 1bdc -
     23724 82bc -
     23724 c20 -
     23724 931c -
     23724 4cf8 -
     23724 1e38 -
     23724 758c -
     23724 350c -
     23724 61b8 -
     23724 4910 -
     23724 93b8 -
     23724 7fc8 -
     23724 1324 -
     23724 4e7c -
     23724 4df8 -
     23724 3a68 -
     23724 c08 -
     23724 4314 -
     23724 617c -
     23724 d74 -
     23724 2510 -
     23724 7778 -
     23724 5d1c -
     23724 72bc -
     23724 31f4 -
     23724 64e8 -
     23724 8c50 -
     23724 5c2c -
     23724 46a0 -
     23724 2b24 -
     23724 7e44 -
     23724 76c0 -
     23724 db0 -
     23724 8eec -
     23724 66e0 -
     23724 4608 -
     23724 8404 -
     23724 679c -
     23724 7e68 -
     23724 3bb0 -
     23724 246c -
     23724 8668 -
     23724 6708 -
     23724 1908 -
     23724 3354 -
     23724 6fe8 -
     23724 31e4 -
     23724 8944 -
     23724 697c -
     23724 3914 -
     23724 5384 -
     23724 528 -
     23724 91d0 -
     23724 9174 -
     23724 9610 -
     23724 7f88 -
     23724 6898 -
     23724 9bf4 -
     23724 719c -
     23724 4480 -
     23724 8f20 -
     23724 8640 -
     23724 b94 -
     23724 1380 -
     23724 959c -
     23724 2854 -
     23724 211c -
     23724 1f5c -
     23724 3e1c -
     23724 53e8 -
     23724 3234 -
     23724 3e04 -
     23724 888c -
     23724 704c -
     23724 7b30 -
     23724 7b70 -
     23724 8f70 -
     23724 7520 -
Cleaned out 0 stale readers
mdb reader table full -> cleaning up stale readers. Current readers:
    pid     thread     txnid
     23724 273c -
     23724 6df4 -
     23724 e28 -
     23724 6d24 -
     23724 6254 -
     23724 85a0 -
     23724 791c -
     23724 61c8 -
     23724 6700 -
     23724 18e4 -
     23724 37a8 -
     23724 35c8 -
     23724 27cc -
     23724 49dc -
     23724 94e0 -
     23724 99c0 -
     23724 787c -
     23724 50c -
     23724 48d0 -
     23724 38b0 -
     23724 6470 -
     23724 542c -
     23724 3fe8 -
     23724 3c74 -
     23724 4c5c -
     23724 23a8 -
     23724 4a90 -
     23724 6fa8 -
     23724 8fb8 -
     23724 713c -
     23724 44b8 -
     23724 33cc -
     23724 3498 -
     23724 6bbc -
     23724 48d4 -
     23724 8348 -
     23724 5fac -
     23724 4d2c -
     23724 20ac -
     23724 357c -
     23724 b6c -
     23724 9580 -
     23724 2344 -
     23724 5f74 -
     23724 8174 -
     23724 7094 -
     23724 8950 -
     23724 41fc -
     23724 1bdc -
     23724 82bc -
     23724 c20 -
     23724 931c -
     23724 4cf8 -
     23724 1e38 -
     23724 758c -
     23724 350c -
     23724 61b8 -
     23724 4910 -
     23724 93b8 -
     23724 7fc8 -
     23724 1324 -
     23724 4e7c -
     23724 4df8 -
     23724 3a68 -
     23724 c08 -
     23724 4314 -
     23724 617c -
     23724 d74 -
     23724 2510 -
     23724 7778 -
     23724 5d1c -
     23724 72bc -
     23724 31f4 -
     23724 64e8 -
     23724 8c50 -
     23724 5c2c -
     23724 46a0 -
     23724 2b24 -
     23724 7e44 -
     23724 76c0 -
     23724 db0 -
     23724 8eec -
     23724 66e0 -
     23724 4608 -
     23724 8404 -
     23724 679c -
     23724 7e68 -
     23724 3bb0 -
     23724 246c -
     23724 8668 -
     23724 6708 -
     23724 1908 -
     23724 3354 -
     23724 6fe8 -
     23724 31e4 -
     23724 8944 -
     23724 697c -
     23724 3914 -
     23724 5384 -
     23724 528 -
     23724 91d0 -
     23724 9174 -
     23724 9610 -
     23724 7f88 -
     23724 6898 -
     23724 9bf4 -
     23724 719c -
     23724 4480 -
     23724 8f20 -
     23724 8640 -
     23724 b94 -
     23724 1380 -
     23724 959c -
     23724 2854 -
     23724 211c -
     23724 1f5c -
     23724 3e1c -
     23724 53e8 -
     23724 3234 -
     23724 3e04 -
     23724 888c -
     23724 704c -
     23724 7b30 -
     23724 7b70 -
     23724 8f70 -
     23724 7520 -
Cleaned out 0 stale readers
mdb reader table full -> cleaning up stale readers. Current readers:
    pid     thread     txnid
     23724 273c -
     23724 6df4 -
     23724 e28 -
     23724 6d24 -
     23724 6254 -
     23724 85a0 -
     23724 791c -
     23724 61c8 -
     23724 6700 -
     23724 18e4 -
     23724 37a8 -
     23724 35c8 -
     23724 27cc -
     23724 49dc -
     23724 94e0 -
     23724 99c0 -
     23724 787c -
     23724 50c -
     23724 48d0 -
     23724 38b0 -
     23724 6470 -
     23724 542c -
     23724 3fe8 -
     23724 3c74 -
     23724 4c5c -
     23724 23a8 -
     23724 4a90 -
     23724 6fa8 -
     23724 8fb8 -
     23724 713c -
     23724 44b8 -
     23724 33cc -
     23724 3498 -
     23724 6bbc -
     23724 48d4 -
     23724 8348 -
     23724 5fac -
     23724 4d2c -
     23724 20ac -
     23724 357c -
     23724 b6c -
     23724 9580 -
     23724 2344 -
     23724 5f74 -
     23724 8174 -
     23724 7094 -
     23724 8950 -
     23724 41fc -
     23724 1bdc -
     23724 82bc -
     23724 c20 -
     23724 931c -
     23724 4cf8 -
     23724 1e38 -
     23724 758c -
     23724 350c -
     23724 61b8 -
     23724 4910 -
     23724 93b8 -
     23724 7fc8 -
     23724 1324 -
     23724 4e7c -
     23724 4df8 -
     23724 3a68 -
     23724 c08 -
     23724 4314 -
     23724 617c -
     23724 d74 -
     23724 2510 -
     23724 7778 -
     23724 5d1c -
     23724 72bc -
     23724 31f4 -
     23724 64e8 -
     23724 8c50 -
     23724 5c2c -
     23724 46a0 -
     23724 2b24 -
     23724 7e44 -
     23724 76c0 -
     23724 db0 -
     23724 8eec -
     23724 66e0 -
     23724 4608 -
     23724 8404 -
     23724 679c -
     23724 7e68 -
     23724 3bb0 -
     23724 246c -
     23724 8668 -
     23724 6708 -
     23724 1908 -
     23724 3354 -
     23724 6fe8 -
     23724 31e4 -
     23724 8944 -
     23724 697c -
     23724 3914 -
     23724 5384 -
     23724 528 -
     23724 91d0 -
     23724 9174 -
     23724 9610 -
     23724 7f88 -
     23724 6898 -
     23724 9bf4 -
     23724 719c -
     23724 4480 -
     23724 8f20 -
     23724 8640 -
     23724 b94 -
     23724 1380 -
     23724 959c -
     23724 2854 -
     23724 211c -
     23724 1f5c -
     23724 3e1c -
     23724 53e8 -
     23724 3234 -
     23724 3e04 -
     23724 888c -
     23724 704c -
     23724 7b30 -
     23724 7b70 -
     23724 8f70 -
     23724 7520 -
Cleaned out 0 stale readers
Cannot open transaction. Error -30790 (aborting errors true)
Asset database transaction committed twice!
Assertion failed on expression: 'errors == MDB_SUCCESS || errors == MDB_NOTFOUND'
mdb reader table full -> cleaning up stale readers. Current readers:
    pid     thread     txnid
     23724 273c -
     23724 6df4 -
     23724 e28 -
     23724 6d24 -
     23724 6254 -
     23724 85a0 -
     23724 791c -
     23724 61c8 -
     23724 6700 -
     23724 18e4 -
     23724 37a8 -
     23724 35c8 -
     23724 27cc -
     23724 49dc -
     23724 94e0 -
     23724 99c0 -
     23724 787c -
     23724 50c -
     23724 48d0 -
     23724 38b0 -
     23724 6470 -
     23724 542c -
     23724 3fe8 -
     23724 3c74 -
     23724 4c5c -
     23724 23a8 -
     23724 4a90 -
     23724 6fa8 -
     23724 8fb8 -
     23724 713c -
     23724 44b8 -
     23724 33cc -
     23724 3498 -
     23724 6bbc -
     23724 48d4 -
     23724 8348 -
     23724 5fac -
     23724 4d2c -
     23724 20ac -
     23724 357c -
     23724 b6c -
     23724 9580 -
     23724 2344 -
     23724 5f74 -
     23724 8174 -
     23724 7094 -
     23724 8950 -
     23724 41fc -
     23724 1bdc -
     23724 82bc -
     23724 c20 -
     23724 931c -
     23724 4cf8 -
     23724 1e38 -
     23724 758c -
     23724 350c -
     23724 61b8 -
     23724 4910 -
     23724 93b8 -
     23724 7fc8 -
     23724 1324 -
     23724 4e7c -
     23724 4df8 -
     23724 3a68 -
     23724 c08 -
     23724 4314 -
     23724 617c -
     23724 d74 -
     23724 2510 -
     23724 7778 -
     23724 5d1c -
     23724 72bc -
     23724 31f4 -
     23724 64e8 -
     23724 8c50 -
     23724 5c2c -
     23724 46a0 -
     23724 2b24 -
     23724 7e44 -
     23724 76c0 -
     23724 db0 -
     23724 8eec -
     23724 66e0 -
     23724 4608 -
     23724 8404 -
     23724 679c -
     23724 7e68 -
     23724 3bb0 -
     23724 246c -
     23724 8668 -
     23724 6708 -
     23724 1908 -
     23724 3354 -
     23724 6fe8 -
     23724 31e4 -
     23724 8944 -
     23724 697c -
     23724 3914 -
     23724 5384 -
     23724 528 -
     23724 91d0 -
     23724 9174 -
     23724 9610 -
     23724 7f88 -
     23724 6898 -
     23724 9bf4 -
     23724 719c -
     23724 4480 -
     23724 8f20 -
     23724 8640 -
     23724 b94 -
     23724 1380 -
     23724 959c -
     23724 2854 -
     23724 211c -
     23724 1f5c -
     23724 3e1c -
     23724 53e8 -
     23724 3234 -
     23724 3e04 -
     23724 888c -
     23724 704c -
     23724 7b30 -
     23724 7b70 -
     23724 8f70 -
     23724 7520 -
Cleaned out 0 stale readers
mdb reader table full -> cleaning up stale readers. Current readers:
    pid     thread     txnid
     23724 273c -
     23724 6df4 -
     23724 e28 -
     23724 6d24 -
     23724 6254 -
     23724 85a0 -
     23724 791c -
     23724 61c8 -
     23724 6700 -
     23724 18e4 -
     23724 37a8 -
     23724 35c8 -
     23724 27cc -
     23724 49dc -
     23724 94e0 -
     23724 99c0 -
     23724 787c -
     23724 50c -
     23724 48d0 -
     23724 38b0 -
     23724 6470 -
     23724 542c -
     23724 3fe8 -
     23724 3c74 -
     23724 4c5c -
     23724 23a8 -
     23724 4a90 -
     23724 6fa8 -
     23724 8fb8 -
     23724 713c -
     23724 44b8 -
     23724 33cc -
     23724 3498 -
     23724 6bbc -
     23724 48d4 -
     23724 8348 -
     23724 5fac -
     23724 4d2c -
     23724 20ac -
     23724 357c -
     23724 b6c -
     23724 9580 -
     23724 2344 -
     23724 5f74 -
     23724 8174 -
     23724 7094 -
     23724 8950 -
     23724 41fc -
     23724 1bdc -
     23724 82bc -
     23724 c20 -
     23724 931c -
     23724 4cf8 -
     23724 1e38 -
     23724 758c -
     23724 350c -
     23724 61b8 -
     23724 4910 -
     23724 93b8 -
     23724 7fc8 -
     23724 1324 -
     23724 4e7c -
     23724 4df8 -
     23724 3a68 -
     23724 c08 -
     23724 4314 -
     23724 617c -
     23724 d74 -
     23724 2510 -
     23724 7778 -
     23724 5d1c -
     23724 72bc -
     23724 31f4 -
     23724 64e8 -
     23724 8c50 -
     23724 5c2c -
     23724 46a0 -
     23724 2b24 -
     23724 7e44 -
     23724 76c0 -
     23724 db0 -
     23724 8eec -
     23724 66e0 -
     23724 4608 -
     23724 8404 -
     23724 679c -
     23724 7e68 -
     23724 3bb0 -
     23724 246c -
     23724 8668 -
     23724 6708 -
     23724 1908 -
     23724 3354 -
     23724 6fe8 -
     23724 31e4 -
     23724 8944 -
     23724 697c -
     23724 3914 -
     23724 5384 -
     23724 528 -
     23724 91d0 -
     23724 9174 -
     23724 9610 -
     23724 7f88 -
     23724 6898 -
     23724 9bf4 -
     23724 719c -
     23724 4480 -
     23724 8f20 -
     23724 8640 -
     23724 b94 -
     23724 1380 -
     23724 959c -
     23724 2854 -
     23724 211c -
     23724 1f5c -
     23724 3e1c -
     23724 53e8 -
     23724 3234 -
     23724 3e04 -
     23724 888c -
     23724 704c -
     23724 7b30 -
     23724 7b70 -
     23724 8f70 -
     23724 7520 -
Cleaned out 0 stale readers
mdb reader table full -> cleaning up stale readers. Current readers:
    pid     thread     txnid
     23724 273c -
     23724 6df4 -
     23724 e28 -
     23724 6d24 -
     23724 6254 -
     23724 85a0 -
     23724 791c -
     23724 61c8 -
     23724 6700 -
     23724 18e4 -
     23724 37a8 -
     23724 35c8 -
     23724 27cc -
     23724 49dc -
     23724 94e0 -
     23724 99c0 -
     23724 787c -
     23724 50c -
     23724 48d0 -
     23724 38b0 -
     23724 6470 -
     23724 542c -
     23724 3fe8 -
     23724 3c74 -
     23724 4c5c -
     23724 23a8 -
     23724 4a90 -
     23724 6fa8 -
     23724 8fb8 -
     23724 713c -
     23724 44b8 -
     23724 33cc -
     23724 3498 -
     23724 6bbc -
     23724 48d4 -
     23724 8348 -
     23724 5fac -
     23724 4d2c -
     23724 20ac -
     23724 357c -
     23724 b6c -
     23724 9580 -
     23724 2344 -
     23724 5f74 -
     23724 8174 -
     23724 7094 -
     23724 8950 -
     23724 41fc -
     23724 1bdc -
     23724 82bc -
     23724 c20 -
     23724 931c -
     23724 4cf8 -
     23724 1e38 -
     23724 758c -
     23724 350c -
     23724 61b8 -
     23724 4910 -
     23724 93b8 -
     23724 7fc8 -
     23724 1324 -
     23724 4e7c -
     23724 4df8 -
     23724 3a68 -
     23724 c08 -
     23724 4314 -
     23724 617c -
     23724 d74 -
     23724 2510 -
     23724 7778 -
     23724 5d1c -
     23724 72bc -
     23724 31f4 -
     23724 64e8 -
     23724 8c50 -
     23724 5c2c -
     23724 46a0 -
     23724 2b24 -
     23724 7e44 -
     23724 76c0 -
     23724 db0 -
     23724 8eec -
     23724 66e0 -
     23724 4608 -
     23724 8404 -
     23724 679c -
     23724 7e68 -
     23724 3bb0 -
     23724 246c -
     23724 8668 -
     23724 6708 -
     23724 1908 -
     23724 3354 -
     23724 6fe8 -
     23724 31e4 -
     23724 8944 -
     23724 697c -
     23724 3914 -
     23724 5384 -
     23724 528 -
     23724 91d0 -
     23724 9174 -
     23724 9610 -
     23724 7f88 -
     23724 6898 -
     23724 9bf4 -
     23724 719c -
     23724 4480 -
     23724 8f20 -
     23724 8640 -
     23724 b94 -
     23724 1380 -
     23724 959c -
     23724 2854 -
     23724 211c -
     23724 1f5c -
     23724 3e1c -
     23724 53e8 -
     23724 3234 -
     23724 3e04 -
     23724 888c -
     23724 704c -
     23724 7b30 -
     23724 7b70 -
     23724 8f70 -
     23724 7520 -
Cleaned out 0 stale readers
mdb reader table full -> cleaning up stale readers. Current readers:
    pid     thread     txnid
     23724 273c -
     23724 6df4 -
     23724 e28 -
     23724 6d24 -
     23724 6254 -
     23724 85a0 -
     23724 791c -
     23724 61c8 -
     23724 6700 -
     23724 18e4 -
     23724 37a8 -
     23724 35c8 -
     23724 27cc -
     23724 49dc -
     23724 94e0 -
     23724 99c0 -
     23724 787c -
     23724 50c -
     23724 48d0 -
     23724 38b0 -
     23724 6470 -
     23724 542c -
     23724 3fe8 -
     23724 3c74 -
     23724 4c5c -
     23724 23a8 -
     23724 4a90 -
     23724 6fa8 -
     23724 8fb8 -
     23724 713c -
     23724 44b8 -
     23724 33cc -
     23724 3498 -
     23724 6bbc -
     23724 48d4 -
     23724 8348 -
     23724 5fac -
     23724 4d2c -
     23724 20ac -
     23724 357c -
     23724 b6c -
     23724 9580 -
     23724 2344 -
     23724 5f74 -
     23724 8174 -
     23724 7094 -
     23724 8950 -
     23724 41fc -
     23724 1bdc -
     23724 82bc -
     23724 c20 -
     23724 931c -
     23724 4cf8 -
     23724 1e38 -
     23724 758c -
     23724 350c -
     23724 61b8 -
     23724 4910 -
     23724 93b8 -
     23724 7fc8 -
     23724 1324 -
     23724 4e7c -
     23724 4df8 -
     23724 3a68 -
     23724 c08 -
     23724 4314 -
     23724 617c -
     23724 d74 -
     23724 2510 -
     23724 7778 -
     23724 5d1c -
     23724 72bc -
     23724 31f4 -
     23724 64e8 -
     23724 8c50 -
     23724 5c2c -
     23724 46a0 -
     23724 2b24 -
     23724 7e44 -
     23724 76c0 -
     23724 db0 -
     23724 8eec -
     23724 66e0 -
     23724 4608 -
     23724 8404 -
     23724 679c -
     23724 7e68 -
     23724 3bb0 -
     23724 246c -
     23724 8668 -
     23724 6708 -
     23724 1908 -
     23724 3354 -
     23724 6fe8 -
     23724 31e4 -
     23724 8944 -
     23724 697c -
     23724 3914 -
     23724 5384 -
     23724 528 -
     23724 91d0 -
     23724 9174 -
     23724 9610 -
     23724 7f88 -
     23724 6898 -
     23724 9bf4 -
     23724 719c -
     23724 4480 -
     23724 8f20 -
     23724 8640 -
     23724 b94 -
     23724 1380 -
     23724 959c -
     23724 2854 -
     23724 211c -
     23724 1f5c -
     23724 3e1c -
     23724 53e8 -
     23724 3234 -
     23724 3e04 -
     23724 888c -
     23724 704c -
     23724 7b30 -
     23724 7b70 -
     23724 8f70 -
     23724 7520 -
Cleaned out 0 stale readers
mdb reader table full -> cleaning up stale readers. Current readers:
    pid     thread     txnid
     23724 273c -
     23724 6df4 -
     23724 e28 -
     23724 6d24 -
     23724 6254 -
     23724 85a0 -
     23724 791c -
     23724 61c8 -
     23724 6700 -
     23724 18e4 -
     23724 37a8 -
     23724 35c8 -
     23724 27cc -
     23724 49dc -
     23724 94e0 -
     23724 99c0 -
     23724 787c -
     23724 50c -
     23724 48d0 -
     23724 38b0 -
     23724 6470 -
     23724 542c -
     23724 3fe8 -
     23724 3c74 -
     23724 4c5c -
     23724 23a8 -
     23724 4a90 -
     23724 6fa8 -
     23724 8fb8 -
     23724 713c -
     23724 44b8 -
     23724 33cc -
     23724 3498 -
     23724 6bbc -
     23724 48d4 -
     23724 8348 -
     23724 5fac -
     23724 4d2c -
     23724 20ac -
     23724 357c -
     23724 b6c -
     23724 9580 -
     23724 2344 -
     23724 5f74 -
     23724 8174 -
     23724 7094 -
     23724 8950 -
     23724 41fc -
     23724 1bdc -
     23724 82bc -
     23724 c20 -
     23724 931c -
     23724 4cf8 -
     23724 1e38 -
     23724 758c -
     23724 350c -
     23724 61b8 -
     23724 4910 -
     23724 93b8 -
     23724 7fc8 -
     23724 1324 -
     23724 4e7c -
     23724 4df8 -
     23724 3a68 -
     23724 c08 -
     23724 4314 -
     23724 617c -
     23724 d74 -
     23724 2510 -
     23724 7778 -
     23724 5d1c -
     23724 72bc -
     23724 31f4 -
     23724 64e8 -
     23724 8c50 -
     23724 5c2c -
     23724 46a0 -
     23724 2b24 -
     23724 7e44 -
     23724 76c0 -
     23724 db0 -
     23724 8eec -
     23724 66e0 -
     23724 4608 -
     23724 8404 -
     23724 679c -
     23724 7e68 -
     23724 3bb0 -
     23724 246c -
     23724 8668 -
     23724 6708 -
     23724 1908 -
     23724 3354 -
     23724 6fe8 -
     23724 31e4 -
     23724 8944 -
     23724 697c -
     23724 3914 -
     23724 5384 -
     23724 528 -
     23724 91d0 -
     23724 9174 -
     23724 9610 -
     23724 7f88 -
     23724 6898 -
     23724 9bf4 -
     23724 719c -
     23724 4480 -
     23724 8f20 -
     23724 8640 -
     23724 b94 -
     23724 1380 -
     23724 959c -
     23724 2854 -
     23724 211c -
     23724 1f5c -
     23724 3e1c -
     23724 53e8 -
     23724 3234 -
     23724 3e04 -
     23724 888c -
     23724 704c -
     23724 7b30 -
     23724 7b70 -
     23724 8f70 -
     23724 7520 -
Cleaned out 0 stale readers
mdb reader table full -> cleaning up stale readers. Current readers:
    pid     thread     txnid
     23724 273c -
     23724 6df4 -
     23724 e28 -
     23724 6d24 -
     23724 6254 -
     23724 85a0 -
     23724 791c -
     23724 61c8 -
     23724 6700 -
     23724 18e4 -
     23724 37a8 -
     23724 35c8 -
     23724 27cc -
     23724 49dc -
     23724 94e0 -
     23724 99c0 -
     23724 787c -
     23724 50c -
     23724 48d0 -
     23724 38b0 -
     23724 6470 -
     23724 542c -
     23724 3fe8 -
     23724 3c74 -
     23724 4c5c -
     23724 23a8 -
     23724 4a90 -
     23724 6fa8 -
     23724 8fb8 -
     23724 713c -
     23724 44b8 -
     23724 33cc -
     23724 3498 -
     23724 6bbc -
     23724 48d4 -
     23724 8348 -
     23724 5fac -
     23724 4d2c -
     23724 20ac -
     23724 357c -
     23724 b6c -
     23724 9580 -
     23724 2344 -
     23724 5f74 -
     23724 8174 -
     23724 7094 -
     23724 8950 -
     23724 41fc -
     23724 1bdc -
     23724 82bc -
     23724 c20 -
     23724 931c -
     23724 4cf8 -
     23724 1e38 -
     23724 758c -
     23724 350c -
     23724 61b8 -
     23724 4910 -
     23724 93b8 -
     23724 7fc8 -
     23724 1324 -
     23724 4e7c -
     23724 4df8 -
     23724 3a68 -
     23724 c08 -
     23724 4314 -
     23724 617c -
     23724 d74 -
     23724 2510 -
     23724 7778 -
     23724 5d1c -
     23724 72bc -
     23724 31f4 -
     23724 64e8 -
     23724 8c50 -
     23724 5c2c -
     23724 46a0 -
     23724 2b24 -
     23724 7e44 -
     23724 76c0 -
     23724 db0 -
     23724 8eec -
     23724 66e0 -
     23724 4608 -
     23724 8404 -
     23724 679c -
     23724 7e68 -
     23724 3bb0 -
     23724 246c -
     23724 8668 -
     23724 6708 -
     23724 1908 -
     23724 3354 -
     23724 6fe8 -
     23724 31e4 -
     23724 8944 -
     23724 697c -
     23724 3914 -
     23724 5384 -
     23724 528 -
     23724 91d0 -
     23724 9174 -
     23724 9610 -
     23724 7f88 -
     23724 6898 -
     23724 9bf4 -
     23724 719c -
     23724 4480 -
     23724 8f20 -
     23724 8640 -
     23724 b94 -
     23724 1380 -
     23724 959c -
     23724 2854 -
     23724 211c -
     23724 1f5c -
     23724 3e1c -
     23724 53e8 -
     23724 3234 -
     23724 3e04 -
     23724 888c -
     23724 704c -
     23724 7b30 -
     23724 7b70 -
     23724 8f70 -
     23724 7520 -
Cleaned out 0 stale readers
